#
# There is insufficient memory for the Java Runtime Environment to continue.
# Native memory allocation (mmap) failed to map 134217728 bytes for Failed to commit area from 0x0000000089400000 to 0x0000000091400000 of length 134217728.
# Possible reasons:
#   The system is out of physical RAM or swap space
#   The process is running with CompressedOops enabled, and the Java Heap may be blocking the growth of the native heap
# Possible solutions:
#   Reduce memory load on the system
#   Increase physical memory or swap space
#   Check if swap backing store is full
#   Decrease Java heap size (-Xmx/-Xms)
#   Decrease number of Java threads
#   Decrease Java thread stack sizes (-Xss)
#   Set larger code cache with -XX:ReservedCodeCacheSize=
#   JVM is running with Unscaled Compressed Oops mode in which the Java heap is
#     placed in the first 4GB address space. The Java Heap base address is the
#     maximum limit for the native heap growth. Please use -XX:HeapBaseMinAddress
#     to set the Java Heap base and to place the Java Heap above 4GB virtual address.
# This output file may be truncated or incomplete.
#
#  Out of Memory Error (t:/workspace/open/src/hotspot/os/windows/os_windows.cpp:3221), pid=3688, tid=7396
#
# JRE version: Java(TM) SE Runtime Environment (10.0.2+13) (build 10.0.2+13)
# Java VM: Java HotSpot(TM) 64-Bit Server VM (10.0.2+13, mixed mode, tiered, compressed oops, g1 gc, windows-amd64)
# No core dump will be written. Minidumps are not enabled by default on client versions of Windows
#

---------------  S U M M A R Y ------------

Command Line: -Dmaven.home=EMBEDDED -Dclassworlds.conf=C:\Users\admin\eclipse-workspace\.metadata\.plugins\org.eclipse.m2e.launching\launches\m2conf6251047448780876030.tmp -Dmaven.multiModuleProjectDirectory=C:\Users\admin\eclipse-workspace\TicketManagementSystem -Dfile.encoding=Cp1252 org.codehaus.plexus.classworlds.launcher.Launcher -B tomcat7:run

Host: Intel(R) Core(TM) i5-8250U CPU @ 1.60GHz, 8 cores, 7G,  Windows 10 , 64 bit Build 17134 (10.0.17134.1)
Time: Fri Jan 11 23:03:10 2019 India Standard Time elapsed time: 12293 seconds (0d 3h 24m 53s)

---------------  T H R E A D  ---------------

Current thread (0x000002c7352a2800):  VMThread "VM Thread" [stack: 0x000000e6cce00000,0x000000e6ccf00000] [id=7396]

Stack: [0x000000e6cce00000,0x000000e6ccf00000]
[error occurred during error reporting (printing stack bounds), id 0xe0000002]

Native frames: (J=compiled Java code, j=interpreted, Vv=VM code, C=native code)
V  [jvm.dll+0x5a01a9]
V  [jvm.dll+0x6bcf31]
V  [jvm.dll+0x6be126]
V  [jvm.dll+0x6be715]
V  [jvm.dll+0x6be6cb]
V  [jvm.dll+0x59f993]
V  [jvm.dll+0x59fda8]
C  [ntdll.dll+0x9f7dd]
C  [ntdll.dll+0xd856]
C  [ntdll.dll+0x9e70e]
C  0x000002c71e9b0ead

VM_Operation (0x000000e6cdefe8a0): G1IncCollectionPause, mode: safepoint, requested by thread 0x000002c73d79e000


---------------  P R O C E S S  ---------------

Threads class SMR info:
_java_thread_list=0x000002c7378b9040, length=14, elements={
0x000002c713621800, 0x000002c7352a7800, 0x000002c7352b8000, 0x000002c7352c0800,
0x000002c735c05800, 0x000002c735c08000, 0x000002c735c09000, 0x000002c735c0d000,
0x000002c735c0d800, 0x000002c735c0e800, 0x000002c735dda000, 0x000002c735dea800,
0x000002c73ccf5000, 0x000002c73d79e000
}

Java Threads: ( => current thread )
  0x000002c713621800 JavaThread "main" [_thread_blocked, id=11236, stack(0x000000e6cb900000,0x000000e6cba00000)]
  0x000002c7352a7800 JavaThread "Reference Handler" daemon [_thread_blocked, id=3208, stack(0x000000e6ccf00000,0x000000e6cd000000)]
  0x000002c7352b8000 JavaThread "Finalizer" daemon [_thread_blocked, id=9836, stack(0x000000e6cd000000,0x000000e6cd100000)]
  0x000002c7352c0800 JavaThread "Signal Dispatcher" daemon [_thread_blocked, id=12060, stack(0x000000e6cd100000,0x000000e6cd200000)]
  0x000002c735c05800 JavaThread "Attach Listener" daemon [_thread_blocked, id=16224, stack(0x000000e6cd200000,0x000000e6cd300000)]
  0x000002c735c08000 JavaThread "C2 CompilerThread0" daemon [_thread_blocked, id=8104, stack(0x000000e6cd300000,0x000000e6cd400000)]
  0x000002c735c09000 JavaThread "C2 CompilerThread1" daemon [_thread_blocked, id=10408, stack(0x000000e6cd400000,0x000000e6cd500000)]
  0x000002c735c0d000 JavaThread "C2 CompilerThread2" daemon [_thread_blocked, id=2280, stack(0x000000e6cd500000,0x000000e6cd600000)]
  0x000002c735c0d800 JavaThread "C1 CompilerThread3" daemon [_thread_blocked, id=13956, stack(0x000000e6cd600000,0x000000e6cd700000)]
  0x000002c735c0e800 JavaThread "Sweeper thread" daemon [_thread_blocked, id=12604, stack(0x000000e6cd700000,0x000000e6cd800000)]
  0x000002c735dda000 JavaThread "Service Thread" daemon [_thread_blocked, id=14720, stack(0x000000e6cd800000,0x000000e6cd900000)]
  0x000002c735dea800 JavaThread "Common-Cleaner" daemon [_thread_blocked, id=3320, stack(0x000000e6cd900000,0x000000e6cda00000)]
  0x000002c73ccf5000 JavaThread "Thread-2" daemon [_thread_in_native, id=2972, stack(0x000000e6cdd00000,0x000000e6cde00000)]
  0x000002c73d79e000 JavaThread "ContainerBackgroundProcessor[StandardEngine[Tomcat]]" daemon [_thread_blocked, id=2288, stack(0x000000e6cde00000,0x000000e6cdf00000)]

Other Threads:
=>0x000002c7352a2800 VMThread "VM Thread" [stack: 0x000000e6cce00000,0x000000e6ccf00000] [id=7396]
  0x000002c735deb800 WatcherThread [stack: 0x000000e6cda00000,0x000000e6cdb00000] [id=5392]
  0x000002c713634800 GCTaskThread "GC Thread#0" [stack: 0x000000e6cba00000,0x000000e6cbb00000] [id=15780]
  0x000002c713637000 GCTaskThread "GC Thread#1" [stack: 0x000000e6cbb00000,0x000000e6cbc00000] [id=13860]
  0x000002c71363f000 GCTaskThread "GC Thread#2" [stack: 0x000000e6cbc00000,0x000000e6cbd00000] [id=13016]
  0x000002c713646800 GCTaskThread "GC Thread#3" [stack: 0x000000e6cbd00000,0x000000e6cbe00000] [id=1516]
  0x000002c713647000 GCTaskThread "GC Thread#4" [stack: 0x000000e6cbe00000,0x000000e6cbf00000] [id=12716]
  0x000002c713647800 GCTaskThread "GC Thread#5" [stack: 0x000000e6cbf00000,0x000000e6cc000000] [id=7800]
  0x000002c713645000 GCTaskThread "GC Thread#6" [stack: 0x000000e6cc000000,0x000000e6cc100000] [id=15316]
  0x000002c713641000 GCTaskThread "GC Thread#7" [stack: 0x000000e6cc100000,0x000000e6cc200000] [id=13776]
  0x000002c7136c0000 ConcurrentGCThread "G1 Main Marker" [stack: 0x000000e6cc200000,0x000000e6cc300000] [id=14376]
  0x000002c713644000 ConcurrentGCThread "G1 Conc#0" [stack: 0x000000e6cc300000,0x000000e6cc400000] [id=3920]
  0x000002c713646000 ConcurrentGCThread "G1 Conc#1" [stack: 0x000000e6cc400000,0x000000e6cc500000] [id=11428]
  0x000002c735116800 ConcurrentGCThread "G1 Refine#0" [stack: 0x000000e6cc500000,0x000000e6cc600000] [id=8340]
  0x000002c73511b000 ConcurrentGCThread "G1 Refine#1" [stack: 0x000000e6cc600000,0x000000e6cc700000] [id=15060]
  0x000002c735123800 ConcurrentGCThread "G1 Refine#2" [stack: 0x000000e6cc700000,0x000000e6cc800000] [id=9028]
  0x000002c713643000 ConcurrentGCThread "G1 Refine#3" [stack: 0x000000e6cc800000,0x000000e6cc900000] [id=15020]
  0x000002c713644800 ConcurrentGCThread "G1 Refine#4" [stack: 0x000000e6cc900000,0x000000e6cca00000] [id=15756]
  0x000002c713640800 ConcurrentGCThread "G1 Refine#5" [stack: 0x000000e6cca00000,0x000000e6ccb00000] [id=3840]
  0x000002c713642000 ConcurrentGCThread "G1 Refine#6" [stack: 0x000000e6ccb00000,0x000000e6ccc00000] [id=1652]
  0x000002c713642800 ConcurrentGCThread "G1 Refine#7" [stack: 0x000000e6ccc00000,0x000000e6ccd00000] [id=14196]
  0x000002c735132800 ConcurrentGCThread "G1 Young RemSet Sampling" [stack: 0x000000e6ccd00000,0x000000e6cce00000] [id=8776]

Threads with active compile tasks:

VM state:at safepoint (normal execution)

VM Mutex/Monitor currently owned by a thread:  ([mutex/lock_event])
[0x000002c71361ef00] Threads_lock - owner thread: 0x000002c7352a2800
[0x000002c71361ed50] Heap_lock - owner thread: 0x000002c73d79e000

Heap address: 0x0000000081400000, size: 2028 MB, Compressed Oops mode: 32-bit
Narrow klass base: 0x0000000000000000, Narrow klass shift: 3
Compressed class space size: 1073741824 Address: 0x0000000100000000

Heap:
 garbage-first heap   total 262144K, used 31610K [0x0000000081400000, 0x0000000100000000)
  region size 1024K, 1 young (1024K), 1 survivors (1024K)
 Metaspace       used 34012K, capacity 36503K, committed 36864K, reserved 1081344K
  class space    used 3524K, capacity 4304K, committed 4480K, reserved 1048576K
Heap Regions: E=young(eden), S=young(survivor), O=old, HS=humongous(starts), HC=humongous(continues), CS=collection set, F=free, A=archive, TS=gc time stamp, AC=allocation context, TAMS=top-at-mark-start (previous, next)
|   0|0x0000000081400000, 0x0000000081500000, 0x0000000081500000|100%| O|  |TS  0|AC  0|TAMS 0x0000000081500000, 0x0000000081500000|
|   1|0x0000000081500000, 0x0000000081600000, 0x0000000081600000|100%| O|  |TS  0|AC  0|TAMS 0x0000000081600000, 0x0000000081600000|
|   2|0x0000000081600000, 0x0000000081700000, 0x0000000081700000|100%| O|  |TS  0|AC  0|TAMS 0x0000000081700000, 0x0000000081700000|
|   3|0x0000000081700000, 0x0000000081800000, 0x0000000081800000|100%| O|  |TS  0|AC  0|TAMS 0x0000000081800000, 0x0000000081800000|
|   4|0x0000000081800000, 0x0000000081900000, 0x0000000081900000|100%| O|  |TS  0|AC  0|TAMS 0x0000000081900000, 0x0000000081900000|
|   5|0x0000000081900000, 0x0000000081a00000, 0x0000000081a00000|100%| O|  |TS  0|AC  0|TAMS 0x0000000081a00000, 0x0000000081a00000|
|   6|0x0000000081a00000, 0x0000000081b00000, 0x0000000081b00000|100%| O|  |TS  0|AC  0|TAMS 0x0000000081b00000, 0x0000000081b00000|
|   7|0x0000000081b00000, 0x0000000081c00000, 0x0000000081c00000|100%| O|  |TS  0|AC  0|TAMS 0x0000000081c00000, 0x0000000081c00000|
|   8|0x0000000081c00000, 0x0000000081d00000, 0x0000000081d00000|100%| O|  |TS  0|AC  0|TAMS 0x0000000081d00000, 0x0000000081d00000|
|   9|0x0000000081d00000, 0x0000000081e00000, 0x0000000081e00000|100%| O|  |TS  0|AC  0|TAMS 0x0000000081e00000, 0x0000000081e00000|
|  10|0x0000000081e00000, 0x0000000081f00000, 0x0000000081f00000|100%| O|  |TS  0|AC  0|TAMS 0x0000000081f00000, 0x0000000081f00000|
|  11|0x0000000081f00000, 0x0000000082000000, 0x0000000082000000|100%| O|  |TS  0|AC  0|TAMS 0x0000000082000000, 0x0000000082000000|
|  12|0x0000000082000000, 0x0000000082100000, 0x0000000082100000|100%| O|  |TS  0|AC  0|TAMS 0x0000000082100000, 0x0000000082100000|
|  13|0x0000000082100000, 0x0000000082200000, 0x0000000082200000|100%| O|  |TS  0|AC  0|TAMS 0x0000000082200000, 0x0000000082200000|
|  14|0x0000000082200000, 0x0000000082300000, 0x0000000082300000|100%| O|  |TS  0|AC  0|TAMS 0x0000000082300000, 0x0000000082300000|
|  15|0x0000000082300000, 0x0000000082400000, 0x0000000082400000|100%| O|  |TS  0|AC  0|TAMS 0x0000000082400000, 0x0000000082400000|
|  16|0x0000000082400000, 0x0000000082500000, 0x0000000082500000|100%| O|  |TS  0|AC  0|TAMS 0x0000000082500000, 0x0000000082500000|
|  17|0x0000000082500000, 0x0000000082600000, 0x0000000082600000|100%| O|  |TS  0|AC  0|TAMS 0x0000000082600000, 0x0000000082600000|
|  18|0x0000000082600000, 0x0000000082700000, 0x0000000082700000|100%| O|  |TS  0|AC  0|TAMS 0x0000000082700000, 0x0000000082700000|
|  19|0x0000000082700000, 0x0000000082800000, 0x0000000082800000|100%| O|  |TS 13|AC  0|TAMS 0x0000000082733600, 0x0000000082733600|
|  20|0x0000000082800000, 0x0000000082900000, 0x0000000082900000|100%| O|  |TS 13|AC  0|TAMS 0x0000000082800000, 0x0000000082800000|
|  21|0x0000000082900000, 0x0000000082a00000, 0x0000000082a00000|100%| O|  |TS 14|AC  0|TAMS 0x0000000082900000, 0x0000000082900000|
|  22|0x0000000082a00000, 0x0000000082b00000, 0x0000000082b00000|100%| O|  |TS 15|AC  0|TAMS 0x0000000082a00000, 0x0000000082a00000|
|  23|0x0000000082b00000, 0x0000000082c00000, 0x0000000082c00000|100%| O|  |TS 15|AC  0|TAMS 0x0000000082b00000, 0x0000000082b00000|
|  24|0x0000000082c00000, 0x0000000082d00000, 0x0000000082d00000|100%| O|  |TS 17|AC  0|TAMS 0x0000000082c00000, 0x0000000082c00000|
|  25|0x0000000082d00000, 0x0000000082e00000, 0x0000000082e00000|100%| O|  |TS 21|AC  0|TAMS 0x0000000082d00000, 0x0000000082d00000|
|  26|0x0000000082e00000, 0x0000000082f00000, 0x0000000082f00000|100%| O|  |TS 24|AC  0|TAMS 0x0000000082e00000, 0x0000000082e00000|
|  27|0x0000000082f00000, 0x0000000083000000, 0x0000000083000000|100%| O|  |TS 25|AC  0|TAMS 0x0000000082f00000, 0x0000000082f00000|
|  28|0x0000000083000000, 0x0000000083100000, 0x0000000083100000|100%| O|  |TS 26|AC  0|TAMS 0x0000000083000000, 0x0000000083000000|
|  29|0x0000000083100000, 0x0000000083200000, 0x0000000083200000|100%| O|  |TS 26|AC  0|TAMS 0x0000000083100000, 0x0000000083100000|
|  30|0x0000000083200000, 0x0000000083217200, 0x0000000083300000|  9%| O|  |TS 27|AC  0|TAMS 0x0000000083200000, 0x0000000083200000|
|  31|0x0000000083300000, 0x0000000083300000, 0x0000000083400000|  0%| F|  |TS  0|AC  0|TAMS 0x0000000083300000, 0x0000000083300000|
|  32|0x0000000083400000, 0x0000000083400000, 0x0000000083500000|  0%| F|  |TS  0|AC  0|TAMS 0x0000000083400000, 0x0000000083400000|
|  33|0x0000000083500000, 0x0000000083500000, 0x0000000083600000|  0%| F|  |TS  0|AC  0|TAMS 0x0000000083500000, 0x0000000083500000|
|  34|0x0000000083600000, 0x0000000083600000, 0x0000000083700000|  0%| F|  |TS  0|AC  0|TAMS 0x0000000083600000, 0x0000000083600000|
|  35|0x0000000083700000, 0x0000000083700000, 0x0000000083800000|  0%| F|  |TS  0|AC  0|TAMS 0x0000000083700000, 0x0000000083700000|
|  36|0x0000000083800000, 0x0000000083800000, 0x0000000083900000|  0%| F|  |TS  0|AC  0|TAMS 0x0000000083800000, 0x0000000083800000|
|  37|0x0000000083900000, 0x0000000083900000, 0x0000000083a00000|  0%| F|  |TS  0|AC  0|TAMS 0x0000000083900000, 0x0000000083900000|
|  38|0x0000000083a00000, 0x0000000083a00000, 0x0000000083b00000|  0%| F|  |TS  0|AC  0|TAMS 0x0000000083a00000, 0x0000000083a00000|
|  39|0x0000000083b00000, 0x0000000083b00000, 0x0000000083c00000|  0%| F|  |TS  0|AC  0|TAMS 0x0000000083b00000, 0x0000000083b00000|
|  40|0x0000000083c00000, 0x0000000083c00000, 0x0000000083d00000|  0%| F|  |TS  0|AC  0|TAMS 0x0000000083c00000, 0x0000000083c00000|
|  41|0x0000000083d00000, 0x0000000083d00000, 0x0000000083e00000|  0%| F|  |TS  0|AC  0|TAMS 0x0000000083d00000, 0x0000000083d00000|
|  42|0x0000000083e00000, 0x0000000083e00000, 0x0000000083f00000|  0%| F|  |TS  0|AC  0|TAMS 0x0000000083e00000, 0x0000000083e00000|
|  43|0x0000000083f00000, 0x0000000083f00000, 0x0000000084000000|  0%| F|  |TS  0|AC  0|TAMS 0x0000000083f00000, 0x0000000083f00000|
|  44|0x0000000084000000, 0x0000000084000000, 0x0000000084100000|  0%| F|  |TS  0|AC  0|TAMS 0x0000000084000000, 0x0000000084000000|
|  45|0x0000000084100000, 0x0000000084100000, 0x0000000084200000|  0%| F|  |TS  0|AC  0|TAMS 0x0000000084100000, 0x0000000084100000|
|  46|0x0000000084200000, 0x0000000084200000, 0x0000000084300000|  0%| F|  |TS  8|AC  0|TAMS 0x0000000084200000, 0x0000000084200000|
|  47|0x0000000084300000, 0x0000000084300000, 0x0000000084400000|  0%| F|  |TS 13|AC  0|TAMS 0x0000000084300000, 0x0000000084300000|
|  48|0x0000000084400000, 0x0000000084400000, 0x0000000084500000|  0%| F|  |TS 12|AC  0|TAMS 0x0000000084400000, 0x0000000084400000|
|  49|0x0000000084500000, 0x0000000084500000, 0x0000000084600000|  0%| F|  |TS 12|AC  0|TAMS 0x0000000084500000, 0x0000000084500000|
|  50|0x0000000084600000, 0x0000000084600000, 0x0000000084700000|  0%| F|  |TS 12|AC  0|TAMS 0x0000000084600000, 0x0000000084600000|
|  51|0x0000000084700000, 0x0000000084700000, 0x0000000084800000|  0%| F|  |TS 12|AC  0|TAMS 0x0000000084700000, 0x0000000084700000|
|  52|0x0000000084800000, 0x0000000084800000, 0x0000000084900000|  0%| F|  |TS 13|AC  0|TAMS 0x0000000084800000, 0x0000000084800000|
|  53|0x0000000084900000, 0x0000000084900000, 0x0000000084a00000|  0%| F|  |TS 13|AC  0|TAMS 0x0000000084900000, 0x0000000084900000|
|  54|0x0000000084a00000, 0x0000000084a00000, 0x0000000084b00000|  0%| F|  |TS 13|AC  0|TAMS 0x0000000084a00000, 0x0000000084a00000|
|  55|0x0000000084b00000, 0x0000000084b00000, 0x0000000084c00000|  0%| F|  |TS 13|AC  0|TAMS 0x0000000084b00000, 0x0000000084b00000|
|  56|0x0000000084c00000, 0x0000000084c00000, 0x0000000084d00000|  0%| F|  |TS 12|AC  0|TAMS 0x0000000084c00000, 0x0000000084c00000|
|  57|0x0000000084d00000, 0x0000000084d00000, 0x0000000084e00000|  0%| F|  |TS 12|AC  0|TAMS 0x0000000084d00000, 0x0000000084d00000|
|  58|0x0000000084e00000, 0x0000000084e00000, 0x0000000084f00000|  0%| F|  |TS 12|AC  0|TAMS 0x0000000084e00000, 0x0000000084e00000|
|  59|0x0000000084f00000, 0x0000000084f00000, 0x0000000085000000|  0%| F|  |TS 12|AC  0|TAMS 0x0000000084f00000, 0x0000000084f00000|
|  60|0x0000000085000000, 0x0000000085000000, 0x0000000085100000|  0%| F|  |TS 12|AC  0|TAMS 0x0000000085000000, 0x0000000085000000|
|  61|0x0000000085100000, 0x0000000085100000, 0x0000000085200000|  0%| F|  |TS 12|AC  0|TAMS 0x0000000085100000, 0x0000000085100000|
|  62|0x0000000085200000, 0x0000000085200000, 0x0000000085300000|  0%| F|  |TS 12|AC  0|TAMS 0x0000000085200000, 0x0000000085200000|
|  63|0x0000000085300000, 0x0000000085300000, 0x0000000085400000|  0%| F|  |TS 12|AC  0|TAMS 0x0000000085300000, 0x0000000085300000|
|  64|0x0000000085400000, 0x0000000085400000, 0x0000000085500000|  0%| F|  |TS 12|AC  0|TAMS 0x0000000085400000, 0x0000000085400000|
|  65|0x0000000085500000, 0x0000000085500000, 0x0000000085600000|  0%| F|  |TS 12|AC  0|TAMS 0x0000000085500000, 0x0000000085500000|
|  66|0x0000000085600000, 0x0000000085600000, 0x0000000085700000|  0%| F|  |TS 12|AC  0|TAMS 0x0000000085600000, 0x0000000085600000|
|  67|0x0000000085700000, 0x0000000085700000, 0x0000000085800000|  0%| F|  |TS 12|AC  0|TAMS 0x0000000085700000, 0x0000000085700000|
|  68|0x0000000085800000, 0x0000000085800000, 0x0000000085900000|  0%| F|  |TS 12|AC  0|TAMS 0x0000000085800000, 0x0000000085800000|
|  69|0x0000000085900000, 0x0000000085900000, 0x0000000085a00000|  0%| F|  |TS 12|AC  0|TAMS 0x0000000085900000, 0x0000000085900000|
|  70|0x0000000085a00000, 0x0000000085a00000, 0x0000000085b00000|  0%| F|  |TS 12|AC  0|TAMS 0x0000000085a00000, 0x0000000085a00000|
|  71|0x0000000085b00000, 0x0000000085b00000, 0x0000000085c00000|  0%| F|  |TS 12|AC  0|TAMS 0x0000000085b00000, 0x0000000085b00000|
|  72|0x0000000085c00000, 0x0000000085c00000, 0x0000000085d00000|  0%| F|  |TS 12|AC  0|TAMS 0x0000000085c00000, 0x0000000085c00000|
|  73|0x0000000085d00000, 0x0000000085d00000, 0x0000000085e00000|  0%| F|  |TS 12|AC  0|TAMS 0x0000000085d00000, 0x0000000085d00000|
|  74|0x0000000085e00000, 0x0000000085e00000, 0x0000000085f00000|  0%| F|  |TS 12|AC  0|TAMS 0x0000000085e00000, 0x0000000085e00000|
|  75|0x0000000085f00000, 0x0000000085f00000, 0x0000000086000000|  0%| F|  |TS 12|AC  0|TAMS 0x0000000085f00000, 0x0000000085f00000|
|  76|0x0000000086000000, 0x0000000086000000, 0x0000000086100000|  0%| F|  |TS 12|AC  0|TAMS 0x0000000086000000, 0x0000000086000000|
|  77|0x0000000086100000, 0x0000000086100000, 0x0000000086200000|  0%| F|  |TS 12|AC  0|TAMS 0x0000000086100000, 0x0000000086100000|
|  78|0x0000000086200000, 0x0000000086200000, 0x0000000086300000|  0%| F|  |TS 12|AC  0|TAMS 0x0000000086200000, 0x0000000086200000|
|  79|0x0000000086300000, 0x0000000086300000, 0x0000000086400000|  0%| F|  |TS 12|AC  0|TAMS 0x0000000086300000, 0x0000000086300000|
|  80|0x0000000086400000, 0x0000000086400000, 0x0000000086500000|  0%| F|  |TS 12|AC  0|TAMS 0x0000000086400000, 0x0000000086400000|
|  81|0x0000000086500000, 0x0000000086500000, 0x0000000086600000|  0%| F|  |TS 12|AC  0|TAMS 0x0000000086500000, 0x0000000086500000|
|  82|0x0000000086600000, 0x0000000086600000, 0x0000000086700000|  0%| F|  |TS 12|AC  0|TAMS 0x0000000086600000, 0x0000000086600000|
|  83|0x0000000086700000, 0x0000000086700000, 0x0000000086800000|  0%| F|  |TS 12|AC  0|TAMS 0x0000000086700000, 0x0000000086700000|
|  84|0x0000000086800000, 0x0000000086800000, 0x0000000086900000|  0%| F|  |TS 12|AC  0|TAMS 0x0000000086800000, 0x0000000086800000|
|  85|0x0000000086900000, 0x0000000086900000, 0x0000000086a00000|  0%| F|  |TS 12|AC  0|TAMS 0x0000000086900000, 0x0000000086900000|
|  86|0x0000000086a00000, 0x0000000086a00000, 0x0000000086b00000|  0%| F|  |TS 12|AC  0|TAMS 0x0000000086a00000, 0x0000000086a00000|
|  87|0x0000000086b00000, 0x0000000086b00000, 0x0000000086c00000|  0%| F|  |TS 12|AC  0|TAMS 0x0000000086b00000, 0x0000000086b00000|
|  88|0x0000000086c00000, 0x0000000086c00000, 0x0000000086d00000|  0%| F|  |TS 12|AC  0|TAMS 0x0000000086c00000, 0x0000000086c00000|
|  89|0x0000000086d00000, 0x0000000086d00000, 0x0000000086e00000|  0%| F|  |TS 12|AC  0|TAMS 0x0000000086d00000, 0x0000000086d00000|
|  90|0x0000000086e00000, 0x0000000086e00000, 0x0000000086f00000|  0%| F|  |TS 12|AC  0|TAMS 0x0000000086e00000, 0x0000000086e00000|
|  91|0x0000000086f00000, 0x0000000086f00000, 0x0000000087000000|  0%| F|  |TS 12|AC  0|TAMS 0x0000000086f00000, 0x0000000086f00000|
|  92|0x0000000087000000, 0x0000000087000000, 0x0000000087100000|  0%| F|  |TS 12|AC  0|TAMS 0x0000000087000000, 0x0000000087000000|
|  93|0x0000000087100000, 0x0000000087100000, 0x0000000087200000|  0%| F|  |TS 12|AC  0|TAMS 0x0000000087100000, 0x0000000087100000|
|  94|0x0000000087200000, 0x0000000087200000, 0x0000000087300000|  0%| F|  |TS 12|AC  0|TAMS 0x0000000087200000, 0x0000000087200000|
|  95|0x0000000087300000, 0x0000000087300000, 0x0000000087400000|  0%| F|  |TS 12|AC  0|TAMS 0x0000000087300000, 0x0000000087300000|
|  96|0x0000000087400000, 0x0000000087400000, 0x0000000087500000|  0%| F|  |TS 12|AC  0|TAMS 0x0000000087400000, 0x0000000087400000|
|  97|0x0000000087500000, 0x0000000087500000, 0x0000000087600000|  0%| F|  |TS 12|AC  0|TAMS 0x0000000087500000, 0x0000000087500000|
|  98|0x0000000087600000, 0x0000000087600000, 0x0000000087700000|  0%| F|  |TS 12|AC  0|TAMS 0x0000000087600000, 0x0000000087600000|
|  99|0x0000000087700000, 0x0000000087700000, 0x0000000087800000|  0%| F|  |TS 14|AC  0|TAMS 0x0000000087700000, 0x0000000087700000|
| 100|0x0000000087800000, 0x0000000087800000, 0x0000000087900000|  0%| F|  |TS 14|AC  0|TAMS 0x0000000087800000, 0x0000000087800000|
| 101|0x0000000087900000, 0x0000000087900000, 0x0000000087a00000|  0%| F|  |TS 14|AC  0|TAMS 0x0000000087900000, 0x0000000087900000|
| 102|0x0000000087a00000, 0x0000000087a00000, 0x0000000087b00000|  0%| F|  |TS 13|AC  0|TAMS 0x0000000087a00000, 0x0000000087a00000|
| 103|0x0000000087b00000, 0x0000000087b00000, 0x0000000087c00000|  0%| F|  |TS 13|AC  0|TAMS 0x0000000087b00000, 0x0000000087b00000|
| 104|0x0000000087c00000, 0x0000000087c00000, 0x0000000087d00000|  0%| F|  |TS 13|AC  0|TAMS 0x0000000087c00000, 0x0000000087c00000|
| 105|0x0000000087d00000, 0x0000000087d00000, 0x0000000087e00000|  0%| F|  |TS 13|AC  0|TAMS 0x0000000087d00000, 0x0000000087d00000|
| 106|0x0000000087e00000, 0x0000000087e00000, 0x0000000087f00000|  0%| F|  |TS 26|AC  0|TAMS 0x0000000087e00000, 0x0000000087e00000|
| 107|0x0000000087f00000, 0x0000000087f00000, 0x0000000088000000|  0%| F|  |TS 26|AC  0|TAMS 0x0000000087f00000, 0x0000000087f00000|
| 108|0x0000000088000000, 0x0000000088000000, 0x0000000088100000|  0%| F|  |TS 26|AC  0|TAMS 0x0000000088000000, 0x0000000088000000|
| 109|0x0000000088100000, 0x0000000088100000, 0x0000000088200000|  0%| F|  |TS 25|AC  0|TAMS 0x0000000088100000, 0x0000000088100000|
| 110|0x0000000088200000, 0x0000000088200000, 0x0000000088300000|  0%| F|  |TS 25|AC  0|TAMS 0x0000000088200000, 0x0000000088200000|
| 111|0x0000000088300000, 0x0000000088300000, 0x0000000088400000|  0%| F|  |TS 25|AC  0|TAMS 0x0000000088300000, 0x0000000088300000|
| 112|0x0000000088400000, 0x0000000088400000, 0x0000000088500000|  0%| F|  |TS 25|AC  0|TAMS 0x0000000088400000, 0x0000000088400000|
| 113|0x0000000088500000, 0x0000000088500000, 0x0000000088600000|  0%| F|  |TS 25|AC  0|TAMS 0x0000000088500000, 0x0000000088500000|
| 114|0x0000000088600000, 0x0000000088600000, 0x0000000088700000|  0%| F|  |TS 25|AC  0|TAMS 0x0000000088600000, 0x0000000088600000|
| 115|0x0000000088700000, 0x0000000088700000, 0x0000000088800000|  0%| F|  |TS 25|AC  0|TAMS 0x0000000088700000, 0x0000000088700000|
| 116|0x0000000088800000, 0x0000000088800000, 0x0000000088900000|  0%| F|  |TS 25|AC  0|TAMS 0x0000000088800000, 0x0000000088800000|
| 117|0x0000000088900000, 0x0000000088900000, 0x0000000088a00000|  0%| F|  |TS 25|AC  0|TAMS 0x0000000088900000, 0x0000000088900000|
| 118|0x0000000088a00000, 0x0000000088a00000, 0x0000000088b00000|  0%| F|  |TS 25|AC  0|TAMS 0x0000000088a00000, 0x0000000088a00000|
| 119|0x0000000088b00000, 0x0000000088b00000, 0x0000000088c00000|  0%| F|  |TS 25|AC  0|TAMS 0x0000000088b00000, 0x0000000088b00000|
| 120|0x0000000088c00000, 0x0000000088c00000, 0x0000000088d00000|  0%| F|  |TS 25|AC  0|TAMS 0x0000000088c00000, 0x0000000088c00000|
| 121|0x0000000088d00000, 0x0000000088dc7958, 0x0000000088e00000| 77%| S|CS|TS 27|AC  0|TAMS 0x0000000088d00000, 0x0000000088d00000|
| 122|0x0000000088e00000, 0x0000000088e00000, 0x0000000088f00000|  0%| F|  |TS 27|AC  0|TAMS 0x0000000088e00000, 0x0000000088e00000|
| 123|0x0000000088f00000, 0x0000000088f00000, 0x0000000089000000|  0%| F|  |TS 27|AC  0|TAMS 0x0000000088f00000, 0x0000000088f00000|
| 124|0x0000000089000000, 0x0000000089000000, 0x0000000089100000|  0%| F|  |TS 27|AC  0|TAMS 0x0000000089000000, 0x0000000089000000|
| 125|0x0000000089100000, 0x0000000089100000, 0x0000000089200000|  0%| F|  |TS 27|AC  0|TAMS 0x0000000089100000, 0x0000000089100000|
| 126|0x0000000089200000, 0x0000000089200000, 0x0000000089300000|  0%| F|  |TS 27|AC  0|TAMS 0x0000000089200000, 0x0000000089200000|
| 127|0x0000000089300000, 0x0000000089300000, 0x0000000089400000|  0%| F|  |TS 27|AC  0|TAMS 0x0000000089300000, 0x0000000089300000|

Card table byte_map: [0x000002c72e0e0000,0x000002c72e4e0000] byte_map_base: 0x000002c72dcd6000

Marking Bits (Prev, Next): (CMBitMap*) 0x000002c7136bf210, (CMBitMap*) 0x000002c7136bf248
 Prev Bits: [0x000002c72e8e0000, 0x000002c730890000)
 Next Bits: [0x000002c730890000, 0x000002c732840000)

Polling page: 0x000002c711470000

CodeHeap 'non-profiled nmethods': size=120000Kb used=4728Kb max_used=4728Kb free=115272Kb
 bounds [0x000002c726480000, 0x000002c726920000, 0x000002c72d9b0000]
CodeHeap 'profiled nmethods': size=120000Kb used=9973Kb max_used=10349Kb free=110026Kb
 bounds [0x000002c71ef50000, 0x000002c71f9b0000, 0x000002c726480000]
CodeHeap 'non-nmethods': size=5760Kb used=1151Kb max_used=1217Kb free=4608Kb
 bounds [0x000002c71e9b0000, 0x000002c71ec20000, 0x000002c71ef50000]
 total_blobs=8350 nmethods=4967 adapters=394
 compilation: enabled

Compilation events (10 events):
Event: 11466.561 Thread 0x000002c735c0d800 6043   !   3       java.util.logging.LogManager::createLoggerHandlers (170 bytes)
Event: 11497.016 Thread 0x000002c735c0d800 nmethod 6043 0x000002c71f6ead10 code [0x000002c71f6eb2c0, 0x000002c71f6ee3c0]
Event: 11980.380 Thread 0x000002c735c0d800 6049       3       java.util.Formatter$Conversion::isValid (47 bytes)
Event: 11980.993 Thread 0x000002c735c0d800 nmethod 6049 0x000002c71f472d10 code [0x000002c71f472f00, 0x000002c71f473350]
Event: 11982.586 Thread 0x000002c735c0d800 6050       3       org.apache.catalina.core.StandardPipeline::getValves (54 bytes)
Event: 11986.893 Thread 0x000002c735c0d800 nmethod 6050 0x000002c71f566210 code [0x000002c71f566480, 0x000002c71f5671b0]
Event: 11988.450 Thread 0x000002c735c0d800 6051       3       java.lang.Class::getMethod (59 bytes)
Event: 11995.627 Thread 0x000002c735c0d800 nmethod 6051 0x000002c71f683590 code [0x000002c71f683860, 0x000002c71f6844d0]
Event: 12180.746 Thread 0x000002c735c0d800 6052       3       java.util.LinkedHashMap::afterNodeRemoval (65 bytes)
Event: 12183.914 Thread 0x000002c735c0d800 nmethod 6052 0x000002c71f52c710 code [0x000002c71f52c900, 0x000002c71f52cdf8]

GC Heap History (10 events):
Event: 11457.504 GC heap after
{Heap after GC invocations=94 (full 0):
 garbage-first heap   total 131072K, used 28200K [0x0000000081400000, 0x0000000100000000)
  region size 1024K, 1 young (1024K), 1 survivors (1024K)
 Metaspace       used 33971K, capacity 36383K, committed 36864K, reserved 1081344K
  class space    used 3514K, capacity 4264K, committed 4480K, reserved 1048576K
}
Event: 11460.774 GC heap before
{Heap before GC invocations=94 (full 0):
 garbage-first heap   total 131072K, used 38440K [0x0000000081400000, 0x0000000100000000)
  region size 1024K, 11 young (11264K), 1 survivors (1024K)
 Metaspace       used 33971K, capacity 36383K, committed 36864K, reserved 1081344K
  class space    used 3514K, capacity 4264K, committed 4480K, reserved 1048576K
}
Event: 11461.029 GC heap after
{Heap after GC invocations=95 (full 0):
 garbage-first heap   total 131072K, used 28921K [0x0000000081400000, 0x0000000100000000)
  region size 1024K, 2 young (2048K), 2 survivors (2048K)
 Metaspace       used 33971K, capacity 36383K, committed 36864K, reserved 1081344K
  class space    used 3514K, capacity 4264K, committed 4480K, reserved 1048576K
}
Event: 11461.054 GC heap before
{Heap before GC invocations=95 (full 0):
 garbage-first heap   total 131072K, used 40185K [0x0000000081400000, 0x0000000100000000)
  region size 1024K, 13 young (13312K), 2 survivors (2048K)
 Metaspace       used 33971K, capacity 36383K, committed 36864K, reserved 1081344K
  class space    used 3514K, capacity 4264K, committed 4480K, reserved 1048576K
}
Event: 11461.095 GC heap after
{Heap after GC invocations=96 (full 0):
 garbage-first heap   total 131072K, used 29923K [0x0000000081400000, 0x0000000100000000)
  region size 1024K, 2 young (2048K), 2 survivors (2048K)
 Metaspace       used 33971K, capacity 36383K, committed 36864K, reserved 1081344K
  class space    used 3514K, capacity 4264K, committed 4480K, reserved 1048576K
}
Event: 12212.002 GC heap before
{Heap before GC invocations=96 (full 0):
 garbage-first heap   total 131072K, used 47331K [0x0000000081400000, 0x0000000100000000)
  region size 1024K, 19 young (19456K), 2 survivors (2048K)
 Metaspace       used 34012K, capacity 36503K, committed 36864K, reserved 1081344K
  class space    used 3524K, capacity 4304K, committed 4480K, reserved 1048576K
}
Event: 12231.949 GC heap after
{Heap after GC invocations=97 (full 0):
 garbage-first heap   total 131072K, used 31035K [0x0000000081400000, 0x0000000100000000)
  region size 1024K, 3 young (3072K), 3 survivors (3072K)
 Metaspace       used 34012K, capacity 36503K, committed 36864K, reserved 1081344K
  class space    used 3524K, capacity 4304K, committed 4480K, reserved 1048576K
}
Event: 12256.700 GC heap before
{Heap before GC invocations=97 (full 0):
 garbage-first heap   total 131072K, used 34107K [0x0000000081400000, 0x0000000100000000)
  region size 1024K, 6 young (6144K), 3 survivors (3072K)
 Metaspace       used 34012K, capacity 36503K, committed 36864K, reserved 1081344K
  class space    used 3524K, capacity 4304K, committed 4480K, reserved 1048576K
}
Event: 12258.907 GC heap after
{Heap after GC invocations=98 (full 0):
 garbage-first heap   total 131072K, used 31459K [0x0000000081400000, 0x0000000100000000)
  region size 1024K, 1 young (1024K), 1 survivors (1024K)
 Metaspace       used 34012K, capacity 36503K, committed 36864K, reserved 1081344K
  class space    used 3524K, capacity 4304K, committed 4480K, reserved 1048576K
}
Event: 12279.313 GC heap before
{Heap before GC invocations=98 (full 0):
 garbage-first heap   total 131072K, used 36579K [0x0000000081400000, 0x0000000100000000)
  region size 1024K, 6 young (6144K), 1 survivors (1024K)
 Metaspace       used 34012K, capacity 36503K, committed 36864K, reserved 1081344K
  class space    used 3524K, capacity 4304K, committed 4480K, reserved 1048576K
}

Deoptimization events (10 events):
Event: 104.073 Thread 0x000002c73d79e000 Uncommon trap: reason=unstable_if action=reinterpret pc=0x000002c7267a15c4 method=org.apache.tomcat.util.bcel.classfile.JavaClass.<init>(IILjava/lang/String;IIILorg/apache/tomcat/util/bcel/classfile/ConstantPool;[I[Lorg/apache/tomcat/util/bcel/classfile/F
Event: 124.739 Thread 0x000002c73d79e000 Uncommon trap: reason=class_check action=maybe_recompile pc=0x000002c72671f4d4 method=jdk.internal.loader.URLClassPath.getLoader(I)Ljdk/internal/loader/URLClassPath$Loader; @ 94 c2
Event: 195.974 Thread 0x000002c73d79e000 Uncommon trap: reason=unstable_if action=reinterpret pc=0x000002c7264df134 method=java.util.LinkedHashMap.afterNodeAccess(Ljava/util/HashMap$Node;)V @ 41 c2
Event: 6861.990 Thread 0x000002c73d79e000 Uncommon trap: reason=class_check action=maybe_recompile pc=0x000002c7268af8a8 method=jdk.internal.misc.Unsafe.allocateUninitializedArray(Ljava/lang/Class;I)Ljava/lang/Object; @ 48 c2
Event: 6862.025 Thread 0x000002c73d79e000 Uncommon trap: reason=class_check action=maybe_recompile pc=0x000002c7268af8a8 method=jdk.internal.misc.Unsafe.allocateUninitializedArray(Ljava/lang/Class;I)Ljava/lang/Object; @ 48 c2
Event: 6862.025 Thread 0x000002c73d79e000 Uncommon trap: reason=class_check action=maybe_recompile pc=0x000002c7268af8a8 method=jdk.internal.misc.Unsafe.allocateUninitializedArray(Ljava/lang/Class;I)Ljava/lang/Object; @ 48 c2
Event: 6862.025 Thread 0x000002c73d79e000 Uncommon trap: reason=class_check action=maybe_recompile pc=0x000002c7268af8a8 method=jdk.internal.misc.Unsafe.allocateUninitializedArray(Ljava/lang/Class;I)Ljava/lang/Object; @ 48 c2
Event: 7833.506 Thread 0x000002c73d79e000 Uncommon trap: reason=unstable_if action=reinterpret pc=0x000002c7266e0d10 method=java.lang.ref.SoftReference.get()Ljava/lang/Object; @ 6 c2
Event: 7833.509 Thread 0x000002c73d79e000 Uncommon trap: reason=unstable_if action=reinterpret pc=0x000002c72656215c method=java.lang.ref.SoftReference.get()Ljava/lang/Object; @ 6 c2
Event: 11465.810 Thread 0x000002c73d79e000 Uncommon trap: reason=unstable_if action=reinterpret pc=0x000002c72658eabc method=java.util.LinkedHashMap.afterNodeRemoval(Ljava/util/HashMap$Node;)V @ 47 c2

Classes redefined (0 events):
No events

Internal exceptions (10 events):
Event: 6932.004 Thread 0x000002c73d79e000 Exception <a 'java/io/FileNotFoundException'{0x0000000088563110}> (0x0000000088563110) thrown at [t:/workspace/open/src/hotspot/share/prims/jni.cpp, line 611]
Event: 7024.399 Thread 0x000002c73d79e000 Exception <a 'java/io/FileNotFoundException'{0x00000000852570e0}> (0x00000000852570e0) thrown at [t:/workspace/open/src/hotspot/share/prims/jni.cpp, line 611]
Event: 7268.019 Thread 0x000002c73d79e000 Exception <a 'java/io/FileNotFoundException'{0x0000000086785258}> (0x0000000086785258) thrown at [t:/workspace/open/src/hotspot/share/prims/jni.cpp, line 611]
Event: 7740.335 Thread 0x000002c73d79e000 Exception <a 'java/io/FileNotFoundException'{0x00000000891227f0}> (0x00000000891227f0) thrown at [t:/workspace/open/src/hotspot/share/prims/jni.cpp, line 611]
Event: 7832.076 Thread 0x000002c73d79e000 Exception <a 'java/lang/NoSuchMethodError'{0x00000000860e8288}: method resolution failed> (0x00000000860e8288) thrown at [t:/workspace/open/src/hotspot/share/prims/methodHandles.cpp, line 1226]
Event: 7833.506 Thread 0x000002c73d79e000 Implicit null exception at 0x000002c7266e03ea to 0x000002c7266e0cf6
Event: 8281.173 Thread 0x000002c73d79e000 Exception <a 'java/io/FileNotFoundException'{0x000000008755a978}> (0x000000008755a978) thrown at [t:/workspace/open/src/hotspot/share/prims/jni.cpp, line 611]
Event: 8495.961 Thread 0x000002c73d79e000 Exception <a 'java/io/FileNotFoundException'{0x00000000887db3a0}> (0x00000000887db3a0) thrown at [t:/workspace/open/src/hotspot/share/prims/jni.cpp, line 611]
Event: 10774.400 Thread 0x000002c73d79e000 Exception <a 'java/io/FileNotFoundException'{0x000000008547a710}> (0x000000008547a710) thrown at [t:/workspace/open/src/hotspot/share/prims/jni.cpp, line 611]
Event: 11467.203 Thread 0x000002c73d79e000 Exception <a 'java/io/FileNotFoundException'{0x000000008875cd78}> (0x000000008875cd78) thrown at [t:/workspace/open/src/hotspot/share/prims/jni.cpp, line 611]

Events (10 events):
Event: 11466.483 Thread 0x000002c73d79e000 DEOPT UNPACKING pc=0x000002c71e9d8a2f sp=0x000000e6cdefe3e8 mode 2
Event: 11467.684 loading class org/apache/jasper/servlet/JspServlet
Event: 11467.684 loading class org/apache/jasper/servlet/JspServlet done
Event: 12161.561 loading class org/apache/tomcat/websocket/server/WsSci
Event: 12161.561 loading class org/apache/tomcat/websocket/server/WsSci done
Event: 12210.487 Executing VM operation: G1IncCollectionPause
Event: 12231.971 Executing VM operation: G1IncCollectionPause done
Event: 12255.958 Executing VM operation: G1IncCollectionPause
Event: 12258.907 Executing VM operation: G1IncCollectionPause done
Event: 12279.313 Executing VM operation: G1IncCollectionPause


Dynamic libraries:
0x00007ff678c30000 - 0x00007ff678c6e000 	C:\Program Files\Java\jdk-10.0.2\bin\javaw.exe
0x00007ffddf640000 - 0x00007ffddf821000 	C:\Windows\SYSTEM32\ntdll.dll
0x00007ffdde220000 - 0x00007ffdde2d2000 	C:\Windows\System32\KERNEL32.DLL
0x00007ffddbae0000 - 0x00007ffddbd53000 	C:\Windows\System32\KERNELBASE.dll
0x00007ffddcc60000 - 0x00007ffddcd01000 	C:\Windows\System32\ADVAPI32.dll
0x00007ffddee60000 - 0x00007ffddeefe000 	C:\Windows\System32\msvcrt.dll
0x00007ffddcad0000 - 0x00007ffddcb2b000 	C:\Windows\System32\sechost.dll
0x00007ffddcb30000 - 0x00007ffddcc54000 	C:\Windows\System32\RPCRT4.dll
0x00007ffdde590000 - 0x00007ffdde720000 	C:\Windows\System32\USER32.dll
0x00007ffddba70000 - 0x00007ffddba90000 	C:\Windows\System32\win32u.dll
0x00007ffddf540000 - 0x00007ffddf568000 	C:\Windows\System32\GDI32.dll
0x00007ffddc570000 - 0x00007ffddc702000 	C:\Windows\System32\gdi32full.dll
0x00007ffddc840000 - 0x00007ffddc8df000 	C:\Windows\System32\msvcp_win.dll
0x00007ffddc470000 - 0x00007ffddc56a000 	C:\Windows\System32\ucrtbase.dll
0x00007ffdc8320000 - 0x00007ffdc8589000 	C:\Windows\WinSxS\amd64_microsoft.windows.common-controls_6595b64144ccf1df_6.0.17134.523_none_fb409dd930672a56\COMCTL32.dll
0x00007ffdcf1e0000 - 0x00007ffdcf1ea000 	C:\Windows\SYSTEM32\VERSION.dll
0x00007ffdde720000 - 0x00007ffddea42000 	C:\Windows\System32\combase.dll
0x00007ffddc710000 - 0x00007ffddc78a000 	C:\Windows\System32\bcryptPrimitives.dll
0x00007ffddef00000 - 0x00007ffddef2d000 	C:\Windows\System32\IMM32.DLL
0x00007ffdcdda0000 - 0x00007ffdcde8f000 	C:\Program Files\Java\jdk-10.0.2\bin\msvcr120.dll
0x00007ffdcb7d0000 - 0x00007ffdcb876000 	C:\Program Files\Java\jdk-10.0.2\bin\msvcp120.dll
0x000000005c640000 - 0x000000005d0b0000 	C:\Program Files\Java\jdk-10.0.2\bin\server\jvm.dll
0x00007ffdde2e0000 - 0x00007ffdde2e8000 	C:\Windows\System32\PSAPI.DLL
0x00007ffdced50000 - 0x00007ffdced59000 	C:\Windows\SYSTEM32\WSOCK32.dll
0x00007ffddcd10000 - 0x00007ffddcd7c000 	C:\Windows\System32\WS2_32.dll
0x00007ffdd7c40000 - 0x00007ffdd7c63000 	C:\Windows\SYSTEM32\WINMM.dll
0x00007ffdd7c10000 - 0x00007ffdd7c3a000 	C:\Windows\SYSTEM32\winmmbase.dll
0x00007ffddba90000 - 0x00007ffddbad9000 	C:\Windows\System32\cfgmgr32.dll
0x00007ffdd7ce0000 - 0x00007ffdd7cef000 	C:\Program Files\Java\jdk-10.0.2\bin\verify.dll
0x00007ffdda390000 - 0x00007ffdda559000 	C:\Windows\SYSTEM32\DBGHELP.DLL
0x00007ffdce860000 - 0x00007ffdce889000 	C:\Windows\SYSTEM32\dbgcore.DLL
0x00007ffdd16e0000 - 0x00007ffdd1707000 	C:\Program Files\Java\jdk-10.0.2\bin\java.dll
0x00007ffdd16a0000 - 0x00007ffdd16b6000 	C:\Program Files\Java\jdk-10.0.2\bin\zip.dll
0x00007ffdd6d00000 - 0x00007ffdd6d0a000 	C:\Program Files\Java\jdk-10.0.2\bin\jimage.dll
0x00007ffddcd80000 - 0x00007ffdde1c0000 	C:\Windows\System32\SHELL32.dll
0x00007ffdde4e0000 - 0x00007ffdde589000 	C:\Windows\System32\shcore.dll
0x00007ffddbd60000 - 0x00007ffddc46d000 	C:\Windows\System32\windows.storage.dll
0x00007ffdde1c0000 - 0x00007ffdde211000 	C:\Windows\System32\shlwapi.dll
0x00007ffddb9b0000 - 0x00007ffddb9c1000 	C:\Windows\System32\kernel.appcore.dll
0x00007ffddb9d0000 - 0x00007ffddb9ef000 	C:\Windows\System32\profapi.dll
0x00007ffddb960000 - 0x00007ffddb9ac000 	C:\Windows\System32\powrprof.dll
0x00007ffddb950000 - 0x00007ffddb95a000 	C:\Windows\System32\FLTLIB.DLL
0x00007ffdd0690000 - 0x00007ffdd06aa000 	C:\Program Files\Java\jdk-10.0.2\bin\net.dll
0x00007ffdd21a0000 - 0x00007ffdd227d000 	C:\Windows\SYSTEM32\WINHTTP.dll
0x00007ffddb170000 - 0x00007ffddb1d6000 	C:\Windows\system32\mswsock.dll
0x00007ffdcded0000 - 0x00007ffdcdee1000 	C:\Program Files\Java\jdk-10.0.2\bin\nio.dll
0x00007ffddb320000 - 0x00007ffddb337000 	C:\Windows\SYSTEM32\CRYPTSP.dll
0x00007ffddad50000 - 0x00007ffddad83000 	C:\Windows\system32\rsaenh.dll
0x00007ffddb450000 - 0x00007ffddb475000 	C:\Windows\SYSTEM32\bcrypt.dll
0x00007ffddb880000 - 0x00007ffddb8a8000 	C:\Windows\SYSTEM32\USERENV.dll
0x00007ffddb340000 - 0x00007ffddb34b000 	C:\Windows\SYSTEM32\CRYPTBASE.dll
0x00007ffddaef0000 - 0x00007ffddaf28000 	C:\Windows\SYSTEM32\IPHLPAPI.DLL
0x00007ffddf530000 - 0x00007ffddf538000 	C:\Windows\System32\NSI.dll
0x00007ffdd22f0000 - 0x00007ffdd2306000 	C:\Windows\SYSTEM32\dhcpcsvc6.DLL
0x00007ffdd23e0000 - 0x00007ffdd23fa000 	C:\Windows\SYSTEM32\dhcpcsvc.DLL
0x00007ffdd17f0000 - 0x00007ffdd17fa000 	C:\Users\admin\AppData\Local\Temp\jansi-1.17-9978365563343475206.dll
0x00007ffdd06c0000 - 0x00007ffdd06ca000 	C:\Users\admin\AppData\Local\Temp\jansi-1.17-11730094730450092980.dll
0x00007ffdd6d10000 - 0x00007ffdd6d19000 	C:\Program Files\Java\jdk-10.0.2\bin\management.dll
0x00007ffdd1640000 - 0x00007ffdd164a000 	C:\Program Files\Java\jdk-10.0.2\bin\management_ext.dll

dbghelp: loaded successfully - version: 4.0.5 - missing functions: none
symbol engine: initialized successfully - sym options: 0x614 - pdb path: .;C:\Program Files\Java\jdk-10.0.2\bin;C:\Windows\SYSTEM32;C:\Windows\WinSxS\amd64_microsoft.windows.common-controls_6595b64144ccf1df_6.0.17134.523_none_fb409dd930672a56;C:\Program Files\Java\jdk-10.0.2\bin\server;C:\Users\admin\AppData\Local\Temp

VM Arguments:
jvm_args: -Dmaven.home=EMBEDDED -Dclassworlds.conf=C:\Users\admin\eclipse-workspace\.metadata\.plugins\org.eclipse.m2e.launching\launches\m2conf6251047448780876030.tmp -Dmaven.multiModuleProjectDirectory=C:\Users\admin\eclipse-workspace\TicketManagementSystem -Dfile.encoding=Cp1252 
java_command: org.codehaus.plexus.classworlds.launcher.Launcher -B tomcat7:run
java_class_path (initial): C:\Users\admin\Desktop\eclipse\plugins\org.eclipse.m2e.maven.runtime_1.10.0.20181127-2120\jars\plexus-classworlds-2.5.2.jar
Launcher Type: SUN_STANDARD

Logging:
Log output configuration:
#0: stdout all=warning uptime,level,tags
#1: stderr all=off uptime,level,tags

Environment Variables:
JAVA_HOME=C:\Program Files\Java\jdk-9.0.1
PATH=C:\Program Files (x86)\Common Files\Oracle\Java\javapath;C:\Windows\system32;C:\Windows;C:\Windows\System32\Wbem;C:\Windows\System32\WindowsPowerShell\v1.0\;C:\Windows\System32\OpenSSH\;C:\TDM-GCC-64\bin;C:\Program Files\Java\jdk-10.0.2\bin;C:\Users\admin\AppData\Local\Microsoft\WindowsApps;
USERNAME=admin
OS=Windows_NT
PROCESSOR_IDENTIFIER=Intel64 Family 6 Model 142 Stepping 10, GenuineIntel



---------------  S Y S T E M  ---------------

OS: Windows 10 , 64 bit Build 17134 (10.0.17134.1)

CPU:total 8 (initial active 8) (4 cores per cpu, 2 threads per core) family 6 model 142 stepping 10, cmov, cx8, fxsr, mmx, sse, sse2, sse3, ssse3, sse4.1, sse4.2, popcnt, avx, avx2, aes, clmul, erms, 3dnowpref, lzcnt, ht, tsc, tscinvbit, bmi1, bmi2, adx, fma

Memory: 4k page, physical 8303440k(897124k free), swap 28574156k(68992k free)

vm_info: Java HotSpot(TM) 64-Bit Server VM (10.0.2+13) for windows-amd64 JRE (10.0.2+13), built on Jun 28 2018 01:57:56 by "mach5one" with MS VC++ 12.0 (VS2013)

END.
