#
# There is insufficient memory for the Java Runtime Environment to continue.
# Native memory allocation (mmap) failed to map 204472320 bytes for Failed to commit area from 0x000000008ae00000 to 0x0000000097100000 of length 204472320.
# Possible reasons:
#   The system is out of physical RAM or swap space
#   The process is running with CompressedOops enabled, and the Java Heap may be blocking the growth of the native heap
# Possible solutions:
#   Reduce memory load on the system
#   Increase physical memory or swap space
#   Check if swap backing store is full
#   Decrease Java heap size (-Xmx/-Xms)
#   Decrease number of Java threads
#   Decrease Java thread stack sizes (-Xss)
#   Set larger code cache with -XX:ReservedCodeCacheSize=
#   JVM is running with Unscaled Compressed Oops mode in which the Java heap is
#     placed in the first 4GB address space. The Java Heap base address is the
#     maximum limit for the native heap growth. Please use -XX:HeapBaseMinAddress
#     to set the Java Heap base and to place the Java Heap above 4GB virtual address.
# This output file may be truncated or incomplete.
#
#  Out of Memory Error (t:/workspace/open/src/hotspot/os/windows/os_windows.cpp:3221), pid=13012, tid=5888
#
# JRE version: Java(TM) SE Runtime Environment (10.0.2+13) (build 10.0.2+13)
# Java VM: Java HotSpot(TM) 64-Bit Server VM (10.0.2+13, mixed mode, tiered, compressed oops, g1 gc, windows-amd64)
# No core dump will be written. Minidumps are not enabled by default on client versions of Windows
#

---------------  S U M M A R Y ------------

Command Line: -Dmaven.home=EMBEDDED -Dclassworlds.conf=C:\Users\admin\eclipse-workspace\.metadata\.plugins\org.eclipse.m2e.launching\launches\m2conf17135782011993280759.tmp -Dmaven.multiModuleProjectDirectory=C:\Users\admin\eclipse-workspace\TicketManagementSystem -Dfile.encoding=Cp1252 org.codehaus.plexus.classworlds.launcher.Launcher -B tomcat7:run

Host: Intel(R) Core(TM) i5-8250U CPU @ 1.60GHz, 8 cores, 7G,  Windows 10 , 64 bit Build 17134 (10.0.17134.1)
Time: Fri Jan 11 23:02:17 2019 India Standard Time elapsed time: 13751 seconds (0d 3h 49m 11s)

---------------  T H R E A D  ---------------

Current thread (0x0000019655597000):  VMThread "VM Thread" [stack: 0x00000045f0c00000,0x00000045f0d00000] [id=5888]

Stack: [0x00000045f0c00000,0x00000045f0d00000]
[error occurred during error reporting (printing stack bounds), id 0xe0000002]

Native frames: (J=compiled Java code, j=interpreted, Vv=VM code, C=native code)
V  [jvm.dll+0x5a01a9]
V  [jvm.dll+0x6bcf31]
V  [jvm.dll+0x6be126]
V  [jvm.dll+0x6be715]
V  [jvm.dll+0x6be6cb]
V  [jvm.dll+0x59f993]
V  [jvm.dll+0x59fda8]
C  [ntdll.dll+0x9f7dd]
C  [ntdll.dll+0xd856]
C  [ntdll.dll+0x9e70e]
C  0x000001963e4f0ead

VM_Operation (0x00000045f1cfe8b0): G1IncCollectionPause, mode: safepoint, requested by thread 0x000001965da8c000


---------------  P R O C E S S  ---------------

Threads class SMR info:
_java_thread_list=0x000001965ab42050, length=14, elements={
0x0000019631950800, 0x000001965559b800, 0x00000196555a5000, 0x00000196555ad000,
0x00000196555ae800, 0x00000196555b1800, 0x0000019655f00800, 0x0000019655f01000,
0x0000019655f03000, 0x00000196555be000, 0x00000196560f4000, 0x00000196560f8800,
0x000001965c8ba000, 0x000001965da8c000
}

Java Threads: ( => current thread )
  0x0000019631950800 JavaThread "main" [_thread_blocked, id=11404, stack(0x00000045ef700000,0x00000045ef800000)]
  0x000001965559b800 JavaThread "Reference Handler" daemon [_thread_blocked, id=7888, stack(0x00000045f0d00000,0x00000045f0e00000)]
  0x00000196555a5000 JavaThread "Finalizer" daemon [_thread_blocked, id=3068, stack(0x00000045f0e00000,0x00000045f0f00000)]
  0x00000196555ad000 JavaThread "Signal Dispatcher" daemon [_thread_blocked, id=15972, stack(0x00000045f0f00000,0x00000045f1000000)]
  0x00000196555ae800 JavaThread "Attach Listener" daemon [_thread_blocked, id=2284, stack(0x00000045f1000000,0x00000045f1100000)]
  0x00000196555b1800 JavaThread "C2 CompilerThread0" daemon [_thread_blocked, id=2076, stack(0x00000045f1100000,0x00000045f1200000)]
  0x0000019655f00800 JavaThread "C2 CompilerThread1" daemon [_thread_blocked, id=1864, stack(0x00000045f1200000,0x00000045f1300000)]
  0x0000019655f01000 JavaThread "C2 CompilerThread2" daemon [_thread_blocked, id=10224, stack(0x00000045f1300000,0x00000045f1400000)]
  0x0000019655f03000 JavaThread "C1 CompilerThread3" daemon [_thread_blocked, id=11124, stack(0x00000045f1400000,0x00000045f1500000)]
  0x00000196555be000 JavaThread "Sweeper thread" daemon [_thread_blocked, id=11004, stack(0x00000045f1500000,0x00000045f1600000)]
  0x00000196560f4000 JavaThread "Service Thread" daemon [_thread_blocked, id=15544, stack(0x00000045f1600000,0x00000045f1700000)]
  0x00000196560f8800 JavaThread "Common-Cleaner" daemon [_thread_blocked, id=7912, stack(0x00000045f1700000,0x00000045f1800000)]
  0x000001965c8ba000 JavaThread "Thread-2" daemon [_thread_in_native, id=11768, stack(0x00000045f1b00000,0x00000045f1c00000)]
  0x000001965da8c000 JavaThread "ContainerBackgroundProcessor[StandardEngine[Tomcat]]" daemon [_thread_blocked, id=6736, stack(0x00000045f1c00000,0x00000045f1d00000)]

Other Threads:
=>0x0000019655597000 VMThread "VM Thread" [stack: 0x00000045f0c00000,0x00000045f0d00000] [id=5888]
  0x00000196560f9000 WatcherThread [stack: 0x00000045f1800000,0x00000045f1900000] [id=5732]
  0x0000019631965800 GCTaskThread "GC Thread#0" [stack: 0x00000045ef800000,0x00000045ef900000] [id=13612]
  0x0000019631966800 GCTaskThread "GC Thread#1" [stack: 0x00000045ef900000,0x00000045efa00000] [id=2420]
  0x000001963196b800 GCTaskThread "GC Thread#2" [stack: 0x00000045efa00000,0x00000045efb00000] [id=15892]
  0x0000019631970800 GCTaskThread "GC Thread#3" [stack: 0x00000045efb00000,0x00000045efc00000] [id=15988]
  0x000001963196d000 GCTaskThread "GC Thread#4" [stack: 0x00000045efc00000,0x00000045efd00000] [id=14168]
  0x0000019631971000 GCTaskThread "GC Thread#5" [stack: 0x00000045efd00000,0x00000045efe00000] [id=4976]
  0x000001963196d800 GCTaskThread "GC Thread#6" [stack: 0x00000045efe00000,0x00000045eff00000] [id=10548]
  0x0000019631971800 GCTaskThread "GC Thread#7" [stack: 0x00000045eff00000,0x00000045f0000000] [id=6300]
  0x00000196319ec800 ConcurrentGCThread "G1 Main Marker" [stack: 0x00000045f0000000,0x00000045f0100000] [id=12384]
  0x000001963196e800 ConcurrentGCThread "G1 Conc#0" [stack: 0x00000045f0100000,0x00000045f0200000] [id=11872]
  0x0000019631972800 ConcurrentGCThread "G1 Conc#1" [stack: 0x00000045f0200000,0x00000045f0300000] [id=6624]
  0x0000019655408800 ConcurrentGCThread "G1 Refine#0" [stack: 0x00000045f0300000,0x00000045f0400000] [id=15520]
  0x0000019655409000 ConcurrentGCThread "G1 Refine#1" [stack: 0x00000045f0400000,0x00000045f0500000] [id=2228]
  0x000001965540c000 ConcurrentGCThread "G1 Refine#2" [stack: 0x00000045f0500000,0x00000045f0600000] [id=15152]
  0x0000019655417800 ConcurrentGCThread "G1 Refine#3" [stack: 0x00000045f0600000,0x00000045f0700000] [id=11776]
  0x0000019631973000 ConcurrentGCThread "G1 Refine#4" [stack: 0x00000045f0700000,0x00000045f0800000] [id=8292]
  0x000001963196f000 ConcurrentGCThread "G1 Refine#5" [stack: 0x00000045f0800000,0x00000045f0900000] [id=11660]
  0x000001963196f800 ConcurrentGCThread "G1 Refine#6" [stack: 0x00000045f0900000,0x00000045f0a00000] [id=13840]
  0x0000019631973800 ConcurrentGCThread "G1 Refine#7" [stack: 0x00000045f0a00000,0x00000045f0b00000] [id=14636]
  0x000001965542b000 ConcurrentGCThread "G1 Young RemSet Sampling" [stack: 0x00000045f0b00000,0x00000045f0c00000] [id=14028]

Threads with active compile tasks:
C2 CompilerThread06530       4       java.lang.ref.ReferenceQueue::remove (6 bytes)

VM state:at safepoint (normal execution)

VM Mutex/Monitor currently owned by a thread:  ([mutex/lock_event])
[0x000001963194fe20] Threads_lock - owner thread: 0x0000019655597000
[0x000001963194e290] Heap_lock - owner thread: 0x000001965da8c000

Heap address: 0x0000000081400000, size: 2028 MB, Compressed Oops mode: 32-bit
Narrow klass base: 0x0000000000000000, Narrow klass shift: 3
Compressed class space size: 1073741824 Address: 0x0000000100000000

Heap:
 garbage-first heap   total 357376K, used 41473K [0x0000000081400000, 0x0000000100000000)
  region size 1024K, 1 young (1024K), 1 survivors (1024K)
 Metaspace       used 42003K, capacity 44008K, committed 44108K, reserved 1087488K
  class space    used 4471K, capacity 5154K, committed 5196K, reserved 1048576K
Heap Regions: E=young(eden), S=young(survivor), O=old, HS=humongous(starts), HC=humongous(continues), CS=collection set, F=free, A=archive, TS=gc time stamp, AC=allocation context, TAMS=top-at-mark-start (previous, next)
|   0|0x0000000081400000, 0x0000000081500000, 0x0000000081500000|100%| O|  |TS  0|AC  0|TAMS 0x0000000081500000, 0x0000000081500000|
|   1|0x0000000081500000, 0x0000000081600000, 0x0000000081600000|100%| O|  |TS  0|AC  0|TAMS 0x0000000081600000, 0x0000000081600000|
|   2|0x0000000081600000, 0x0000000081700000, 0x0000000081700000|100%| O|  |TS  0|AC  0|TAMS 0x0000000081700000, 0x0000000081700000|
|   3|0x0000000081700000, 0x0000000081800000, 0x0000000081800000|100%| O|  |TS  0|AC  0|TAMS 0x0000000081800000, 0x0000000081800000|
|   4|0x0000000081800000, 0x0000000081900000, 0x0000000081900000|100%| O|  |TS  0|AC  0|TAMS 0x0000000081900000, 0x0000000081900000|
|   5|0x0000000081900000, 0x0000000081a00000, 0x0000000081a00000|100%| O|  |TS  0|AC  0|TAMS 0x0000000081a00000, 0x0000000081a00000|
|   6|0x0000000081a00000, 0x0000000081b00000, 0x0000000081b00000|100%| O|  |TS  0|AC  0|TAMS 0x0000000081b00000, 0x0000000081b00000|
|   7|0x0000000081b00000, 0x0000000081c00000, 0x0000000081c00000|100%| O|  |TS  0|AC  0|TAMS 0x0000000081c00000, 0x0000000081c00000|
|   8|0x0000000081c00000, 0x0000000081d00000, 0x0000000081d00000|100%| O|  |TS  0|AC  0|TAMS 0x0000000081d00000, 0x0000000081d00000|
|   9|0x0000000081d00000, 0x0000000081e00000, 0x0000000081e00000|100%| O|  |TS  0|AC  0|TAMS 0x0000000081e00000, 0x0000000081e00000|
|  10|0x0000000081e00000, 0x0000000081f00000, 0x0000000081f00000|100%| O|  |TS  0|AC  0|TAMS 0x0000000081f00000, 0x0000000081f00000|
|  11|0x0000000081f00000, 0x0000000082000000, 0x0000000082000000|100%| O|  |TS  0|AC  0|TAMS 0x0000000082000000, 0x0000000082000000|
|  12|0x0000000082000000, 0x0000000082100000, 0x0000000082100000|100%| O|  |TS  0|AC  0|TAMS 0x0000000082100000, 0x0000000082100000|
|  13|0x0000000082100000, 0x0000000082200000, 0x0000000082200000|100%| O|  |TS  0|AC  0|TAMS 0x0000000082200000, 0x0000000082200000|
|  14|0x0000000082200000, 0x0000000082300000, 0x0000000082300000|100%| O|  |TS  0|AC  0|TAMS 0x0000000082300000, 0x0000000082300000|
|  15|0x0000000082300000, 0x0000000082400000, 0x0000000082400000|100%| O|  |TS  0|AC  0|TAMS 0x0000000082400000, 0x0000000082400000|
|  16|0x0000000082400000, 0x0000000082500000, 0x0000000082500000|100%| O|  |TS  0|AC  0|TAMS 0x0000000082500000, 0x0000000082500000|
|  17|0x0000000082500000, 0x0000000082600000, 0x0000000082600000|100%| O|  |TS  0|AC  0|TAMS 0x0000000082600000, 0x0000000082600000|
|  18|0x0000000082600000, 0x0000000082700000, 0x0000000082700000|100%| O|  |TS  0|AC  0|TAMS 0x0000000082700000, 0x0000000082700000|
|  19|0x0000000082700000, 0x0000000082800000, 0x0000000082800000|100%| O|  |TS  1|AC  0|TAMS 0x0000000082714800, 0x0000000082714800|
|  20|0x0000000082800000, 0x0000000082900000, 0x0000000082900000|100%| O|  |TS  1|AC  0|TAMS 0x0000000082800000, 0x0000000082800000|
|  21|0x0000000082900000, 0x0000000082a00000, 0x0000000082a00000|100%| O|  |TS  1|AC  0|TAMS 0x0000000082900000, 0x0000000082900000|
|  22|0x0000000082a00000, 0x0000000082b00000, 0x0000000082b00000|100%| O|  |TS  5|AC  0|TAMS 0x0000000082a00000, 0x0000000082a00000|
|  23|0x0000000082b00000, 0x0000000082c00000, 0x0000000082c00000|100%| O|  |TS 19|AC  0|TAMS 0x0000000082b00000, 0x0000000082b00000|
|  24|0x0000000082c00000, 0x0000000082d00000, 0x0000000082d00000|100%| O|  |TS 36|AC  0|TAMS 0x0000000082c00000, 0x0000000082c00000|
|  25|0x0000000082d00000, 0x0000000082e00000, 0x0000000082e00000|100%| O|  |TS 62|AC  0|TAMS 0x0000000082d00000, 0x0000000082d00000|
|  26|0x0000000082e00000, 0x0000000082f00000, 0x0000000082f00000|100%| O|  |TS 62|AC  0|TAMS 0x0000000082e00000, 0x0000000082e00000|
|  27|0x0000000082f00000, 0x0000000083000000, 0x0000000083000000|100%| O|  |TS 63|AC  0|TAMS 0x0000000082f00000, 0x0000000082f00000|
|  28|0x0000000083000000, 0x0000000083100000, 0x0000000083100000|100%| O|  |TS 63|AC  0|TAMS 0x0000000083000000, 0x0000000083000000|
|  29|0x0000000083100000, 0x0000000083200000, 0x0000000083200000|100%| O|  |TS 64|AC  0|TAMS 0x0000000083100000, 0x0000000083100000|
|  30|0x0000000083200000, 0x0000000083300000, 0x0000000083300000|100%| O|  |TS 66|AC  0|TAMS 0x0000000083200000, 0x0000000083200000|
|  31|0x0000000083300000, 0x0000000083400000, 0x0000000083400000|100%| O|  |TS 70|AC  0|TAMS 0x0000000083300000, 0x0000000083300000|
|  32|0x0000000083400000, 0x0000000083500000, 0x0000000083500000|100%| O|  |TS 71|AC  0|TAMS 0x0000000083400000, 0x0000000083400000|
|  33|0x0000000083500000, 0x0000000083600000, 0x0000000083600000|100%| O|  |TS 71|AC  0|TAMS 0x0000000083500000, 0x0000000083500000|
|  34|0x0000000083600000, 0x0000000083700000, 0x0000000083700000|100%| O|  |TS 72|AC  0|TAMS 0x0000000083600000, 0x0000000083600000|
|  35|0x0000000083700000, 0x0000000083800000, 0x0000000083800000|100%| O|  |TS 74|AC  0|TAMS 0x0000000083700000, 0x0000000083700000|
|  36|0x0000000083800000, 0x0000000083900000, 0x0000000083900000|100%| O|  |TS 76|AC  0|TAMS 0x0000000083800000, 0x0000000083800000|
|  37|0x0000000083900000, 0x0000000083a00000, 0x0000000083a00000|100%| O|  |TS 76|AC  0|TAMS 0x0000000083900000, 0x0000000083900000|
|  38|0x0000000083a00000, 0x0000000083b00000, 0x0000000083b00000|100%| O|  |TS 76|AC  0|TAMS 0x0000000083a00000, 0x0000000083a00000|
|  39|0x0000000083b00000, 0x0000000083bec000, 0x0000000083c00000| 92%| O|  |TS 76|AC  0|TAMS 0x0000000083b00000, 0x0000000083b00000|
|  40|0x0000000083c00000, 0x0000000083c00000, 0x0000000083d00000|  0%| F|  |TS  0|AC  0|TAMS 0x0000000083c00000, 0x0000000083c00000|
|  41|0x0000000083d00000, 0x0000000083d00000, 0x0000000083e00000|  0%| F|  |TS  0|AC  0|TAMS 0x0000000083d00000, 0x0000000083d00000|
|  42|0x0000000083e00000, 0x0000000083e00000, 0x0000000083f00000|  0%| F|  |TS  0|AC  0|TAMS 0x0000000083e00000, 0x0000000083e00000|
|  43|0x0000000083f00000, 0x0000000083f00000, 0x0000000084000000|  0%| F|  |TS  0|AC  0|TAMS 0x0000000083f00000, 0x0000000083f00000|
|  44|0x0000000084000000, 0x0000000084000000, 0x0000000084100000|  0%| F|  |TS  0|AC  0|TAMS 0x0000000084000000, 0x0000000084000000|
|  45|0x0000000084100000, 0x0000000084100000, 0x0000000084200000|  0%| F|  |TS  0|AC  0|TAMS 0x0000000084100000, 0x0000000084100000|
|  46|0x0000000084200000, 0x0000000084200000, 0x0000000084300000|  0%| F|  |TS  0|AC  0|TAMS 0x0000000084200000, 0x0000000084200000|
|  47|0x0000000084300000, 0x0000000084300000, 0x0000000084400000|  0%| F|  |TS  0|AC  0|TAMS 0x0000000084300000, 0x0000000084300000|
|  48|0x0000000084400000, 0x0000000084400000, 0x0000000084500000|  0%| F|  |TS  0|AC  0|TAMS 0x0000000084400000, 0x0000000084400000|
|  49|0x0000000084500000, 0x0000000084500000, 0x0000000084600000|  0%| F|  |TS  0|AC  0|TAMS 0x0000000084500000, 0x0000000084500000|
|  50|0x0000000084600000, 0x0000000084600000, 0x0000000084700000|  0%| F|  |TS  0|AC  0|TAMS 0x0000000084600000, 0x0000000084600000|
|  51|0x0000000084700000, 0x0000000084700000, 0x0000000084800000|  0%| F|  |TS  0|AC  0|TAMS 0x0000000084700000, 0x0000000084700000|
|  52|0x0000000084800000, 0x0000000084800000, 0x0000000084900000|  0%| F|  |TS  0|AC  0|TAMS 0x0000000084800000, 0x0000000084800000|
|  53|0x0000000084900000, 0x0000000084900000, 0x0000000084a00000|  0%| F|  |TS  0|AC  0|TAMS 0x0000000084900000, 0x0000000084900000|
|  54|0x0000000084a00000, 0x0000000084a00000, 0x0000000084b00000|  0%| F|  |TS  0|AC  0|TAMS 0x0000000084a00000, 0x0000000084a00000|
|  55|0x0000000084b00000, 0x0000000084b00000, 0x0000000084c00000|  0%| F|  |TS 11|AC  0|TAMS 0x0000000084b00000, 0x0000000084b00000|
|  56|0x0000000084c00000, 0x0000000084c00000, 0x0000000084d00000|  0%| F|  |TS 62|AC  0|TAMS 0x0000000084c00000, 0x0000000084c00000|
|  57|0x0000000084d00000, 0x0000000084d00000, 0x0000000084e00000|  0%| F|  |TS 62|AC  0|TAMS 0x0000000084d00000, 0x0000000084d00000|
|  58|0x0000000084e00000, 0x0000000084e00000, 0x0000000084f00000|  0%| F|  |TS 61|AC  0|TAMS 0x0000000084e00000, 0x0000000084e00000|
|  59|0x0000000084f00000, 0x0000000084f00000, 0x0000000085000000|  0%| F|  |TS 62|AC  0|TAMS 0x0000000084f00000, 0x0000000084f00000|
|  60|0x0000000085000000, 0x0000000085000000, 0x0000000085100000|  0%| F|  |TS 62|AC  0|TAMS 0x0000000085000000, 0x0000000085000000|
|  61|0x0000000085100000, 0x0000000085100000, 0x0000000085200000|  0%| F|  |TS 62|AC  0|TAMS 0x0000000085100000, 0x0000000085100000|
|  62|0x0000000085200000, 0x0000000085200000, 0x0000000085300000|  0%| F|  |TS 61|AC  0|TAMS 0x0000000085200000, 0x0000000085200000|
|  63|0x0000000085300000, 0x0000000085300000, 0x0000000085400000|  0%| F|  |TS 61|AC  0|TAMS 0x0000000085300000, 0x0000000085300000|
|  64|0x0000000085400000, 0x0000000085400000, 0x0000000085500000|  0%| F|  |TS 61|AC  0|TAMS 0x0000000085400000, 0x0000000085400000|
|  65|0x0000000085500000, 0x0000000085500000, 0x0000000085600000|  0%| F|  |TS 62|AC  0|TAMS 0x0000000085500000, 0x0000000085500000|
|  66|0x0000000085600000, 0x0000000085600000, 0x0000000085700000|  0%| F|  |TS 61|AC  0|TAMS 0x0000000085600000, 0x0000000085600000|
|  67|0x0000000085700000, 0x0000000085700000, 0x0000000085800000|  0%| F|  |TS 61|AC  0|TAMS 0x0000000085700000, 0x0000000085700000|
|  68|0x0000000085800000, 0x0000000085800000, 0x0000000085900000|  0%| F|  |TS 61|AC  0|TAMS 0x0000000085800000, 0x0000000085800000|
|  69|0x0000000085900000, 0x0000000085900000, 0x0000000085a00000|  0%| F|  |TS 61|AC  0|TAMS 0x0000000085900000, 0x0000000085900000|
|  70|0x0000000085a00000, 0x0000000085a00000, 0x0000000085b00000|  0%| F|  |TS 61|AC  0|TAMS 0x0000000085a00000, 0x0000000085a00000|
|  71|0x0000000085b00000, 0x0000000085b00000, 0x0000000085c00000|  0%| F|  |TS 61|AC  0|TAMS 0x0000000085b00000, 0x0000000085b00000|
|  72|0x0000000085c00000, 0x0000000085c00000, 0x0000000085d00000|  0%| F|  |TS 61|AC  0|TAMS 0x0000000085c00000, 0x0000000085c00000|
|  73|0x0000000085d00000, 0x0000000085d00000, 0x0000000085e00000|  0%| F|  |TS 61|AC  0|TAMS 0x0000000085d00000, 0x0000000085d00000|
|  74|0x0000000085e00000, 0x0000000085e00000, 0x0000000085f00000|  0%| F|  |TS 61|AC  0|TAMS 0x0000000085e00000, 0x0000000085e00000|
|  75|0x0000000085f00000, 0x0000000085f00000, 0x0000000086000000|  0%| F|  |TS 61|AC  0|TAMS 0x0000000085f00000, 0x0000000085f00000|
|  76|0x0000000086000000, 0x0000000086000000, 0x0000000086100000|  0%| F|  |TS 61|AC  0|TAMS 0x0000000086000000, 0x0000000086000000|
|  77|0x0000000086100000, 0x0000000086100000, 0x0000000086200000|  0%| F|  |TS 61|AC  0|TAMS 0x0000000086100000, 0x0000000086100000|
|  78|0x0000000086200000, 0x0000000086200000, 0x0000000086300000|  0%| F|  |TS 61|AC  0|TAMS 0x0000000086200000, 0x0000000086200000|
|  79|0x0000000086300000, 0x0000000086300000, 0x0000000086400000|  0%| F|  |TS 61|AC  0|TAMS 0x0000000086300000, 0x0000000086300000|
|  80|0x0000000086400000, 0x0000000086400000, 0x0000000086500000|  0%| F|  |TS 61|AC  0|TAMS 0x0000000086400000, 0x0000000086400000|
|  81|0x0000000086500000, 0x0000000086500000, 0x0000000086600000|  0%| F|  |TS 61|AC  0|TAMS 0x0000000086500000, 0x0000000086500000|
|  82|0x0000000086600000, 0x0000000086600000, 0x0000000086700000|  0%| F|  |TS 61|AC  0|TAMS 0x0000000086600000, 0x0000000086600000|
|  83|0x0000000086700000, 0x0000000086700000, 0x0000000086800000|  0%| F|  |TS 61|AC  0|TAMS 0x0000000086700000, 0x0000000086700000|
|  84|0x0000000086800000, 0x0000000086800000, 0x0000000086900000|  0%| F|  |TS 61|AC  0|TAMS 0x0000000086800000, 0x0000000086800000|
|  85|0x0000000086900000, 0x0000000086900000, 0x0000000086a00000|  0%| F|  |TS 61|AC  0|TAMS 0x0000000086900000, 0x0000000086900000|
|  86|0x0000000086a00000, 0x0000000086a00000, 0x0000000086b00000|  0%| F|  |TS 61|AC  0|TAMS 0x0000000086a00000, 0x0000000086a00000|
|  87|0x0000000086b00000, 0x0000000086b00000, 0x0000000086c00000|  0%| F|  |TS 61|AC  0|TAMS 0x0000000086b00000, 0x0000000086b00000|
|  88|0x0000000086c00000, 0x0000000086c00000, 0x0000000086d00000|  0%| F|  |TS 61|AC  0|TAMS 0x0000000086c00000, 0x0000000086c00000|
|  89|0x0000000086d00000, 0x0000000086d00000, 0x0000000086e00000|  0%| F|  |TS 61|AC  0|TAMS 0x0000000086d00000, 0x0000000086d00000|
|  90|0x0000000086e00000, 0x0000000086e00000, 0x0000000086f00000|  0%| F|  |TS 76|AC  0|TAMS 0x0000000086e00000, 0x0000000086e00000|
|  91|0x0000000086f00000, 0x0000000086f00000, 0x0000000087000000|  0%| F|  |TS 76|AC  0|TAMS 0x0000000086f00000, 0x0000000086f00000|
|  92|0x0000000087000000, 0x0000000087000000, 0x0000000087100000|  0%| F|  |TS 76|AC  0|TAMS 0x0000000087000000, 0x0000000087000000|
|  93|0x0000000087100000, 0x0000000087100000, 0x0000000087200000|  0%| F|  |TS 76|AC  0|TAMS 0x0000000087100000, 0x0000000087100000|
|  94|0x0000000087200000, 0x0000000087200000, 0x0000000087300000|  0%| F|  |TS 76|AC  0|TAMS 0x0000000087200000, 0x0000000087200000|
|  95|0x0000000087300000, 0x0000000087300000, 0x0000000087400000|  0%| F|  |TS 75|AC  0|TAMS 0x0000000087300000, 0x0000000087300000|
|  96|0x0000000087400000, 0x0000000087400000, 0x0000000087500000|  0%| F|  |TS 75|AC  0|TAMS 0x0000000087400000, 0x0000000087400000|
|  97|0x0000000087500000, 0x0000000087500000, 0x0000000087600000|  0%| F|  |TS 75|AC  0|TAMS 0x0000000087500000, 0x0000000087500000|
|  98|0x0000000087600000, 0x0000000087600000, 0x0000000087700000|  0%| F|  |TS 75|AC  0|TAMS 0x0000000087600000, 0x0000000087600000|
|  99|0x0000000087700000, 0x0000000087700000, 0x0000000087800000|  0%| F|  |TS 75|AC  0|TAMS 0x0000000087700000, 0x0000000087700000|
| 100|0x0000000087800000, 0x0000000087800000, 0x0000000087900000|  0%| F|  |TS 75|AC  0|TAMS 0x0000000087800000, 0x0000000087800000|
| 101|0x0000000087900000, 0x0000000087900000, 0x0000000087a00000|  0%| F|  |TS 75|AC  0|TAMS 0x0000000087900000, 0x0000000087900000|
| 102|0x0000000087a00000, 0x0000000087a00000, 0x0000000087b00000|  0%| F|  |TS 75|AC  0|TAMS 0x0000000087a00000, 0x0000000087a00000|
| 103|0x0000000087b00000, 0x0000000087b00000, 0x0000000087c00000|  0%| F|  |TS 75|AC  0|TAMS 0x0000000087b00000, 0x0000000087b00000|
| 104|0x0000000087c00000, 0x0000000087c00000, 0x0000000087d00000|  0%| F|  |TS 75|AC  0|TAMS 0x0000000087c00000, 0x0000000087c00000|
| 105|0x0000000087d00000, 0x0000000087d00000, 0x0000000087e00000|  0%| F|  |TS 75|AC  0|TAMS 0x0000000087d00000, 0x0000000087d00000|
| 106|0x0000000087e00000, 0x0000000087e00000, 0x0000000087f00000|  0%| F|  |TS 75|AC  0|TAMS 0x0000000087e00000, 0x0000000087e00000|
| 107|0x0000000087f00000, 0x0000000087f00000, 0x0000000088000000|  0%| F|  |TS 75|AC  0|TAMS 0x0000000087f00000, 0x0000000087f00000|
| 108|0x0000000088000000, 0x0000000088000000, 0x0000000088100000|  0%| F|  |TS 75|AC  0|TAMS 0x0000000088000000, 0x0000000088000000|
| 109|0x0000000088100000, 0x0000000088100000, 0x0000000088200000|  0%| F|  |TS 75|AC  0|TAMS 0x0000000088100000, 0x0000000088100000|
| 110|0x0000000088200000, 0x0000000088200000, 0x0000000088300000|  0%| F|  |TS 75|AC  0|TAMS 0x0000000088200000, 0x0000000088200000|
| 111|0x0000000088300000, 0x0000000088300000, 0x0000000088400000|  0%| F|  |TS 75|AC  0|TAMS 0x0000000088300000, 0x0000000088300000|
| 112|0x0000000088400000, 0x0000000088400000, 0x0000000088500000|  0%| F|  |TS 75|AC  0|TAMS 0x0000000088400000, 0x0000000088400000|
| 113|0x0000000088500000, 0x0000000088500000, 0x0000000088600000|  0%| F|  |TS 75|AC  0|TAMS 0x0000000088500000, 0x0000000088500000|
| 114|0x0000000088600000, 0x0000000088600000, 0x0000000088700000|  0%| F|  |TS 75|AC  0|TAMS 0x0000000088600000, 0x0000000088600000|
| 115|0x0000000088700000, 0x0000000088700000, 0x0000000088800000|  0%| F|  |TS 75|AC  0|TAMS 0x0000000088700000, 0x0000000088700000|
| 116|0x0000000088800000, 0x0000000088800000, 0x0000000088900000|  0%| F|  |TS 75|AC  0|TAMS 0x0000000088800000, 0x0000000088800000|
| 117|0x0000000088900000, 0x0000000088900000, 0x0000000088a00000|  0%| F|  |TS 75|AC  0|TAMS 0x0000000088900000, 0x0000000088900000|
| 118|0x0000000088a00000, 0x0000000088a00000, 0x0000000088b00000|  0%| F|  |TS 75|AC  0|TAMS 0x0000000088a00000, 0x0000000088a00000|
| 119|0x0000000088b00000, 0x0000000088b00000, 0x0000000088c00000|  0%| F|  |TS 75|AC  0|TAMS 0x0000000088b00000, 0x0000000088b00000|
| 120|0x0000000088c00000, 0x0000000088c00000, 0x0000000088d00000|  0%| F|  |TS 75|AC  0|TAMS 0x0000000088c00000, 0x0000000088c00000|
| 121|0x0000000088d00000, 0x0000000088d00000, 0x0000000088e00000|  0%| F|  |TS 75|AC  0|TAMS 0x0000000088d00000, 0x0000000088d00000|
| 122|0x0000000088e00000, 0x0000000088e00000, 0x0000000088f00000|  0%| F|  |TS 75|AC  0|TAMS 0x0000000088e00000, 0x0000000088e00000|
| 123|0x0000000088f00000, 0x0000000088f00000, 0x0000000089000000|  0%| F|  |TS 75|AC  0|TAMS 0x0000000088f00000, 0x0000000088f00000|
| 124|0x0000000089000000, 0x0000000089000000, 0x0000000089100000|  0%| F|  |TS 75|AC  0|TAMS 0x0000000089000000, 0x0000000089000000|
| 125|0x0000000089100000, 0x0000000089100000, 0x0000000089200000|  0%| F|  |TS 75|AC  0|TAMS 0x0000000089100000, 0x0000000089100000|
| 126|0x0000000089200000, 0x0000000089200000, 0x0000000089300000|  0%| F|  |TS 75|AC  0|TAMS 0x0000000089200000, 0x0000000089200000|
| 127|0x0000000089300000, 0x0000000089300000, 0x0000000089400000|  0%| F|  |TS 75|AC  0|TAMS 0x0000000089300000, 0x0000000089300000|
| 128|0x0000000089400000, 0x0000000089400000, 0x0000000089500000|  0%| F|  |TS 75|AC  0|TAMS 0x0000000089400000, 0x0000000089400000|
| 129|0x0000000089500000, 0x0000000089500000, 0x0000000089600000|  0%| F|  |TS 75|AC  0|TAMS 0x0000000089500000, 0x0000000089500000|
| 130|0x0000000089600000, 0x0000000089600000, 0x0000000089700000|  0%| F|  |TS 75|AC  0|TAMS 0x0000000089600000, 0x0000000089600000|
| 131|0x0000000089700000, 0x0000000089700000, 0x0000000089800000|  0%| F|  |TS 75|AC  0|TAMS 0x0000000089700000, 0x0000000089700000|
| 132|0x0000000089800000, 0x0000000089800000, 0x0000000089900000|  0%| F|  |TS 75|AC  0|TAMS 0x0000000089800000, 0x0000000089800000|
| 133|0x0000000089900000, 0x0000000089900000, 0x0000000089a00000|  0%| F|  |TS 75|AC  0|TAMS 0x0000000089900000, 0x0000000089900000|
| 134|0x0000000089a00000, 0x0000000089a00000, 0x0000000089b00000|  0%| F|  |TS 75|AC  0|TAMS 0x0000000089a00000, 0x0000000089a00000|
| 135|0x0000000089b00000, 0x0000000089b00000, 0x0000000089c00000|  0%| F|  |TS 75|AC  0|TAMS 0x0000000089b00000, 0x0000000089b00000|
| 136|0x0000000089c00000, 0x0000000089c00000, 0x0000000089d00000|  0%| F|  |TS 75|AC  0|TAMS 0x0000000089c00000, 0x0000000089c00000|
| 137|0x0000000089d00000, 0x0000000089d00000, 0x0000000089e00000|  0%| F|  |TS 75|AC  0|TAMS 0x0000000089d00000, 0x0000000089d00000|
| 138|0x0000000089e00000, 0x0000000089e00000, 0x0000000089f00000|  0%| F|  |TS 75|AC  0|TAMS 0x0000000089e00000, 0x0000000089e00000|
| 139|0x0000000089f00000, 0x0000000089f00000, 0x000000008a000000|  0%| F|  |TS 75|AC  0|TAMS 0x0000000089f00000, 0x0000000089f00000|
| 140|0x000000008a000000, 0x000000008a000000, 0x000000008a100000|  0%| F|  |TS 75|AC  0|TAMS 0x000000008a000000, 0x000000008a000000|
| 141|0x000000008a100000, 0x000000008a100000, 0x000000008a200000|  0%| F|  |TS 75|AC  0|TAMS 0x000000008a100000, 0x000000008a100000|
| 142|0x000000008a200000, 0x000000008a200000, 0x000000008a300000|  0%| F|  |TS 75|AC  0|TAMS 0x000000008a200000, 0x000000008a200000|
| 143|0x000000008a300000, 0x000000008a300000, 0x000000008a400000|  0%| F|  |TS 75|AC  0|TAMS 0x000000008a300000, 0x000000008a300000|
| 144|0x000000008a400000, 0x000000008a400000, 0x000000008a500000|  0%| F|  |TS 75|AC  0|TAMS 0x000000008a400000, 0x000000008a400000|
| 145|0x000000008a500000, 0x000000008a500000, 0x000000008a600000|  0%| F|  |TS 75|AC  0|TAMS 0x000000008a500000, 0x000000008a500000|
| 146|0x000000008a600000, 0x000000008a600000, 0x000000008a700000|  0%| F|  |TS 75|AC  0|TAMS 0x000000008a600000, 0x000000008a600000|
| 147|0x000000008a700000, 0x000000008a700000, 0x000000008a800000|  0%| F|  |TS 75|AC  0|TAMS 0x000000008a700000, 0x000000008a700000|
| 148|0x000000008a800000, 0x000000008a800000, 0x000000008a900000|  0%| F|  |TS 75|AC  0|TAMS 0x000000008a800000, 0x000000008a800000|
| 149|0x000000008a900000, 0x000000008a900000, 0x000000008aa00000|  0%| F|  |TS 75|AC  0|TAMS 0x000000008a900000, 0x000000008a900000|
| 150|0x000000008aa00000, 0x000000008aa00000, 0x000000008ab00000|  0%| F|  |TS 75|AC  0|TAMS 0x000000008aa00000, 0x000000008aa00000|
| 151|0x000000008ab00000, 0x000000008ab94650, 0x000000008ac00000| 57%| S|CS|TS 76|AC  0|TAMS 0x000000008ab00000, 0x000000008ab00000|
| 152|0x000000008ac00000, 0x000000008ac00000, 0x000000008ad00000|  0%| F|  |TS 76|AC  0|TAMS 0x000000008ac00000, 0x000000008ac00000|
| 153|0x000000008ad00000, 0x000000008ad00000, 0x000000008ae00000|  0%| F|  |TS 76|AC  0|TAMS 0x000000008ad00000, 0x000000008ad00000|

Card table byte_map: [0x000001964e350000,0x000001964e750000] byte_map_base: 0x000001964df46000

Marking Bits (Prev, Next): (CMBitMap*) 0x00000196319ebf78, (CMBitMap*) 0x00000196319ebf40
 Prev Bits: [0x0000019650b00000, 0x0000019652ab0000)
 Next Bits: [0x000001964eb50000, 0x0000019650b00000)

Polling page: 0x00000196317b0000

CodeHeap 'non-profiled nmethods': size=120000Kb used=4665Kb max_used=4665Kb free=115334Kb
 bounds [0x0000019645fc0000, 0x0000019646450000, 0x000001964d4f0000]
CodeHeap 'profiled nmethods': size=120000Kb used=11071Kb max_used=12894Kb free=108928Kb
 bounds [0x000001963ea90000, 0x000001963f750000, 0x0000019645fc0000]
CodeHeap 'non-nmethods': size=5760Kb used=1166Kb max_used=1250Kb free=4593Kb
 bounds [0x000001963e4f0000, 0x000001963e760000, 0x000001963ea90000]
 total_blobs=8818 nmethods=5460 adapters=420
 compilation: enabled

Compilation events (10 events):
Event: 13506.871 Thread 0x0000019655f03000 nmethod 6525 0x000001963ed95390 code [0x000001963ed955a0, 0x000001963ed95be0]
Event: 13507.575 Thread 0x0000019655f03000 6526       3       java.util.LinkedHashMap::afterNodeRemoval (65 bytes)
Event: 13509.620 Thread 0x0000019655f03000 nmethod 6526 0x000001963ed9a510 code [0x000001963ed9a700, 0x000001963ed9abf8]
Event: 13509.972 Thread 0x0000019655f03000 6527       3       org.apache.catalina.deploy.WebXml::addServletMapping (63 bytes)
Event: 13512.376 Thread 0x0000019655f03000 nmethod 6527 0x000001963edd9d90 code [0x000001963edd9fc0, 0x000001963eddaa20]
Event: 13557.056 Thread 0x0000019655f00800 6528       4       java.util.LinkedHashMap::afterNodeRemoval (65 bytes)
Event: 13557.936 Thread 0x0000019655f00800 nmethod 6528 0x000001964644ed10 code [0x000001964644eea0, 0x000001964644f3d8]
Event: 13722.082 Thread 0x0000019655f00800 6529       4       java.util.concurrent.locks.ReentrantLock$Sync::tryRelease (45 bytes)
Event: 13723.018 Thread 0x0000019655f00800 nmethod 6529 0x000001964644f490 code [0x000001964644f620, 0x000001964644f738]
Event: 13723.478 Thread 0x00000196555b1800 6530       4       java.lang.ref.ReferenceQueue::remove (6 bytes)

GC Heap History (10 events):
Event: 13001.972 GC heap after
{Heap after GC invocations=81 (full 0):
 garbage-first heap   total 157696K, used 37018K [0x0000000081400000, 0x0000000100000000)
  region size 1024K, 3 young (3072K), 3 survivors (3072K)
 Metaspace       used 41951K, capacity 43824K, committed 44108K, reserved 1087488K
  class space    used 4461K, capacity 5114K, committed 5196K, reserved 1048576K
}
Event: 13011.374 GC heap before
{Heap before GC invocations=81 (full 0):
 garbage-first heap   total 157696K, used 57498K [0x0000000081400000, 0x0000000100000000)
  region size 1024K, 23 young (23552K), 3 survivors (3072K)
 Metaspace       used 41951K, capacity 43824K, committed 44108K, reserved 1087488K
  class space    used 4461K, capacity 5114K, committed 5196K, reserved 1048576K
}
Event: 13011.831 GC heap after
{Heap after GC invocations=82 (full 0):
 garbage-first heap   total 157696K, used 38171K [0x0000000081400000, 0x0000000100000000)
  region size 1024K, 2 young (2048K), 2 survivors (2048K)
 Metaspace       used 41951K, capacity 43824K, committed 44108K, reserved 1087488K
  class space    used 4461K, capacity 5114K, committed 5196K, reserved 1048576K
}
Event: 13016.766 GC heap before
{Heap before GC invocations=82 (full 0):
 garbage-first heap   total 157696K, used 65819K [0x0000000081400000, 0x0000000100000000)
  region size 1024K, 29 young (29696K), 2 survivors (2048K)
 Metaspace       used 41951K, capacity 43824K, committed 44108K, reserved 1087488K
  class space    used 4461K, capacity 5114K, committed 5196K, reserved 1048576K
}
Event: 13017.286 GC heap after
{Heap after GC invocations=83 (full 0):
 garbage-first heap   total 157696K, used 39395K [0x0000000081400000, 0x0000000100000000)
  region size 1024K, 4 young (4096K), 4 survivors (4096K)
 Metaspace       used 41951K, capacity 43824K, committed 44108K, reserved 1087488K
  class space    used 4461K, capacity 5114K, committed 5196K, reserved 1048576K
}
Event: 13027.991 GC heap before
{Heap before GC invocations=83 (full 0):
 garbage-first heap   total 157696K, used 79331K [0x0000000081400000, 0x0000000100000000)
  region size 1024K, 43 young (44032K), 4 survivors (4096K)
 Metaspace       used 41951K, capacity 43824K, committed 44108K, reserved 1087488K
  class space    used 4461K, capacity 5114K, committed 5196K, reserved 1048576K
}
Event: 13028.604 GC heap after
{Heap after GC invocations=84 (full 0):
 garbage-first heap   total 157696K, used 40206K [0x0000000081400000, 0x0000000100000000)
  region size 1024K, 4 young (4096K), 4 survivors (4096K)
 Metaspace       used 41951K, capacity 43824K, committed 44108K, reserved 1087488K
  class space    used 4461K, capacity 5114K, committed 5196K, reserved 1048576K
}
Event: 13680.007 GC heap before
{Heap before GC invocations=84 (full 0):
 garbage-first heap   total 157696K, used 96526K [0x0000000081400000, 0x0000000100000000)
  region size 1024K, 59 young (60416K), 4 survivors (4096K)
 Metaspace       used 42003K, capacity 44008K, committed 44108K, reserved 1087488K
  class space    used 4471K, capacity 5154K, committed 5196K, reserved 1048576K
}
Event: 13719.454 GC heap after
{Heap after GC invocations=85 (full 0):
 garbage-first heap   total 157696K, used 41730K [0x0000000081400000, 0x0000000100000000)
  region size 1024K, 5 young (5120K), 5 survivors (5120K)
 Metaspace       used 42003K, capacity 44008K, committed 44108K, reserved 1087488K
  class space    used 4471K, capacity 5154K, committed 5196K, reserved 1048576K
}
Event: 13726.725 GC heap before
{Heap before GC invocations=85 (full 0):
 garbage-first heap   total 157696K, used 43778K [0x0000000081400000, 0x0000000100000000)
  region size 1024K, 7 young (7168K), 5 survivors (5120K)
 Metaspace       used 42003K, capacity 44008K, committed 44108K, reserved 1087488K
  class space    used 4471K, capacity 5154K, committed 5196K, reserved 1048576K
}

Deoptimization events (10 events):
Event: 4.967 Thread 0x0000019659225800 Uncommon trap: reason=unstable_if action=reinterpret pc=0x0000019645ff8674 method=java.util.concurrent.ConcurrentHashMap.get(Ljava/lang/Object;)Ljava/lang/Object; @ 76 c2
Event: 175.087 Thread 0x000001965da8c000 Uncommon trap: reason=unstable_if action=reinterpret pc=0x0000019646366c84 method=org.apache.tomcat.util.bcel.classfile.JavaClass.<init>(IILjava/lang/String;IIILorg/apache/tomcat/util/bcel/classfile/ConstantPool;[I[Lorg/apache/tomcat/util/bcel/classfile/F
Event: 175.090 Thread 0x000001965da8c000 Uncommon trap: reason=unstable_if action=reinterpret pc=0x0000019646344ed0 method=org.apache.catalina.startup.ContextConfig.processAnnotationsStream(Ljava/io/InputStream;Lorg/apache/catalina/deploy/WebXml;Z)V @ 84 c2
Event: 176.062 Thread 0x000001965da8c000 Uncommon trap: reason=unstable_if action=reinterpret pc=0x0000019646357c18 method=org.apache.tomcat.util.bcel.classfile.JavaClass.<init>(IILjava/lang/String;IIILorg/apache/tomcat/util/bcel/classfile/ConstantPool;[I[Lorg/apache/tomcat/util/bcel/classfile/F
Event: 186.384 Thread 0x000001965da8c000 Uncommon trap: reason=unstable_if action=reinterpret pc=0x00000196463015dc method=java.lang.String.equals(Ljava/lang/Object;)Z @ 27 c2
Event: 8375.720 Thread 0x000001965da8c000 Uncommon trap: reason=class_check action=maybe_recompile pc=0x00000196463d7ca8 method=jdk.internal.misc.Unsafe.allocateUninitializedArray(Ljava/lang/Class;I)Ljava/lang/Object; @ 48 c2
Event: 8375.878 Thread 0x000001965da8c000 Uncommon trap: reason=class_check action=maybe_recompile pc=0x00000196463d7ca8 method=jdk.internal.misc.Unsafe.allocateUninitializedArray(Ljava/lang/Class;I)Ljava/lang/Object; @ 48 c2
Event: 8375.888 Thread 0x000001965da8c000 Uncommon trap: reason=class_check action=maybe_recompile pc=0x00000196463d7ca8 method=jdk.internal.misc.Unsafe.allocateUninitializedArray(Ljava/lang/Class;I)Ljava/lang/Object; @ 48 c2
Event: 8375.888 Thread 0x000001965da8c000 Uncommon trap: reason=class_check action=maybe_recompile pc=0x00000196463d7ca8 method=jdk.internal.misc.Unsafe.allocateUninitializedArray(Ljava/lang/Class;I)Ljava/lang/Object; @ 48 c2
Event: 13043.148 Thread 0x000001965da8c000 Uncommon trap: reason=unstable_if action=reinterpret pc=0x00000196462df6bc method=java.util.LinkedHashMap.afterNodeRemoval(Ljava/util/HashMap$Node;)V @ 47 c2

Classes redefined (0 events):
No events

Internal exceptions (10 events):
Event: 3164.746 Thread 0x000001965da8c000 Exception <a 'java/io/FileNotFoundException'{0x0000000087368c28}> (0x0000000087368c28) thrown at [t:/workspace/open/src/hotspot/share/prims/jni.cpp, line 611]
Event: 5307.413 Thread 0x000001965da8c000 Exception <a 'java/io/FileNotFoundException'{0x0000000088d60bc0}> (0x0000000088d60bc0) thrown at [t:/workspace/open/src/hotspot/share/prims/jni.cpp, line 611]
Event: 6050.209 Thread 0x000001965da8c000 Exception <a 'java/io/FileNotFoundException'{0x000000008650ade0}> (0x000000008650ade0) thrown at [t:/workspace/open/src/hotspot/share/prims/jni.cpp, line 611]
Event: 6081.138 Thread 0x000001965da8c000 Exception <a 'java/io/FileNotFoundException'{0x000000008a8233b8}> (0x000000008a8233b8) thrown at [t:/workspace/open/src/hotspot/share/prims/jni.cpp, line 611]
Event: 8375.939 Thread 0x000001965da8c000 Exception <a 'java/io/FileNotFoundException'{0x00000000892864d0}> (0x00000000892864d0) thrown at [t:/workspace/open/src/hotspot/share/prims/jni.cpp, line 611]
Event: 8438.789 Thread 0x000001965da8c000 Exception <a 'java/io/FileNotFoundException'{0x0000000087c8be08}> (0x0000000087c8be08) thrown at [t:/workspace/open/src/hotspot/share/prims/jni.cpp, line 611]
Event: 9367.590 Thread 0x000001965da8c000 Exception <a 'java/io/FileNotFoundException'{0x0000000086742698}> (0x0000000086742698) thrown at [t:/workspace/open/src/hotspot/share/prims/jni.cpp, line 611]
Event: 9780.315 Thread 0x000001965da8c000 Exception <a 'java/io/FileNotFoundException'{0x000000008ac4e1c8}> (0x000000008ac4e1c8) thrown at [t:/workspace/open/src/hotspot/share/prims/jni.cpp, line 611]
Event: 10007.491 Thread 0x000001965da8c000 Exception <a 'java/io/FileNotFoundException'{0x0000000089a1b500}> (0x0000000089a1b500) thrown at [t:/workspace/open/src/hotspot/share/prims/jni.cpp, line 611]
Event: 13052.180 Thread 0x000001965da8c000 Exception <a 'java/io/FileNotFoundException'{0x0000000089330fa8}> (0x0000000089330fa8) thrown at [t:/workspace/open/src/hotspot/share/prims/jni.cpp, line 611]

Events (10 events):
Event: 13044.625 Thread 0x000001965da8c000 DEOPT UNPACKING pc=0x000001963e518a2f sp=0x00000045f1cfe488 mode 2
Event: 13050.879 Executing VM operation: RevokeBias
Event: 13050.879 Executing VM operation: RevokeBias done
Event: 13054.414 loading class org/apache/jasper/servlet/JspServlet
Event: 13054.414 loading class org/apache/jasper/servlet/JspServlet done
Event: 13504.112 loading class org/apache/tomcat/websocket/server/WsSci
Event: 13504.112 loading class org/apache/tomcat/websocket/server/WsSci done
Event: 13672.618 Executing VM operation: G1IncCollectionPause
Event: 13719.454 Executing VM operation: G1IncCollectionPause done
Event: 13725.000 Executing VM operation: G1IncCollectionPause


Dynamic libraries:
0x00007ff678c30000 - 0x00007ff678c6e000 	C:\Program Files\Java\jdk-10.0.2\bin\javaw.exe
0x00007ffddf640000 - 0x00007ffddf821000 	C:\Windows\SYSTEM32\ntdll.dll
0x00007ffdde220000 - 0x00007ffdde2d2000 	C:\Windows\System32\KERNEL32.DLL
0x00007ffddbae0000 - 0x00007ffddbd53000 	C:\Windows\System32\KERNELBASE.dll
0x00007ffddcc60000 - 0x00007ffddcd01000 	C:\Windows\System32\ADVAPI32.dll
0x00007ffddee60000 - 0x00007ffddeefe000 	C:\Windows\System32\msvcrt.dll
0x00007ffddcad0000 - 0x00007ffddcb2b000 	C:\Windows\System32\sechost.dll
0x00007ffddcb30000 - 0x00007ffddcc54000 	C:\Windows\System32\RPCRT4.dll
0x00007ffdde590000 - 0x00007ffdde720000 	C:\Windows\System32\USER32.dll
0x00007ffddba70000 - 0x00007ffddba90000 	C:\Windows\System32\win32u.dll
0x00007ffddf540000 - 0x00007ffddf568000 	C:\Windows\System32\GDI32.dll
0x00007ffddc570000 - 0x00007ffddc702000 	C:\Windows\System32\gdi32full.dll
0x00007ffddc840000 - 0x00007ffddc8df000 	C:\Windows\System32\msvcp_win.dll
0x00007ffddc470000 - 0x00007ffddc56a000 	C:\Windows\System32\ucrtbase.dll
0x00007ffdc8320000 - 0x00007ffdc8589000 	C:\Windows\WinSxS\amd64_microsoft.windows.common-controls_6595b64144ccf1df_6.0.17134.523_none_fb409dd930672a56\COMCTL32.dll
0x00007ffdde720000 - 0x00007ffddea42000 	C:\Windows\System32\combase.dll
0x00007ffdcf1e0000 - 0x00007ffdcf1ea000 	C:\Windows\SYSTEM32\VERSION.dll
0x00007ffddc710000 - 0x00007ffddc78a000 	C:\Windows\System32\bcryptPrimitives.dll
0x00007ffddef00000 - 0x00007ffddef2d000 	C:\Windows\System32\IMM32.DLL
0x00007ffdcdda0000 - 0x00007ffdcde8f000 	C:\Program Files\Java\jdk-10.0.2\bin\msvcr120.dll
0x00007ffdcb7d0000 - 0x00007ffdcb876000 	C:\Program Files\Java\jdk-10.0.2\bin\msvcp120.dll
0x000000005c640000 - 0x000000005d0b0000 	C:\Program Files\Java\jdk-10.0.2\bin\server\jvm.dll
0x00007ffdde2e0000 - 0x00007ffdde2e8000 	C:\Windows\System32\PSAPI.DLL
0x00007ffdced50000 - 0x00007ffdced59000 	C:\Windows\SYSTEM32\WSOCK32.dll
0x00007ffdd7c40000 - 0x00007ffdd7c63000 	C:\Windows\SYSTEM32\WINMM.dll
0x00007ffddcd10000 - 0x00007ffddcd7c000 	C:\Windows\System32\WS2_32.dll
0x00007ffdd7c10000 - 0x00007ffdd7c3a000 	C:\Windows\SYSTEM32\winmmbase.dll
0x00007ffddba90000 - 0x00007ffddbad9000 	C:\Windows\System32\cfgmgr32.dll
0x00007ffdd7ce0000 - 0x00007ffdd7cef000 	C:\Program Files\Java\jdk-10.0.2\bin\verify.dll
0x00007ffdda390000 - 0x00007ffdda559000 	C:\Windows\SYSTEM32\DBGHELP.DLL
0x00007ffdce860000 - 0x00007ffdce889000 	C:\Windows\SYSTEM32\dbgcore.DLL
0x00007ffdd16e0000 - 0x00007ffdd1707000 	C:\Program Files\Java\jdk-10.0.2\bin\java.dll
0x00007ffdd16a0000 - 0x00007ffdd16b6000 	C:\Program Files\Java\jdk-10.0.2\bin\zip.dll
0x00007ffdd6d00000 - 0x00007ffdd6d0a000 	C:\Program Files\Java\jdk-10.0.2\bin\jimage.dll
0x00007ffddcd80000 - 0x00007ffdde1c0000 	C:\Windows\System32\SHELL32.dll
0x00007ffdde4e0000 - 0x00007ffdde589000 	C:\Windows\System32\shcore.dll
0x00007ffddbd60000 - 0x00007ffddc46d000 	C:\Windows\System32\windows.storage.dll
0x00007ffdde1c0000 - 0x00007ffdde211000 	C:\Windows\System32\shlwapi.dll
0x00007ffddb9b0000 - 0x00007ffddb9c1000 	C:\Windows\System32\kernel.appcore.dll
0x00007ffddb9d0000 - 0x00007ffddb9ef000 	C:\Windows\System32\profapi.dll
0x00007ffddb960000 - 0x00007ffddb9ac000 	C:\Windows\System32\powrprof.dll
0x00007ffddb950000 - 0x00007ffddb95a000 	C:\Windows\System32\FLTLIB.DLL
0x00007ffdd0690000 - 0x00007ffdd06aa000 	C:\Program Files\Java\jdk-10.0.2\bin\net.dll
0x00007ffdd21a0000 - 0x00007ffdd227d000 	C:\Windows\SYSTEM32\WINHTTP.dll
0x00007ffddb170000 - 0x00007ffddb1d6000 	C:\Windows\system32\mswsock.dll
0x00007ffdcded0000 - 0x00007ffdcdee1000 	C:\Program Files\Java\jdk-10.0.2\bin\nio.dll
0x00007ffddb320000 - 0x00007ffddb337000 	C:\Windows\SYSTEM32\CRYPTSP.dll
0x00007ffddad50000 - 0x00007ffddad83000 	C:\Windows\system32\rsaenh.dll
0x00007ffddb450000 - 0x00007ffddb475000 	C:\Windows\SYSTEM32\bcrypt.dll
0x00007ffddb880000 - 0x00007ffddb8a8000 	C:\Windows\SYSTEM32\USERENV.dll
0x00007ffddb340000 - 0x00007ffddb34b000 	C:\Windows\SYSTEM32\CRYPTBASE.dll
0x00007ffddaef0000 - 0x00007ffddaf28000 	C:\Windows\SYSTEM32\IPHLPAPI.DLL
0x00007ffddf530000 - 0x00007ffddf538000 	C:\Windows\System32\NSI.dll
0x00007ffdd22f0000 - 0x00007ffdd2306000 	C:\Windows\SYSTEM32\dhcpcsvc6.DLL
0x00007ffdd23e0000 - 0x00007ffdd23fa000 	C:\Windows\SYSTEM32\dhcpcsvc.DLL
0x00007ffdd5a30000 - 0x00007ffdd5a3a000 	C:\Users\admin\AppData\Local\Temp\jansi-1.17-12860715526112601563.dll
0x00007ffdd5a20000 - 0x00007ffdd5a2a000 	C:\Users\admin\AppData\Local\Temp\jansi-1.17-4263374161758295534.dll
0x00007ffdd6d10000 - 0x00007ffdd6d19000 	C:\Program Files\Java\jdk-10.0.2\bin\management.dll
0x00007ffdd1640000 - 0x00007ffdd164a000 	C:\Program Files\Java\jdk-10.0.2\bin\management_ext.dll

dbghelp: loaded successfully - version: 4.0.5 - missing functions: none
symbol engine: initialized successfully - sym options: 0x614 - pdb path: .;C:\Program Files\Java\jdk-10.0.2\bin;C:\Windows\SYSTEM32;C:\Windows\WinSxS\amd64_microsoft.windows.common-controls_6595b64144ccf1df_6.0.17134.523_none_fb409dd930672a56;C:\Program Files\Java\jdk-10.0.2\bin\server;C:\Users\admin\AppData\Local\Temp

VM Arguments:
jvm_args: -Dmaven.home=EMBEDDED -Dclassworlds.conf=C:\Users\admin\eclipse-workspace\.metadata\.plugins\org.eclipse.m2e.launching\launches\m2conf17135782011993280759.tmp -Dmaven.multiModuleProjectDirectory=C:\Users\admin\eclipse-workspace\TicketManagementSystem -Dfile.encoding=Cp1252 
java_command: org.codehaus.plexus.classworlds.launcher.Launcher -B tomcat7:run
java_class_path (initial): C:\Users\admin\Desktop\eclipse\plugins\org.eclipse.m2e.maven.runtime_1.10.0.20181127-2120\jars\plexus-classworlds-2.5.2.jar
Launcher Type: SUN_STANDARD

Logging:
Log output configuration:
#0: stdout all=warning uptime,level,tags
#1: stderr all=off uptime,level,tags

Environment Variables:
JAVA_HOME=C:\Program Files\Java\jdk-9.0.1
PATH=C:\Program Files (x86)\Common Files\Oracle\Java\javapath;C:\Windows\system32;C:\Windows;C:\Windows\System32\Wbem;C:\Windows\System32\WindowsPowerShell\v1.0\;C:\Windows\System32\OpenSSH\;C:\TDM-GCC-64\bin;C:\Program Files\Java\jdk-10.0.2\bin;C:\Users\admin\AppData\Local\Microsoft\WindowsApps;
USERNAME=admin
OS=Windows_NT
PROCESSOR_IDENTIFIER=Intel64 Family 6 Model 142 Stepping 10, GenuineIntel



---------------  S Y S T E M  ---------------

OS: Windows 10 , 64 bit Build 17134 (10.0.17134.1)

CPU:total 8 (initial active 8) (4 cores per cpu, 2 threads per core) family 6 model 142 stepping 10, cmov, cx8, fxsr, mmx, sse, sse2, sse3, ssse3, sse4.1, sse4.2, popcnt, avx, avx2, aes, clmul, erms, 3dnowpref, lzcnt, ht, tsc, tscinvbit, bmi1, bmi2, adx, fma

Memory: 4k page, physical 8303440k(911004k free), swap 28574156k(45664k free)

vm_info: Java HotSpot(TM) 64-Bit Server VM (10.0.2+13) for windows-amd64 JRE (10.0.2+13), built on Jun 28 2018 01:57:56 by "mach5one" with MS VC++ 12.0 (VS2013)

END.
