#
# There is insufficient memory for the Java Runtime Environment to continue.
# Native memory allocation (mmap) failed to map 674234368 bytes for Failed to commit area from 0x000000009ba00000 to 0x00000000c3d00000 of length 674234368.
# Possible reasons:
#   The system is out of physical RAM or swap space
#   The process is running with CompressedOops enabled, and the Java Heap may be blocking the growth of the native heap
# Possible solutions:
#   Reduce memory load on the system
#   Increase physical memory or swap space
#   Check if swap backing store is full
#   Decrease Java heap size (-Xmx/-Xms)
#   Decrease number of Java threads
#   Decrease Java thread stack sizes (-Xss)
#   Set larger code cache with -XX:ReservedCodeCacheSize=
#   JVM is running with Unscaled Compressed Oops mode in which the Java heap is
#     placed in the first 4GB address space. The Java Heap base address is the
#     maximum limit for the native heap growth. Please use -XX:HeapBaseMinAddress
#     to set the Java Heap base and to place the Java Heap above 4GB virtual address.
# This output file may be truncated or incomplete.
#
#  Out of Memory Error (t:/workspace/open/src/hotspot/os/windows/os_windows.cpp:3221), pid=1828, tid=13088
#
# JRE version: Java(TM) SE Runtime Environment (10.0.2+13) (build 10.0.2+13)
# Java VM: Java HotSpot(TM) 64-Bit Server VM (10.0.2+13, mixed mode, tiered, compressed oops, g1 gc, windows-amd64)
# No core dump will be written. Minidumps are not enabled by default on client versions of Windows
#

---------------  S U M M A R Y ------------

Command Line: -Dmaven.home=EMBEDDED -Dclassworlds.conf=C:\Users\admin\eclipse-workspace\.metadata\.plugins\org.eclipse.m2e.launching\launches\m2conf3028948958514683090.tmp -Dmaven.multiModuleProjectDirectory=C:\Users\admin\eclipse-workspace\TicketManagementSystem -Dfile.encoding=Cp1252 org.codehaus.plexus.classworlds.launcher.Launcher -B tomcat7:run

Host: Intel(R) Core(TM) i5-8250U CPU @ 1.60GHz, 8 cores, 7G,  Windows 10 , 64 bit Build 17134 (10.0.17134.1)
Time: Fri Jan 11 23:03:01 2019 India Standard Time elapsed time: 12475 seconds (0d 3h 27m 55s)

---------------  T H R E A D  ---------------

Current thread (0x0000021851e03800):  VMThread "VM Thread" [stack: 0x0000005a0b700000,0x0000005a0b800000] [id=13088]

Stack: [0x0000005a0b700000,0x0000005a0b800000]
[error occurred during error reporting (printing stack bounds), id 0xe0000002]

Native frames: (J=compiled Java code, j=interpreted, Vv=VM code, C=native code)
V  [jvm.dll+0x5a01a9]
V  [jvm.dll+0x6bcf31]
V  [jvm.dll+0x6be126]
V  [jvm.dll+0x6be715]
V  [jvm.dll+0x6be6cb]
V  [jvm.dll+0x59f993]
V  [jvm.dll+0x59fda8]
C  [ntdll.dll+0x9f7dd]
C  [ntdll.dll+0xd856]
C  [ntdll.dll+0x9e70e]
C  0x000002183b510ead

VM_Operation (0x0000005a0c7fe910): G1IncCollectionPause, mode: safepoint, requested by thread 0x0000021852e48000


---------------  P R O C E S S  ---------------

Threads class SMR info:
_java_thread_list=0x00000218549cf5c0, length=14, elements={
0x000002183017d000, 0x0000021851e09800, 0x0000021851e16800, 0x0000021852764800,
0x0000021852766000, 0x0000021852769000, 0x0000021852769800, 0x000002185276d800,
0x0000021852772800, 0x000002185277b800, 0x0000021852930000, 0x0000021852936800,
0x0000021854000000, 0x0000021852e48000
}

Java Threads: ( => current thread )
  0x000002183017d000 JavaThread "main" [_thread_blocked, id=16236, stack(0x0000005a0a200000,0x0000005a0a300000)]
  0x0000021851e09800 JavaThread "Reference Handler" daemon [_thread_blocked, id=13096, stack(0x0000005a0b800000,0x0000005a0b900000)]
  0x0000021851e16800 JavaThread "Finalizer" daemon [_thread_blocked, id=12660, stack(0x0000005a0b900000,0x0000005a0ba00000)]
  0x0000021852764800 JavaThread "Signal Dispatcher" daemon [_thread_blocked, id=12204, stack(0x0000005a0ba00000,0x0000005a0bb00000)]
  0x0000021852766000 JavaThread "Attach Listener" daemon [_thread_blocked, id=15432, stack(0x0000005a0bb00000,0x0000005a0bc00000)]
  0x0000021852769000 JavaThread "C2 CompilerThread0" daemon [_thread_blocked, id=11592, stack(0x0000005a0bc00000,0x0000005a0bd00000)]
  0x0000021852769800 JavaThread "C2 CompilerThread1" daemon [_thread_blocked, id=14832, stack(0x0000005a0bd00000,0x0000005a0be00000)]
  0x000002185276d800 JavaThread "C2 CompilerThread2" daemon [_thread_blocked, id=11988, stack(0x0000005a0be00000,0x0000005a0bf00000)]
  0x0000021852772800 JavaThread "C1 CompilerThread3" daemon [_thread_blocked, id=13240, stack(0x0000005a0bf00000,0x0000005a0c000000)]
  0x000002185277b800 JavaThread "Sweeper thread" daemon [_thread_blocked, id=3844, stack(0x0000005a0c000000,0x0000005a0c100000)]
  0x0000021852930000 JavaThread "Service Thread" daemon [_thread_blocked, id=7288, stack(0x0000005a0c100000,0x0000005a0c200000)]
  0x0000021852936800 JavaThread "Common-Cleaner" daemon [_thread_blocked, id=14144, stack(0x0000005a0c200000,0x0000005a0c300000)]
  0x0000021854000000 JavaThread "Thread-2" daemon [_thread_in_native, id=14388, stack(0x0000005a0c600000,0x0000005a0c700000)]
  0x0000021852e48000 JavaThread "ContainerBackgroundProcessor[StandardEngine[Tomcat]]" daemon [_thread_blocked, id=9600, stack(0x0000005a0c700000,0x0000005a0c800000)]

Other Threads:
=>0x0000021851e03800 VMThread "VM Thread" [stack: 0x0000005a0b700000,0x0000005a0b800000] [id=13088]
  0x0000021852938000 WatcherThread [stack: 0x0000005a0c300000,0x0000005a0c400000] [id=8484]
  0x0000021830197000 GCTaskThread "GC Thread#0" [stack: 0x0000005a0a300000,0x0000005a0a400000] [id=7296]
  0x0000021830199800 GCTaskThread "GC Thread#1" [stack: 0x0000005a0a400000,0x0000005a0a500000] [id=4132]
  0x00000218301a1800 GCTaskThread "GC Thread#2" [stack: 0x0000005a0a500000,0x0000005a0a600000] [id=4464]
  0x00000218301a7800 GCTaskThread "GC Thread#3" [stack: 0x0000005a0a600000,0x0000005a0a700000] [id=7896]
  0x00000218301a6800 GCTaskThread "GC Thread#4" [stack: 0x0000005a0a700000,0x0000005a0a800000] [id=14456]
  0x00000218301a8800 GCTaskThread "GC Thread#5" [stack: 0x0000005a0a800000,0x0000005a0a900000] [id=9388]
  0x00000218301a3800 GCTaskThread "GC Thread#6" [stack: 0x0000005a0a900000,0x0000005a0aa00000] [id=16064]
  0x00000218301a9000 GCTaskThread "GC Thread#7" [stack: 0x0000005a0aa00000,0x0000005a0ab00000] [id=16100]
  0x0000021830223000 ConcurrentGCThread "G1 Main Marker" [stack: 0x0000005a0ab00000,0x0000005a0ac00000] [id=7144]
  0x00000218301a7000 ConcurrentGCThread "G1 Conc#0" [stack: 0x0000005a0ac00000,0x0000005a0ad00000] [id=11916]
  0x00000218301a5800 ConcurrentGCThread "G1 Conc#1" [stack: 0x0000005a0ad00000,0x0000005a0ae00000] [id=7984]
  0x0000021851c74800 ConcurrentGCThread "G1 Refine#0" [stack: 0x0000005a0ae00000,0x0000005a0af00000] [id=8000]
  0x0000021851c75000 ConcurrentGCThread "G1 Refine#1" [stack: 0x0000005a0af00000,0x0000005a0b000000] [id=9956]
  0x0000021851c82000 ConcurrentGCThread "G1 Refine#2" [stack: 0x0000005a0b000000,0x0000005a0b100000] [id=12664]
  0x00000218301a9800 ConcurrentGCThread "G1 Refine#3" [stack: 0x0000005a0b100000,0x0000005a0b200000] [id=1736]
  0x00000218301a4800 ConcurrentGCThread "G1 Refine#4" [stack: 0x0000005a0b200000,0x0000005a0b300000] [id=13816]
  0x00000218301aa800 ConcurrentGCThread "G1 Refine#5" [stack: 0x0000005a0b300000,0x0000005a0b400000] [id=14944]
  0x00000218301a5000 ConcurrentGCThread "G1 Refine#6" [stack: 0x0000005a0b400000,0x0000005a0b500000] [id=12844]
  0x00000218301a3000 ConcurrentGCThread "G1 Refine#7" [stack: 0x0000005a0b500000,0x0000005a0b600000] [id=10528]
  0x0000021851c99000 ConcurrentGCThread "G1 Young RemSet Sampling" [stack: 0x0000005a0b600000,0x0000005a0b700000] [id=15808]

Threads with active compile tasks:

VM state:at safepoint (normal execution)

VM Mutex/Monitor currently owned by a thread:  ([mutex/lock_event])
[0x000002183017bd70] Threads_lock - owner thread: 0x0000021851e03800
[0x000002183017bb30] Heap_lock - owner thread: 0x0000021852e48000

Heap address: 0x0000000081400000, size: 2028 MB, Compressed Oops mode: 32-bit
Narrow klass base: 0x0000000000000000, Narrow klass shift: 3
Compressed class space size: 1073741824 Address: 0x0000000100000000

Heap:
 garbage-first heap   total 1090560K, used 51632K [0x0000000081400000, 0x0000000100000000)
  region size 1024K, 3 young (3072K), 3 survivors (3072K)
 Metaspace       used 33724K, capacity 35566K, committed 36300K, reserved 1081344K
  class space    used 3416K, capacity 4093K, committed 4300K, reserved 1048576K
Heap Regions: E=young(eden), S=young(survivor), O=old, HS=humongous(starts), HC=humongous(continues), CS=collection set, F=free, A=archive, TS=gc time stamp, AC=allocation context, TAMS=top-at-mark-start (previous, next)
|   0|0x0000000081400000, 0x0000000081500000, 0x0000000081500000|100%| O|  |TS  0|AC  0|TAMS 0x0000000081500000, 0x0000000081500000|
|   1|0x0000000081500000, 0x0000000081600000, 0x0000000081600000|100%| O|  |TS  0|AC  0|TAMS 0x0000000081600000, 0x0000000081600000|
|   2|0x0000000081600000, 0x0000000081700000, 0x0000000081700000|100%| O|  |TS  0|AC  0|TAMS 0x0000000081700000, 0x0000000081700000|
|   3|0x0000000081700000, 0x0000000081800000, 0x0000000081800000|100%| O|  |TS  0|AC  0|TAMS 0x0000000081800000, 0x0000000081800000|
|   4|0x0000000081800000, 0x0000000081900000, 0x0000000081900000|100%| O|  |TS  0|AC  0|TAMS 0x0000000081900000, 0x0000000081900000|
|   5|0x0000000081900000, 0x0000000081a00000, 0x0000000081a00000|100%| O|  |TS  0|AC  0|TAMS 0x0000000081a00000, 0x0000000081a00000|
|   6|0x0000000081a00000, 0x0000000081b00000, 0x0000000081b00000|100%| O|  |TS  0|AC  0|TAMS 0x0000000081b00000, 0x0000000081b00000|
|   7|0x0000000081b00000, 0x0000000081c00000, 0x0000000081c00000|100%| O|  |TS  0|AC  0|TAMS 0x0000000081c00000, 0x0000000081c00000|
|   8|0x0000000081c00000, 0x0000000081d00000, 0x0000000081d00000|100%| O|  |TS  0|AC  0|TAMS 0x0000000081d00000, 0x0000000081d00000|
|   9|0x0000000081d00000, 0x0000000081e00000, 0x0000000081e00000|100%| O|  |TS  0|AC  0|TAMS 0x0000000081e00000, 0x0000000081e00000|
|  10|0x0000000081e00000, 0x0000000081f00000, 0x0000000081f00000|100%| O|  |TS  0|AC  0|TAMS 0x0000000081f00000, 0x0000000081f00000|
|  11|0x0000000081f00000, 0x0000000082000000, 0x0000000082000000|100%| O|  |TS  0|AC  0|TAMS 0x0000000082000000, 0x0000000082000000|
|  12|0x0000000082000000, 0x0000000082100000, 0x0000000082100000|100%| O|  |TS  0|AC  0|TAMS 0x0000000082100000, 0x0000000082100000|
|  13|0x0000000082100000, 0x0000000082200000, 0x0000000082200000|100%| O|  |TS  0|AC  0|TAMS 0x0000000082200000, 0x0000000082200000|
|  14|0x0000000082200000, 0x0000000082300000, 0x0000000082300000|100%| O|  |TS  0|AC  0|TAMS 0x0000000082300000, 0x0000000082300000|
|  15|0x0000000082300000, 0x0000000082400000, 0x0000000082400000|100%| O|  |TS  0|AC  0|TAMS 0x0000000082400000, 0x0000000082400000|
|  16|0x0000000082400000, 0x0000000082500000, 0x0000000082500000|100%| O|  |TS  0|AC  0|TAMS 0x0000000082500000, 0x0000000082500000|
|  17|0x0000000082500000, 0x0000000082600000, 0x0000000082600000|100%| O|  |TS  0|AC  0|TAMS 0x0000000082600000, 0x0000000082600000|
|  18|0x0000000082600000, 0x0000000082700000, 0x0000000082700000|100%| O|  |TS  0|AC  0|TAMS 0x0000000082700000, 0x0000000082700000|
|  19|0x0000000082700000, 0x0000000082800000, 0x0000000082800000|100%| O|  |TS  0|AC  0|TAMS 0x0000000082800000, 0x0000000082800000|
|  20|0x0000000082800000, 0x0000000082900000, 0x0000000082900000|100%| O|  |TS  2|AC  0|TAMS 0x000000008289b400, 0x000000008289b400|
|  21|0x0000000082900000, 0x0000000082a00000, 0x0000000082a00000|100%| O|  |TS  2|AC  0|TAMS 0x0000000082900000, 0x0000000082900000|
|  22|0x0000000082a00000, 0x0000000082b00000, 0x0000000082b00000|100%| O|  |TS  2|AC  0|TAMS 0x0000000082a00000, 0x0000000082a00000|
|  23|0x0000000082b00000, 0x0000000082c00000, 0x0000000082c00000|100%| O|  |TS  2|AC  0|TAMS 0x0000000082b00000, 0x0000000082b00000|
|  24|0x0000000082c00000, 0x0000000082d00000, 0x0000000082d00000|100%| O|  |TS  5|AC  0|TAMS 0x0000000082c00000, 0x0000000082c00000|
|  25|0x0000000082d00000, 0x0000000082dffff8, 0x0000000082e00000| 99%| O|  |TS 19|AC  0|TAMS 0x0000000082d00000, 0x0000000082d00000|
|  26|0x0000000082e00000, 0x0000000082f00000, 0x0000000082f00000|100%| O|  |TS 21|AC  0|TAMS 0x0000000082e00000, 0x0000000082e00000|
|  27|0x0000000082f00000, 0x0000000083000000, 0x0000000083000000|100%| O|  |TS 21|AC  0|TAMS 0x0000000082f00000, 0x0000000082f00000|
|  28|0x0000000083000000, 0x0000000083100000, 0x0000000083100000|100%| O|  |TS 21|AC  0|TAMS 0x0000000083000000, 0x0000000083000000|
|  29|0x0000000083100000, 0x0000000083200000, 0x0000000083200000|100%| O|  |TS 24|AC  0|TAMS 0x0000000083100000, 0x0000000083100000|
|  30|0x0000000083200000, 0x0000000083300000, 0x0000000083300000|100%| O|  |TS 27|AC  0|TAMS 0x0000000083200000, 0x0000000083200000|
|  31|0x0000000083300000, 0x0000000083400000, 0x0000000083400000|100%| O|  |TS 31|AC  0|TAMS 0x0000000083300000, 0x0000000083300000|
|  32|0x0000000083400000, 0x0000000083500000, 0x0000000083500000|100%| O|  |TS 32|AC  0|TAMS 0x0000000083400000, 0x0000000083400000|
|  33|0x0000000083500000, 0x0000000083600000, 0x0000000083600000|100%| O|  |TS 34|AC  0|TAMS 0x0000000083500000, 0x0000000083500000|
|  34|0x0000000083600000, 0x0000000083700000, 0x0000000083700000|100%| O|  |TS 35|AC  0|TAMS 0x0000000083600000, 0x0000000083600000|
|  35|0x0000000083700000, 0x0000000083800000, 0x0000000083800000|100%| O|  |TS 35|AC  0|TAMS 0x0000000083700000, 0x0000000083700000|
|  36|0x0000000083800000, 0x0000000083900000, 0x0000000083900000|100%| O|  |TS 38|AC  0|TAMS 0x0000000083800000, 0x0000000083800000|
|  37|0x0000000083900000, 0x0000000083a00000, 0x0000000083a00000|100%| O|  |TS 39|AC  0|TAMS 0x0000000083900000, 0x0000000083900000|
|  38|0x0000000083a00000, 0x0000000083b00000, 0x0000000083b00000|100%| O|  |TS 42|AC  0|TAMS 0x0000000083a00000, 0x0000000083a00000|
|  39|0x0000000083b00000, 0x0000000083c00000, 0x0000000083c00000|100%| O|  |TS 43|AC  0|TAMS 0x0000000083b00000, 0x0000000083b00000|
|  40|0x0000000083c00000, 0x0000000083d00000, 0x0000000083d00000|100%| O|  |TS 44|AC  0|TAMS 0x0000000083c00000, 0x0000000083c00000|
|  41|0x0000000083d00000, 0x0000000083e00000, 0x0000000083e00000|100%| O|  |TS 45|AC  0|TAMS 0x0000000083d00000, 0x0000000083d00000|
|  42|0x0000000083e00000, 0x0000000083f00000, 0x0000000083f00000|100%| O|  |TS 46|AC  0|TAMS 0x0000000083e00000, 0x0000000083e00000|
|  43|0x0000000083f00000, 0x0000000084000000, 0x0000000084000000|100%| O|  |TS 48|AC  0|TAMS 0x0000000083f00000, 0x0000000083f00000|
|  44|0x0000000084000000, 0x0000000084100000, 0x0000000084100000|100%| O|  |TS 50|AC  0|TAMS 0x0000000084000000, 0x0000000084000000|
|  45|0x0000000084100000, 0x0000000084200000, 0x0000000084200000|100%| O|  |TS 50|AC  0|TAMS 0x0000000084100000, 0x0000000084100000|
|  46|0x0000000084200000, 0x0000000084300000, 0x0000000084300000|100%| O|  |TS 51|AC  0|TAMS 0x0000000084200000, 0x0000000084200000|
|  47|0x0000000084300000, 0x0000000084400000, 0x0000000084400000|100%| O|  |TS 51|AC  0|TAMS 0x0000000084300000, 0x0000000084300000|
|  48|0x0000000084400000, 0x0000000084411400, 0x0000000084500000|  6%| O|  |TS 52|AC  0|TAMS 0x0000000084400000, 0x0000000084400000|
|  49|0x0000000084500000, 0x0000000084500000, 0x0000000084600000|  0%| F|  |TS 21|AC  0|TAMS 0x0000000084500000, 0x0000000084500000|
|  50|0x0000000084600000, 0x0000000084600000, 0x0000000084700000|  0%| F|  |TS 21|AC  0|TAMS 0x0000000084600000, 0x0000000084600000|
|  51|0x0000000084700000, 0x0000000084700000, 0x0000000084800000|  0%| F|  |TS 21|AC  0|TAMS 0x0000000084700000, 0x0000000084700000|
|  52|0x0000000084800000, 0x0000000084800000, 0x0000000084900000|  0%| F|  |TS 20|AC  0|TAMS 0x0000000084800000, 0x0000000084800000|
|  53|0x0000000084900000, 0x0000000084900000, 0x0000000084a00000|  0%| F|  |TS 20|AC  0|TAMS 0x0000000084900000, 0x0000000084900000|
|  54|0x0000000084a00000, 0x0000000084a00000, 0x0000000084b00000|  0%| F|  |TS 21|AC  0|TAMS 0x0000000084a00000, 0x0000000084a00000|
|  55|0x0000000084b00000, 0x0000000084b00000, 0x0000000084c00000|  0%| F|  |TS 20|AC  0|TAMS 0x0000000084b00000, 0x0000000084b00000|
|  56|0x0000000084c00000, 0x0000000084c00000, 0x0000000084d00000|  0%| F|  |TS 20|AC  0|TAMS 0x0000000084c00000, 0x0000000084c00000|
|  57|0x0000000084d00000, 0x0000000084d00000, 0x0000000084e00000|  0%| F|  |TS 20|AC  0|TAMS 0x0000000084d00000, 0x0000000084d00000|
|  58|0x0000000084e00000, 0x0000000084e00000, 0x0000000084f00000|  0%| F|  |TS 20|AC  0|TAMS 0x0000000084e00000, 0x0000000084e00000|
|  59|0x0000000084f00000, 0x0000000084f00000, 0x0000000085000000|  0%| F|  |TS 20|AC  0|TAMS 0x0000000084f00000, 0x0000000084f00000|
|  60|0x0000000085000000, 0x0000000085000000, 0x0000000085100000|  0%| F|  |TS 20|AC  0|TAMS 0x0000000085000000, 0x0000000085000000|
|  61|0x0000000085100000, 0x0000000085100000, 0x0000000085200000|  0%| F|  |TS 20|AC  0|TAMS 0x0000000085100000, 0x0000000085100000|
|  62|0x0000000085200000, 0x0000000085200000, 0x0000000085300000|  0%| F|  |TS 20|AC  0|TAMS 0x0000000085200000, 0x0000000085200000|
|  63|0x0000000085300000, 0x0000000085300000, 0x0000000085400000|  0%| F|  |TS 20|AC  0|TAMS 0x0000000085300000, 0x0000000085300000|
|  64|0x0000000085400000, 0x0000000085400000, 0x0000000085500000|  0%| F|  |TS 20|AC  0|TAMS 0x0000000085400000, 0x0000000085400000|
|  65|0x0000000085500000, 0x0000000085500000, 0x0000000085600000|  0%| F|  |TS 20|AC  0|TAMS 0x0000000085500000, 0x0000000085500000|
|  66|0x0000000085600000, 0x0000000085600000, 0x0000000085700000|  0%| F|  |TS 20|AC  0|TAMS 0x0000000085600000, 0x0000000085600000|
|  67|0x0000000085700000, 0x0000000085700000, 0x0000000085800000|  0%| F|  |TS 20|AC  0|TAMS 0x0000000085700000, 0x0000000085700000|
|  68|0x0000000085800000, 0x0000000085800000, 0x0000000085900000|  0%| F|  |TS 20|AC  0|TAMS 0x0000000085800000, 0x0000000085800000|
|  69|0x0000000085900000, 0x0000000085900000, 0x0000000085a00000|  0%| F|  |TS 20|AC  0|TAMS 0x0000000085900000, 0x0000000085900000|
|  70|0x0000000085a00000, 0x0000000085a00000, 0x0000000085b00000|  0%| F|  |TS 20|AC  0|TAMS 0x0000000085a00000, 0x0000000085a00000|
|  71|0x0000000085b00000, 0x0000000085b00000, 0x0000000085c00000|  0%| F|  |TS 20|AC  0|TAMS 0x0000000085b00000, 0x0000000085b00000|
|  72|0x0000000085c00000, 0x0000000085c00000, 0x0000000085d00000|  0%| F|  |TS 20|AC  0|TAMS 0x0000000085c00000, 0x0000000085c00000|
|  73|0x0000000085d00000, 0x0000000085d00000, 0x0000000085e00000|  0%| F|  |TS 20|AC  0|TAMS 0x0000000085d00000, 0x0000000085d00000|
|  74|0x0000000085e00000, 0x0000000085e00000, 0x0000000085f00000|  0%| F|  |TS 20|AC  0|TAMS 0x0000000085e00000, 0x0000000085e00000|
|  75|0x0000000085f00000, 0x0000000085f00000, 0x0000000086000000|  0%| F|  |TS 20|AC  0|TAMS 0x0000000085f00000, 0x0000000085f00000|
|  76|0x0000000086000000, 0x0000000086000000, 0x0000000086100000|  0%| F|  |TS 35|AC  0|TAMS 0x0000000086000000, 0x0000000086000000|
|  77|0x0000000086100000, 0x0000000086100000, 0x0000000086200000|  0%| F|  |TS 35|AC  0|TAMS 0x0000000086100000, 0x0000000086100000|
|  78|0x0000000086200000, 0x0000000086200000, 0x0000000086300000|  0%| F|  |TS 34|AC  0|TAMS 0x0000000086200000, 0x0000000086200000|
|  79|0x0000000086300000, 0x0000000086300000, 0x0000000086400000|  0%| F|  |TS 34|AC  0|TAMS 0x0000000086300000, 0x0000000086300000|
|  80|0x0000000086400000, 0x0000000086400000, 0x0000000086500000|  0%| F|  |TS 34|AC  0|TAMS 0x0000000086400000, 0x0000000086400000|
|  81|0x0000000086500000, 0x0000000086500000, 0x0000000086600000|  0%| F|  |TS 34|AC  0|TAMS 0x0000000086500000, 0x0000000086500000|
|  82|0x0000000086600000, 0x0000000086600000, 0x0000000086700000|  0%| F|  |TS 35|AC  0|TAMS 0x0000000086600000, 0x0000000086600000|
|  83|0x0000000086700000, 0x0000000086700000, 0x0000000086800000|  0%| F|  |TS 35|AC  0|TAMS 0x0000000086700000, 0x0000000086700000|
|  84|0x0000000086800000, 0x0000000086800000, 0x0000000086900000|  0%| F|  |TS 34|AC  0|TAMS 0x0000000086800000, 0x0000000086800000|
|  85|0x0000000086900000, 0x0000000086900000, 0x0000000086a00000|  0%| F|  |TS 34|AC  0|TAMS 0x0000000086900000, 0x0000000086900000|
|  86|0x0000000086a00000, 0x0000000086a00000, 0x0000000086b00000|  0%| F|  |TS 34|AC  0|TAMS 0x0000000086a00000, 0x0000000086a00000|
|  87|0x0000000086b00000, 0x0000000086b00000, 0x0000000086c00000|  0%| F|  |TS 34|AC  0|TAMS 0x0000000086b00000, 0x0000000086b00000|
|  88|0x0000000086c00000, 0x0000000086c00000, 0x0000000086d00000|  0%| F|  |TS 34|AC  0|TAMS 0x0000000086c00000, 0x0000000086c00000|
|  89|0x0000000086d00000, 0x0000000086d00000, 0x0000000086e00000|  0%| F|  |TS 34|AC  0|TAMS 0x0000000086d00000, 0x0000000086d00000|
|  90|0x0000000086e00000, 0x0000000086e00000, 0x0000000086f00000|  0%| F|  |TS 34|AC  0|TAMS 0x0000000086e00000, 0x0000000086e00000|
|  91|0x0000000086f00000, 0x0000000086f00000, 0x0000000087000000|  0%| F|  |TS 34|AC  0|TAMS 0x0000000086f00000, 0x0000000086f00000|
|  92|0x0000000087000000, 0x0000000087000000, 0x0000000087100000|  0%| F|  |TS 34|AC  0|TAMS 0x0000000087000000, 0x0000000087000000|
|  93|0x0000000087100000, 0x0000000087100000, 0x0000000087200000|  0%| F|  |TS 34|AC  0|TAMS 0x0000000087100000, 0x0000000087100000|
|  94|0x0000000087200000, 0x0000000087200000, 0x0000000087300000|  0%| F|  |TS 34|AC  0|TAMS 0x0000000087200000, 0x0000000087200000|
|  95|0x0000000087300000, 0x0000000087300000, 0x0000000087400000|  0%| F|  |TS 34|AC  0|TAMS 0x0000000087300000, 0x0000000087300000|
|  96|0x0000000087400000, 0x0000000087400000, 0x0000000087500000|  0%| F|  |TS 34|AC  0|TAMS 0x0000000087400000, 0x0000000087400000|
|  97|0x0000000087500000, 0x0000000087500000, 0x0000000087600000|  0%| F|  |TS 34|AC  0|TAMS 0x0000000087500000, 0x0000000087500000|
|  98|0x0000000087600000, 0x0000000087600000, 0x0000000087700000|  0%| F|  |TS 34|AC  0|TAMS 0x0000000087600000, 0x0000000087600000|
|  99|0x0000000087700000, 0x0000000087700000, 0x0000000087800000|  0%| F|  |TS 34|AC  0|TAMS 0x0000000087700000, 0x0000000087700000|
| 100|0x0000000087800000, 0x0000000087800000, 0x0000000087900000|  0%| F|  |TS 34|AC  0|TAMS 0x0000000087800000, 0x0000000087800000|
| 101|0x0000000087900000, 0x0000000087900000, 0x0000000087a00000|  0%| F|  |TS 34|AC  0|TAMS 0x0000000087900000, 0x0000000087900000|
| 102|0x0000000087a00000, 0x0000000087a00000, 0x0000000087b00000|  0%| F|  |TS 34|AC  0|TAMS 0x0000000087a00000, 0x0000000087a00000|
| 103|0x0000000087b00000, 0x0000000087b00000, 0x0000000087c00000|  0%| F|  |TS 34|AC  0|TAMS 0x0000000087b00000, 0x0000000087b00000|
| 104|0x0000000087c00000, 0x0000000087c00000, 0x0000000087d00000|  0%| F|  |TS 34|AC  0|TAMS 0x0000000087c00000, 0x0000000087c00000|
| 105|0x0000000087d00000, 0x0000000087d00000, 0x0000000087e00000|  0%| F|  |TS 34|AC  0|TAMS 0x0000000087d00000, 0x0000000087d00000|
| 106|0x0000000087e00000, 0x0000000087e00000, 0x0000000087f00000|  0%| F|  |TS 34|AC  0|TAMS 0x0000000087e00000, 0x0000000087e00000|
| 107|0x0000000087f00000, 0x0000000087f00000, 0x0000000088000000|  0%| F|  |TS 34|AC  0|TAMS 0x0000000087f00000, 0x0000000087f00000|
| 108|0x0000000088000000, 0x0000000088000000, 0x0000000088100000|  0%| F|  |TS 34|AC  0|TAMS 0x0000000088000000, 0x0000000088000000|
| 109|0x0000000088100000, 0x0000000088100000, 0x0000000088200000|  0%| F|  |TS 34|AC  0|TAMS 0x0000000088100000, 0x0000000088100000|
| 110|0x0000000088200000, 0x0000000088200000, 0x0000000088300000|  0%| F|  |TS 34|AC  0|TAMS 0x0000000088200000, 0x0000000088200000|
| 111|0x0000000088300000, 0x0000000088300000, 0x0000000088400000|  0%| F|  |TS 34|AC  0|TAMS 0x0000000088300000, 0x0000000088300000|
| 112|0x0000000088400000, 0x0000000088400000, 0x0000000088500000|  0%| F|  |TS 34|AC  0|TAMS 0x0000000088400000, 0x0000000088400000|
| 113|0x0000000088500000, 0x0000000088500000, 0x0000000088600000|  0%| F|  |TS 34|AC  0|TAMS 0x0000000088500000, 0x0000000088500000|
| 114|0x0000000088600000, 0x0000000088600000, 0x0000000088700000|  0%| F|  |TS 34|AC  0|TAMS 0x0000000088600000, 0x0000000088600000|
| 115|0x0000000088700000, 0x0000000088700000, 0x0000000088800000|  0%| F|  |TS 34|AC  0|TAMS 0x0000000088700000, 0x0000000088700000|
| 116|0x0000000088800000, 0x0000000088800000, 0x0000000088900000|  0%| F|  |TS 34|AC  0|TAMS 0x0000000088800000, 0x0000000088800000|
| 117|0x0000000088900000, 0x0000000088900000, 0x0000000088a00000|  0%| F|  |TS 34|AC  0|TAMS 0x0000000088900000, 0x0000000088900000|
| 118|0x0000000088a00000, 0x0000000088a00000, 0x0000000088b00000|  0%| F|  |TS 34|AC  0|TAMS 0x0000000088a00000, 0x0000000088a00000|
| 119|0x0000000088b00000, 0x0000000088b00000, 0x0000000088c00000|  0%| F|  |TS 34|AC  0|TAMS 0x0000000088b00000, 0x0000000088b00000|
| 120|0x0000000088c00000, 0x0000000088c00000, 0x0000000088d00000|  0%| F|  |TS 34|AC  0|TAMS 0x0000000088c00000, 0x0000000088c00000|
| 121|0x0000000088d00000, 0x0000000088d00000, 0x0000000088e00000|  0%| F|  |TS 34|AC  0|TAMS 0x0000000088d00000, 0x0000000088d00000|
| 122|0x0000000088e00000, 0x0000000088e00000, 0x0000000088f00000|  0%| F|  |TS 34|AC  0|TAMS 0x0000000088e00000, 0x0000000088e00000|
| 123|0x0000000088f00000, 0x0000000088f00000, 0x0000000089000000|  0%| F|  |TS 34|AC  0|TAMS 0x0000000088f00000, 0x0000000088f00000|
| 124|0x0000000089000000, 0x0000000089000000, 0x0000000089100000|  0%| F|  |TS 34|AC  0|TAMS 0x0000000089000000, 0x0000000089000000|
| 125|0x0000000089100000, 0x0000000089100000, 0x0000000089200000|  0%| F|  |TS 36|AC  0|TAMS 0x0000000089100000, 0x0000000089100000|
| 126|0x0000000089200000, 0x0000000089200000, 0x0000000089300000|  0%| F|  |TS 35|AC  0|TAMS 0x0000000089200000, 0x0000000089200000|
| 127|0x0000000089300000, 0x0000000089300000, 0x0000000089400000|  0%| F|  |TS 35|AC  0|TAMS 0x0000000089300000, 0x0000000089300000|
| 128|0x0000000089400000, 0x0000000089400000, 0x0000000089500000|  0%| F|  |TS 35|AC  0|TAMS 0x0000000089400000, 0x0000000089400000|
| 129|0x0000000089500000, 0x0000000089500000, 0x0000000089600000|  0%| F|  |TS 35|AC  0|TAMS 0x0000000089500000, 0x0000000089500000|
| 130|0x0000000089600000, 0x0000000089600000, 0x0000000089700000|  0%| F|  |TS 35|AC  0|TAMS 0x0000000089600000, 0x0000000089600000|
| 131|0x0000000089700000, 0x0000000089700000, 0x0000000089800000|  0%| F|  |TS 35|AC  0|TAMS 0x0000000089700000, 0x0000000089700000|
| 132|0x0000000089800000, 0x0000000089800000, 0x0000000089900000|  0%| F|  |TS 35|AC  0|TAMS 0x0000000089800000, 0x0000000089800000|
| 133|0x0000000089900000, 0x0000000089900000, 0x0000000089a00000|  0%| F|  |TS 35|AC  0|TAMS 0x0000000089900000, 0x0000000089900000|
| 134|0x0000000089a00000, 0x0000000089a00000, 0x0000000089b00000|  0%| F|  |TS 35|AC  0|TAMS 0x0000000089a00000, 0x0000000089a00000|
| 135|0x0000000089b00000, 0x0000000089b00000, 0x0000000089c00000|  0%| F|  |TS 35|AC  0|TAMS 0x0000000089b00000, 0x0000000089b00000|
| 136|0x0000000089c00000, 0x0000000089c00000, 0x0000000089d00000|  0%| F|  |TS 35|AC  0|TAMS 0x0000000089c00000, 0x0000000089c00000|
| 137|0x0000000089d00000, 0x0000000089d00000, 0x0000000089e00000|  0%| F|  |TS 35|AC  0|TAMS 0x0000000089d00000, 0x0000000089d00000|
| 138|0x0000000089e00000, 0x0000000089e00000, 0x0000000089f00000|  0%| F|  |TS 35|AC  0|TAMS 0x0000000089e00000, 0x0000000089e00000|
| 139|0x0000000089f00000, 0x0000000089f00000, 0x000000008a000000|  0%| F|  |TS 35|AC  0|TAMS 0x0000000089f00000, 0x0000000089f00000|
| 140|0x000000008a000000, 0x000000008a000000, 0x000000008a100000|  0%| F|  |TS 35|AC  0|TAMS 0x000000008a000000, 0x000000008a000000|
| 141|0x000000008a100000, 0x000000008a100000, 0x000000008a200000|  0%| F|  |TS 35|AC  0|TAMS 0x000000008a100000, 0x000000008a100000|
| 142|0x000000008a200000, 0x000000008a200000, 0x000000008a300000|  0%| F|  |TS 35|AC  0|TAMS 0x000000008a200000, 0x000000008a200000|
| 143|0x000000008a300000, 0x000000008a300000, 0x000000008a400000|  0%| F|  |TS 35|AC  0|TAMS 0x000000008a300000, 0x000000008a300000|
| 144|0x000000008a400000, 0x000000008a400000, 0x000000008a500000|  0%| F|  |TS 35|AC  0|TAMS 0x000000008a400000, 0x000000008a400000|
| 145|0x000000008a500000, 0x000000008a500000, 0x000000008a600000|  0%| F|  |TS 35|AC  0|TAMS 0x000000008a500000, 0x000000008a500000|
| 146|0x000000008a600000, 0x000000008a600000, 0x000000008a700000|  0%| F|  |TS 35|AC  0|TAMS 0x000000008a600000, 0x000000008a600000|
| 147|0x000000008a700000, 0x000000008a700000, 0x000000008a800000|  0%| F|  |TS 35|AC  0|TAMS 0x000000008a700000, 0x000000008a700000|
| 148|0x000000008a800000, 0x000000008a800000, 0x000000008a900000|  0%| F|  |TS 35|AC  0|TAMS 0x000000008a800000, 0x000000008a800000|
| 149|0x000000008a900000, 0x000000008a900000, 0x000000008aa00000|  0%| F|  |TS 35|AC  0|TAMS 0x000000008a900000, 0x000000008a900000|
| 150|0x000000008aa00000, 0x000000008aa00000, 0x000000008ab00000|  0%| F|  |TS 35|AC  0|TAMS 0x000000008aa00000, 0x000000008aa00000|
| 151|0x000000008ab00000, 0x000000008ab00000, 0x000000008ac00000|  0%| F|  |TS 35|AC  0|TAMS 0x000000008ab00000, 0x000000008ab00000|
| 152|0x000000008ac00000, 0x000000008ac00000, 0x000000008ad00000|  0%| F|  |TS 35|AC  0|TAMS 0x000000008ac00000, 0x000000008ac00000|
| 153|0x000000008ad00000, 0x000000008ad00000, 0x000000008ae00000|  0%| F|  |TS 35|AC  0|TAMS 0x000000008ad00000, 0x000000008ad00000|
| 154|0x000000008ae00000, 0x000000008ae00000, 0x000000008af00000|  0%| F|  |TS 35|AC  0|TAMS 0x000000008ae00000, 0x000000008ae00000|
| 155|0x000000008af00000, 0x000000008af00000, 0x000000008b000000|  0%| F|  |TS 35|AC  0|TAMS 0x000000008af00000, 0x000000008af00000|
| 156|0x000000008b000000, 0x000000008b000000, 0x000000008b100000|  0%| F|  |TS 35|AC  0|TAMS 0x000000008b000000, 0x000000008b000000|
| 157|0x000000008b100000, 0x000000008b100000, 0x000000008b200000|  0%| F|  |TS 35|AC  0|TAMS 0x000000008b100000, 0x000000008b100000|
| 158|0x000000008b200000, 0x000000008b200000, 0x000000008b300000|  0%| F|  |TS 35|AC  0|TAMS 0x000000008b200000, 0x000000008b200000|
| 159|0x000000008b300000, 0x000000008b300000, 0x000000008b400000|  0%| F|  |TS 35|AC  0|TAMS 0x000000008b300000, 0x000000008b300000|
| 160|0x000000008b400000, 0x000000008b400000, 0x000000008b500000|  0%| F|  |TS 35|AC  0|TAMS 0x000000008b400000, 0x000000008b400000|
| 161|0x000000008b500000, 0x000000008b500000, 0x000000008b600000|  0%| F|  |TS 35|AC  0|TAMS 0x000000008b500000, 0x000000008b500000|
| 162|0x000000008b600000, 0x000000008b600000, 0x000000008b700000|  0%| F|  |TS 35|AC  0|TAMS 0x000000008b600000, 0x000000008b600000|
| 163|0x000000008b700000, 0x000000008b700000, 0x000000008b800000|  0%| F|  |TS 35|AC  0|TAMS 0x000000008b700000, 0x000000008b700000|
| 164|0x000000008b800000, 0x000000008b800000, 0x000000008b900000|  0%| F|  |TS 35|AC  0|TAMS 0x000000008b800000, 0x000000008b800000|
| 165|0x000000008b900000, 0x000000008b900000, 0x000000008ba00000|  0%| F|  |TS 35|AC  0|TAMS 0x000000008b900000, 0x000000008b900000|
| 166|0x000000008ba00000, 0x000000008ba00000, 0x000000008bb00000|  0%| F|  |TS 35|AC  0|TAMS 0x000000008ba00000, 0x000000008ba00000|
| 167|0x000000008bb00000, 0x000000008bb00000, 0x000000008bc00000|  0%| F|  |TS 35|AC  0|TAMS 0x000000008bb00000, 0x000000008bb00000|
| 168|0x000000008bc00000, 0x000000008bc00000, 0x000000008bd00000|  0%| F|  |TS 35|AC  0|TAMS 0x000000008bc00000, 0x000000008bc00000|
| 169|0x000000008bd00000, 0x000000008bd00000, 0x000000008be00000|  0%| F|  |TS 35|AC  0|TAMS 0x000000008bd00000, 0x000000008bd00000|
| 170|0x000000008be00000, 0x000000008be00000, 0x000000008bf00000|  0%| F|  |TS 35|AC  0|TAMS 0x000000008be00000, 0x000000008be00000|
| 171|0x000000008bf00000, 0x000000008bf00000, 0x000000008c000000|  0%| F|  |TS 35|AC  0|TAMS 0x000000008bf00000, 0x000000008bf00000|
| 172|0x000000008c000000, 0x000000008c000000, 0x000000008c100000|  0%| F|  |TS 35|AC  0|TAMS 0x000000008c000000, 0x000000008c000000|
| 173|0x000000008c100000, 0x000000008c100000, 0x000000008c200000|  0%| F|  |TS 46|AC  0|TAMS 0x000000008c100000, 0x000000008c100000|
| 174|0x000000008c200000, 0x000000008c200000, 0x000000008c300000|  0%| F|  |TS 46|AC  0|TAMS 0x000000008c200000, 0x000000008c200000|
| 175|0x000000008c300000, 0x000000008c300000, 0x000000008c400000|  0%| F|  |TS 47|AC  0|TAMS 0x000000008c300000, 0x000000008c300000|
| 176|0x000000008c400000, 0x000000008c400000, 0x000000008c500000|  0%| F|  |TS 47|AC  0|TAMS 0x000000008c400000, 0x000000008c400000|
| 177|0x000000008c500000, 0x000000008c500000, 0x000000008c600000|  0%| F|  |TS 46|AC  0|TAMS 0x000000008c500000, 0x000000008c500000|
| 178|0x000000008c600000, 0x000000008c600000, 0x000000008c700000|  0%| F|  |TS 46|AC  0|TAMS 0x000000008c600000, 0x000000008c600000|
| 179|0x000000008c700000, 0x000000008c700000, 0x000000008c800000|  0%| F|  |TS 46|AC  0|TAMS 0x000000008c700000, 0x000000008c700000|
| 180|0x000000008c800000, 0x000000008c800000, 0x000000008c900000|  0%| F|  |TS 46|AC  0|TAMS 0x000000008c800000, 0x000000008c800000|
| 181|0x000000008c900000, 0x000000008c900000, 0x000000008ca00000|  0%| F|  |TS 46|AC  0|TAMS 0x000000008c900000, 0x000000008c900000|
| 182|0x000000008ca00000, 0x000000008ca00000, 0x000000008cb00000|  0%| F|  |TS 46|AC  0|TAMS 0x000000008ca00000, 0x000000008ca00000|
| 183|0x000000008cb00000, 0x000000008cb00000, 0x000000008cc00000|  0%| F|  |TS 46|AC  0|TAMS 0x000000008cb00000, 0x000000008cb00000|
| 184|0x000000008cc00000, 0x000000008cc00000, 0x000000008cd00000|  0%| F|  |TS 46|AC  0|TAMS 0x000000008cc00000, 0x000000008cc00000|
| 185|0x000000008cd00000, 0x000000008cd00000, 0x000000008ce00000|  0%| F|  |TS 46|AC  0|TAMS 0x000000008cd00000, 0x000000008cd00000|
| 186|0x000000008ce00000, 0x000000008ce00000, 0x000000008cf00000|  0%| F|  |TS 46|AC  0|TAMS 0x000000008ce00000, 0x000000008ce00000|
| 187|0x000000008cf00000, 0x000000008cf00000, 0x000000008d000000|  0%| F|  |TS 46|AC  0|TAMS 0x000000008cf00000, 0x000000008cf00000|
| 188|0x000000008d000000, 0x000000008d000000, 0x000000008d100000|  0%| F|  |TS 46|AC  0|TAMS 0x000000008d000000, 0x000000008d000000|
| 189|0x000000008d100000, 0x000000008d100000, 0x000000008d200000|  0%| F|  |TS 46|AC  0|TAMS 0x000000008d100000, 0x000000008d100000|
| 190|0x000000008d200000, 0x000000008d200000, 0x000000008d300000|  0%| F|  |TS 46|AC  0|TAMS 0x000000008d200000, 0x000000008d200000|
| 191|0x000000008d300000, 0x000000008d300000, 0x000000008d400000|  0%| F|  |TS 46|AC  0|TAMS 0x000000008d300000, 0x000000008d300000|
| 192|0x000000008d400000, 0x000000008d400000, 0x000000008d500000|  0%| F|  |TS 46|AC  0|TAMS 0x000000008d400000, 0x000000008d400000|
| 193|0x000000008d500000, 0x000000008d500000, 0x000000008d600000|  0%| F|  |TS 46|AC  0|TAMS 0x000000008d500000, 0x000000008d500000|
| 194|0x000000008d600000, 0x000000008d600000, 0x000000008d700000|  0%| F|  |TS 46|AC  0|TAMS 0x000000008d600000, 0x000000008d600000|
| 195|0x000000008d700000, 0x000000008d700000, 0x000000008d800000|  0%| F|  |TS 46|AC  0|TAMS 0x000000008d700000, 0x000000008d700000|
| 196|0x000000008d800000, 0x000000008d800000, 0x000000008d900000|  0%| F|  |TS 46|AC  0|TAMS 0x000000008d800000, 0x000000008d800000|
| 197|0x000000008d900000, 0x000000008d900000, 0x000000008da00000|  0%| F|  |TS 46|AC  0|TAMS 0x000000008d900000, 0x000000008d900000|
| 198|0x000000008da00000, 0x000000008da00000, 0x000000008db00000|  0%| F|  |TS 46|AC  0|TAMS 0x000000008da00000, 0x000000008da00000|
| 199|0x000000008db00000, 0x000000008db00000, 0x000000008dc00000|  0%| F|  |TS 46|AC  0|TAMS 0x000000008db00000, 0x000000008db00000|
| 200|0x000000008dc00000, 0x000000008dc00000, 0x000000008dd00000|  0%| F|  |TS 46|AC  0|TAMS 0x000000008dc00000, 0x000000008dc00000|
| 201|0x000000008dd00000, 0x000000008dd00000, 0x000000008de00000|  0%| F|  |TS 46|AC  0|TAMS 0x000000008dd00000, 0x000000008dd00000|
| 202|0x000000008de00000, 0x000000008de00000, 0x000000008df00000|  0%| F|  |TS 46|AC  0|TAMS 0x000000008de00000, 0x000000008de00000|
| 203|0x000000008df00000, 0x000000008df00000, 0x000000008e000000|  0%| F|  |TS 46|AC  0|TAMS 0x000000008df00000, 0x000000008df00000|
| 204|0x000000008e000000, 0x000000008e000000, 0x000000008e100000|  0%| F|  |TS 46|AC  0|TAMS 0x000000008e000000, 0x000000008e000000|
| 205|0x000000008e100000, 0x000000008e100000, 0x000000008e200000|  0%| F|  |TS 46|AC  0|TAMS 0x000000008e100000, 0x000000008e100000|
| 206|0x000000008e200000, 0x000000008e200000, 0x000000008e300000|  0%| F|  |TS 46|AC  0|TAMS 0x000000008e200000, 0x000000008e200000|
| 207|0x000000008e300000, 0x000000008e300000, 0x000000008e400000|  0%| F|  |TS 46|AC  0|TAMS 0x000000008e300000, 0x000000008e300000|
| 208|0x000000008e400000, 0x000000008e400000, 0x000000008e500000|  0%| F|  |TS 46|AC  0|TAMS 0x000000008e400000, 0x000000008e400000|
| 209|0x000000008e500000, 0x000000008e500000, 0x000000008e600000|  0%| F|  |TS 46|AC  0|TAMS 0x000000008e500000, 0x000000008e500000|
| 210|0x000000008e600000, 0x000000008e600000, 0x000000008e700000|  0%| F|  |TS 46|AC  0|TAMS 0x000000008e600000, 0x000000008e600000|
| 211|0x000000008e700000, 0x000000008e700000, 0x000000008e800000|  0%| F|  |TS 46|AC  0|TAMS 0x000000008e700000, 0x000000008e700000|
| 212|0x000000008e800000, 0x000000008e800000, 0x000000008e900000|  0%| F|  |TS 46|AC  0|TAMS 0x000000008e800000, 0x000000008e800000|
| 213|0x000000008e900000, 0x000000008e900000, 0x000000008ea00000|  0%| F|  |TS 46|AC  0|TAMS 0x000000008e900000, 0x000000008e900000|
| 214|0x000000008ea00000, 0x000000008ea00000, 0x000000008eb00000|  0%| F|  |TS 46|AC  0|TAMS 0x000000008ea00000, 0x000000008ea00000|
| 215|0x000000008eb00000, 0x000000008eb00000, 0x000000008ec00000|  0%| F|  |TS 46|AC  0|TAMS 0x000000008eb00000, 0x000000008eb00000|
| 216|0x000000008ec00000, 0x000000008ec00000, 0x000000008ed00000|  0%| F|  |TS 46|AC  0|TAMS 0x000000008ec00000, 0x000000008ec00000|
| 217|0x000000008ed00000, 0x000000008ed00000, 0x000000008ee00000|  0%| F|  |TS 46|AC  0|TAMS 0x000000008ed00000, 0x000000008ed00000|
| 218|0x000000008ee00000, 0x000000008ee00000, 0x000000008ef00000|  0%| F|  |TS 46|AC  0|TAMS 0x000000008ee00000, 0x000000008ee00000|
| 219|0x000000008ef00000, 0x000000008ef00000, 0x000000008f000000|  0%| F|  |TS 46|AC  0|TAMS 0x000000008ef00000, 0x000000008ef00000|
| 220|0x000000008f000000, 0x000000008f000000, 0x000000008f100000|  0%| F|  |TS 46|AC  0|TAMS 0x000000008f000000, 0x000000008f000000|
| 221|0x000000008f100000, 0x000000008f100000, 0x000000008f200000|  0%| F|  |TS 46|AC  0|TAMS 0x000000008f100000, 0x000000008f100000|
| 222|0x000000008f200000, 0x000000008f200000, 0x000000008f300000|  0%| F|  |TS 46|AC  0|TAMS 0x000000008f200000, 0x000000008f200000|
| 223|0x000000008f300000, 0x000000008f300000, 0x000000008f400000|  0%| F|  |TS 46|AC  0|TAMS 0x000000008f300000, 0x000000008f300000|
| 224|0x000000008f400000, 0x000000008f400000, 0x000000008f500000|  0%| F|  |TS 46|AC  0|TAMS 0x000000008f400000, 0x000000008f400000|
| 225|0x000000008f500000, 0x000000008f500000, 0x000000008f600000|  0%| F|  |TS 46|AC  0|TAMS 0x000000008f500000, 0x000000008f500000|
| 226|0x000000008f600000, 0x000000008f600000, 0x000000008f700000|  0%| F|  |TS 46|AC  0|TAMS 0x000000008f600000, 0x000000008f600000|
| 227|0x000000008f700000, 0x000000008f700000, 0x000000008f800000|  0%| F|  |TS 46|AC  0|TAMS 0x000000008f700000, 0x000000008f700000|
| 228|0x000000008f800000, 0x000000008f800000, 0x000000008f900000|  0%| F|  |TS 46|AC  0|TAMS 0x000000008f800000, 0x000000008f800000|
| 229|0x000000008f900000, 0x000000008f900000, 0x000000008fa00000|  0%| F|  |TS 46|AC  0|TAMS 0x000000008f900000, 0x000000008f900000|
| 230|0x000000008fa00000, 0x000000008fa00000, 0x000000008fb00000|  0%| F|  |TS 46|AC  0|TAMS 0x000000008fa00000, 0x000000008fa00000|
| 231|0x000000008fb00000, 0x000000008fb00000, 0x000000008fc00000|  0%| F|  |TS 46|AC  0|TAMS 0x000000008fb00000, 0x000000008fb00000|
| 232|0x000000008fc00000, 0x000000008fc00000, 0x000000008fd00000|  0%| F|  |TS 46|AC  0|TAMS 0x000000008fc00000, 0x000000008fc00000|
| 233|0x000000008fd00000, 0x000000008fd00000, 0x000000008fe00000|  0%| F|  |TS 46|AC  0|TAMS 0x000000008fd00000, 0x000000008fd00000|
| 234|0x000000008fe00000, 0x000000008fe00000, 0x000000008ff00000|  0%| F|  |TS 46|AC  0|TAMS 0x000000008fe00000, 0x000000008fe00000|
| 235|0x000000008ff00000, 0x000000008ff00000, 0x0000000090000000|  0%| F|  |TS 46|AC  0|TAMS 0x000000008ff00000, 0x000000008ff00000|
| 236|0x0000000090000000, 0x0000000090000000, 0x0000000090100000|  0%| F|  |TS 46|AC  0|TAMS 0x0000000090000000, 0x0000000090000000|
| 237|0x0000000090100000, 0x0000000090100000, 0x0000000090200000|  0%| F|  |TS 46|AC  0|TAMS 0x0000000090100000, 0x0000000090100000|
| 238|0x0000000090200000, 0x0000000090200000, 0x0000000090300000|  0%| F|  |TS 46|AC  0|TAMS 0x0000000090200000, 0x0000000090200000|
| 239|0x0000000090300000, 0x0000000090300000, 0x0000000090400000|  0%| F|  |TS 46|AC  0|TAMS 0x0000000090300000, 0x0000000090300000|
| 240|0x0000000090400000, 0x0000000090400000, 0x0000000090500000|  0%| F|  |TS 46|AC  0|TAMS 0x0000000090400000, 0x0000000090400000|
| 241|0x0000000090500000, 0x0000000090500000, 0x0000000090600000|  0%| F|  |TS 46|AC  0|TAMS 0x0000000090500000, 0x0000000090500000|
| 242|0x0000000090600000, 0x0000000090600000, 0x0000000090700000|  0%| F|  |TS 46|AC  0|TAMS 0x0000000090600000, 0x0000000090600000|
| 243|0x0000000090700000, 0x0000000090700000, 0x0000000090800000|  0%| F|  |TS 46|AC  0|TAMS 0x0000000090700000, 0x0000000090700000|
| 244|0x0000000090800000, 0x0000000090800000, 0x0000000090900000|  0%| F|  |TS 46|AC  0|TAMS 0x0000000090800000, 0x0000000090800000|
| 245|0x0000000090900000, 0x0000000090900000, 0x0000000090a00000|  0%| F|  |TS 46|AC  0|TAMS 0x0000000090900000, 0x0000000090900000|
| 246|0x0000000090a00000, 0x0000000090a00000, 0x0000000090b00000|  0%| F|  |TS 46|AC  0|TAMS 0x0000000090a00000, 0x0000000090a00000|
| 247|0x0000000090b00000, 0x0000000090b00000, 0x0000000090c00000|  0%| F|  |TS 46|AC  0|TAMS 0x0000000090b00000, 0x0000000090b00000|
| 248|0x0000000090c00000, 0x0000000090c00000, 0x0000000090d00000|  0%| F|  |TS 46|AC  0|TAMS 0x0000000090c00000, 0x0000000090c00000|
| 249|0x0000000090d00000, 0x0000000090d00000, 0x0000000090e00000|  0%| F|  |TS 46|AC  0|TAMS 0x0000000090d00000, 0x0000000090d00000|
| 250|0x0000000090e00000, 0x0000000090e00000, 0x0000000090f00000|  0%| F|  |TS 46|AC  0|TAMS 0x0000000090e00000, 0x0000000090e00000|
| 251|0x0000000090f00000, 0x0000000090f00000, 0x0000000091000000|  0%| F|  |TS 46|AC  0|TAMS 0x0000000090f00000, 0x0000000090f00000|
| 252|0x0000000091000000, 0x0000000091000000, 0x0000000091100000|  0%| F|  |TS 46|AC  0|TAMS 0x0000000091000000, 0x0000000091000000|
| 253|0x0000000091100000, 0x0000000091100000, 0x0000000091200000|  0%| F|  |TS 46|AC  0|TAMS 0x0000000091100000, 0x0000000091100000|
| 254|0x0000000091200000, 0x0000000091200000, 0x0000000091300000|  0%| F|  |TS 46|AC  0|TAMS 0x0000000091200000, 0x0000000091200000|
| 255|0x0000000091300000, 0x0000000091300000, 0x0000000091400000|  0%| F|  |TS 46|AC  0|TAMS 0x0000000091300000, 0x0000000091300000|
| 256|0x0000000091400000, 0x0000000091400000, 0x0000000091500000|  0%| F|  |TS 46|AC  0|TAMS 0x0000000091400000, 0x0000000091400000|
| 257|0x0000000091500000, 0x0000000091500000, 0x0000000091600000|  0%| F|  |TS 46|AC  0|TAMS 0x0000000091500000, 0x0000000091500000|
| 258|0x0000000091600000, 0x0000000091600000, 0x0000000091700000|  0%| F|  |TS 46|AC  0|TAMS 0x0000000091600000, 0x0000000091600000|
| 259|0x0000000091700000, 0x0000000091700000, 0x0000000091800000|  0%| F|  |TS 46|AC  0|TAMS 0x0000000091700000, 0x0000000091700000|
| 260|0x0000000091800000, 0x0000000091800000, 0x0000000091900000|  0%| F|  |TS 46|AC  0|TAMS 0x0000000091800000, 0x0000000091800000|
| 261|0x0000000091900000, 0x0000000091900000, 0x0000000091a00000|  0%| F|  |TS 46|AC  0|TAMS 0x0000000091900000, 0x0000000091900000|
| 262|0x0000000091a00000, 0x0000000091a00000, 0x0000000091b00000|  0%| F|  |TS 46|AC  0|TAMS 0x0000000091a00000, 0x0000000091a00000|
| 263|0x0000000091b00000, 0x0000000091b00000, 0x0000000091c00000|  0%| F|  |TS 46|AC  0|TAMS 0x0000000091b00000, 0x0000000091b00000|
| 264|0x0000000091c00000, 0x0000000091c00000, 0x0000000091d00000|  0%| F|  |TS 46|AC  0|TAMS 0x0000000091c00000, 0x0000000091c00000|
| 265|0x0000000091d00000, 0x0000000091d00000, 0x0000000091e00000|  0%| F|  |TS 46|AC  0|TAMS 0x0000000091d00000, 0x0000000091d00000|
| 266|0x0000000091e00000, 0x0000000091e00000, 0x0000000091f00000|  0%| F|  |TS 46|AC  0|TAMS 0x0000000091e00000, 0x0000000091e00000|
| 267|0x0000000091f00000, 0x0000000091f00000, 0x0000000092000000|  0%| F|  |TS 46|AC  0|TAMS 0x0000000091f00000, 0x0000000091f00000|
| 268|0x0000000092000000, 0x0000000092000000, 0x0000000092100000|  0%| F|  |TS 46|AC  0|TAMS 0x0000000092000000, 0x0000000092000000|
| 269|0x0000000092100000, 0x0000000092100000, 0x0000000092200000|  0%| F|  |TS 46|AC  0|TAMS 0x0000000092100000, 0x0000000092100000|
| 270|0x0000000092200000, 0x0000000092200000, 0x0000000092300000|  0%| F|  |TS 46|AC  0|TAMS 0x0000000092200000, 0x0000000092200000|
| 271|0x0000000092300000, 0x0000000092300000, 0x0000000092400000|  0%| F|  |TS 46|AC  0|TAMS 0x0000000092300000, 0x0000000092300000|
| 272|0x0000000092400000, 0x0000000092400000, 0x0000000092500000|  0%| F|  |TS 46|AC  0|TAMS 0x0000000092400000, 0x0000000092400000|
| 273|0x0000000092500000, 0x0000000092500000, 0x0000000092600000|  0%| F|  |TS 46|AC  0|TAMS 0x0000000092500000, 0x0000000092500000|
| 274|0x0000000092600000, 0x0000000092600000, 0x0000000092700000|  0%| F|  |TS 46|AC  0|TAMS 0x0000000092600000, 0x0000000092600000|
| 275|0x0000000092700000, 0x0000000092700000, 0x0000000092800000|  0%| F|  |TS 46|AC  0|TAMS 0x0000000092700000, 0x0000000092700000|
| 276|0x0000000092800000, 0x0000000092800000, 0x0000000092900000|  0%| F|  |TS 46|AC  0|TAMS 0x0000000092800000, 0x0000000092800000|
| 277|0x0000000092900000, 0x0000000092900000, 0x0000000092a00000|  0%| F|  |TS 46|AC  0|TAMS 0x0000000092900000, 0x0000000092900000|
| 278|0x0000000092a00000, 0x0000000092a00000, 0x0000000092b00000|  0%| F|  |TS 46|AC  0|TAMS 0x0000000092a00000, 0x0000000092a00000|
| 279|0x0000000092b00000, 0x0000000092b00000, 0x0000000092c00000|  0%| F|  |TS 46|AC  0|TAMS 0x0000000092b00000, 0x0000000092b00000|
| 280|0x0000000092c00000, 0x0000000092c00000, 0x0000000092d00000|  0%| F|  |TS 46|AC  0|TAMS 0x0000000092c00000, 0x0000000092c00000|
| 281|0x0000000092d00000, 0x0000000092d00000, 0x0000000092e00000|  0%| F|  |TS 46|AC  0|TAMS 0x0000000092d00000, 0x0000000092d00000|
| 282|0x0000000092e00000, 0x0000000092e00000, 0x0000000092f00000|  0%| F|  |TS 46|AC  0|TAMS 0x0000000092e00000, 0x0000000092e00000|
| 283|0x0000000092f00000, 0x0000000092f00000, 0x0000000093000000|  0%| F|  |TS 46|AC  0|TAMS 0x0000000092f00000, 0x0000000092f00000|
| 284|0x0000000093000000, 0x0000000093000000, 0x0000000093100000|  0%| F|  |TS 46|AC  0|TAMS 0x0000000093000000, 0x0000000093000000|
| 285|0x0000000093100000, 0x0000000093100000, 0x0000000093200000|  0%| F|  |TS 46|AC  0|TAMS 0x0000000093100000, 0x0000000093100000|
| 286|0x0000000093200000, 0x0000000093200000, 0x0000000093300000|  0%| F|  |TS 46|AC  0|TAMS 0x0000000093200000, 0x0000000093200000|
| 287|0x0000000093300000, 0x0000000093300000, 0x0000000093400000|  0%| F|  |TS 46|AC  0|TAMS 0x0000000093300000, 0x0000000093300000|
| 288|0x0000000093400000, 0x0000000093400000, 0x0000000093500000|  0%| F|  |TS 46|AC  0|TAMS 0x0000000093400000, 0x0000000093400000|
| 289|0x0000000093500000, 0x0000000093500000, 0x0000000093600000|  0%| F|  |TS 46|AC  0|TAMS 0x0000000093500000, 0x0000000093500000|
| 290|0x0000000093600000, 0x0000000093600000, 0x0000000093700000|  0%| F|  |TS 46|AC  0|TAMS 0x0000000093600000, 0x0000000093600000|
| 291|0x0000000093700000, 0x0000000093700000, 0x0000000093800000|  0%| F|  |TS 46|AC  0|TAMS 0x0000000093700000, 0x0000000093700000|
| 292|0x0000000093800000, 0x0000000093800000, 0x0000000093900000|  0%| F|  |TS 46|AC  0|TAMS 0x0000000093800000, 0x0000000093800000|
| 293|0x0000000093900000, 0x0000000093900000, 0x0000000093a00000|  0%| F|  |TS 46|AC  0|TAMS 0x0000000093900000, 0x0000000093900000|
| 294|0x0000000093a00000, 0x0000000093a00000, 0x0000000093b00000|  0%| F|  |TS 46|AC  0|TAMS 0x0000000093a00000, 0x0000000093a00000|
| 295|0x0000000093b00000, 0x0000000093b00000, 0x0000000093c00000|  0%| F|  |TS 46|AC  0|TAMS 0x0000000093b00000, 0x0000000093b00000|
| 296|0x0000000093c00000, 0x0000000093c00000, 0x0000000093d00000|  0%| F|  |TS 46|AC  0|TAMS 0x0000000093c00000, 0x0000000093c00000|
| 297|0x0000000093d00000, 0x0000000093d00000, 0x0000000093e00000|  0%| F|  |TS 46|AC  0|TAMS 0x0000000093d00000, 0x0000000093d00000|
| 298|0x0000000093e00000, 0x0000000093e00000, 0x0000000093f00000|  0%| F|  |TS 46|AC  0|TAMS 0x0000000093e00000, 0x0000000093e00000|
| 299|0x0000000093f00000, 0x0000000093f00000, 0x0000000094000000|  0%| F|  |TS 46|AC  0|TAMS 0x0000000093f00000, 0x0000000093f00000|
| 300|0x0000000094000000, 0x0000000094000000, 0x0000000094100000|  0%| F|  |TS 46|AC  0|TAMS 0x0000000094000000, 0x0000000094000000|
| 301|0x0000000094100000, 0x0000000094100000, 0x0000000094200000|  0%| F|  |TS 46|AC  0|TAMS 0x0000000094100000, 0x0000000094100000|
| 302|0x0000000094200000, 0x0000000094200000, 0x0000000094300000|  0%| F|  |TS 46|AC  0|TAMS 0x0000000094200000, 0x0000000094200000|
| 303|0x0000000094300000, 0x0000000094300000, 0x0000000094400000|  0%| F|  |TS 46|AC  0|TAMS 0x0000000094300000, 0x0000000094300000|
| 304|0x0000000094400000, 0x0000000094400000, 0x0000000094500000|  0%| F|  |TS 46|AC  0|TAMS 0x0000000094400000, 0x0000000094400000|
| 305|0x0000000094500000, 0x0000000094500000, 0x0000000094600000|  0%| F|  |TS 46|AC  0|TAMS 0x0000000094500000, 0x0000000094500000|
| 306|0x0000000094600000, 0x0000000094600000, 0x0000000094700000|  0%| F|  |TS 46|AC  0|TAMS 0x0000000094600000, 0x0000000094600000|
| 307|0x0000000094700000, 0x0000000094700000, 0x0000000094800000|  0%| F|  |TS 46|AC  0|TAMS 0x0000000094700000, 0x0000000094700000|
| 308|0x0000000094800000, 0x0000000094800000, 0x0000000094900000|  0%| F|  |TS 46|AC  0|TAMS 0x0000000094800000, 0x0000000094800000|
| 309|0x0000000094900000, 0x0000000094900000, 0x0000000094a00000|  0%| F|  |TS 46|AC  0|TAMS 0x0000000094900000, 0x0000000094900000|
| 310|0x0000000094a00000, 0x0000000094a00000, 0x0000000094b00000|  0%| F|  |TS 46|AC  0|TAMS 0x0000000094a00000, 0x0000000094a00000|
| 311|0x0000000094b00000, 0x0000000094b00000, 0x0000000094c00000|  0%| F|  |TS 46|AC  0|TAMS 0x0000000094b00000, 0x0000000094b00000|
| 312|0x0000000094c00000, 0x0000000094c00000, 0x0000000094d00000|  0%| F|  |TS 46|AC  0|TAMS 0x0000000094c00000, 0x0000000094c00000|
| 313|0x0000000094d00000, 0x0000000094d00000, 0x0000000094e00000|  0%| F|  |TS 46|AC  0|TAMS 0x0000000094d00000, 0x0000000094d00000|
| 314|0x0000000094e00000, 0x0000000094e00000, 0x0000000094f00000|  0%| F|  |TS 46|AC  0|TAMS 0x0000000094e00000, 0x0000000094e00000|
| 315|0x0000000094f00000, 0x0000000094f00000, 0x0000000095000000|  0%| F|  |TS 46|AC  0|TAMS 0x0000000094f00000, 0x0000000094f00000|
| 316|0x0000000095000000, 0x0000000095000000, 0x0000000095100000|  0%| F|  |TS 46|AC  0|TAMS 0x0000000095000000, 0x0000000095000000|
| 317|0x0000000095100000, 0x0000000095100000, 0x0000000095200000|  0%| F|  |TS 46|AC  0|TAMS 0x0000000095100000, 0x0000000095100000|
| 318|0x0000000095200000, 0x0000000095200000, 0x0000000095300000|  0%| F|  |TS 46|AC  0|TAMS 0x0000000095200000, 0x0000000095200000|
| 319|0x0000000095300000, 0x0000000095300000, 0x0000000095400000|  0%| F|  |TS 46|AC  0|TAMS 0x0000000095300000, 0x0000000095300000|
| 320|0x0000000095400000, 0x0000000095400000, 0x0000000095500000|  0%| F|  |TS 46|AC  0|TAMS 0x0000000095400000, 0x0000000095400000|
| 321|0x0000000095500000, 0x0000000095500000, 0x0000000095600000|  0%| F|  |TS 46|AC  0|TAMS 0x0000000095500000, 0x0000000095500000|
| 322|0x0000000095600000, 0x0000000095600000, 0x0000000095700000|  0%| F|  |TS 46|AC  0|TAMS 0x0000000095600000, 0x0000000095600000|
| 323|0x0000000095700000, 0x0000000095700000, 0x0000000095800000|  0%| F|  |TS 46|AC  0|TAMS 0x0000000095700000, 0x0000000095700000|
| 324|0x0000000095800000, 0x0000000095800000, 0x0000000095900000|  0%| F|  |TS 46|AC  0|TAMS 0x0000000095800000, 0x0000000095800000|
| 325|0x0000000095900000, 0x0000000095900000, 0x0000000095a00000|  0%| F|  |TS 46|AC  0|TAMS 0x0000000095900000, 0x0000000095900000|
| 326|0x0000000095a00000, 0x0000000095a00000, 0x0000000095b00000|  0%| F|  |TS 46|AC  0|TAMS 0x0000000095a00000, 0x0000000095a00000|
| 327|0x0000000095b00000, 0x0000000095b00000, 0x0000000095c00000|  0%| F|  |TS 46|AC  0|TAMS 0x0000000095b00000, 0x0000000095b00000|
| 328|0x0000000095c00000, 0x0000000095c00000, 0x0000000095d00000|  0%| F|  |TS 46|AC  0|TAMS 0x0000000095c00000, 0x0000000095c00000|
| 329|0x0000000095d00000, 0x0000000095d00000, 0x0000000095e00000|  0%| F|  |TS 46|AC  0|TAMS 0x0000000095d00000, 0x0000000095d00000|
| 330|0x0000000095e00000, 0x0000000095e00000, 0x0000000095f00000|  0%| F|  |TS 46|AC  0|TAMS 0x0000000095e00000, 0x0000000095e00000|
| 331|0x0000000095f00000, 0x0000000095f00000, 0x0000000096000000|  0%| F|  |TS 46|AC  0|TAMS 0x0000000095f00000, 0x0000000095f00000|
| 332|0x0000000096000000, 0x0000000096000000, 0x0000000096100000|  0%| F|  |TS 46|AC  0|TAMS 0x0000000096000000, 0x0000000096000000|
| 333|0x0000000096100000, 0x0000000096100000, 0x0000000096200000|  0%| F|  |TS 46|AC  0|TAMS 0x0000000096100000, 0x0000000096100000|
| 334|0x0000000096200000, 0x0000000096200000, 0x0000000096300000|  0%| F|  |TS 46|AC  0|TAMS 0x0000000096200000, 0x0000000096200000|
| 335|0x0000000096300000, 0x0000000096300000, 0x0000000096400000|  0%| F|  |TS 46|AC  0|TAMS 0x0000000096300000, 0x0000000096300000|
| 336|0x0000000096400000, 0x0000000096400000, 0x0000000096500000|  0%| F|  |TS 46|AC  0|TAMS 0x0000000096400000, 0x0000000096400000|
| 337|0x0000000096500000, 0x0000000096500000, 0x0000000096600000|  0%| F|  |TS 46|AC  0|TAMS 0x0000000096500000, 0x0000000096500000|
| 338|0x0000000096600000, 0x0000000096600000, 0x0000000096700000|  0%| F|  |TS 46|AC  0|TAMS 0x0000000096600000, 0x0000000096600000|
| 339|0x0000000096700000, 0x0000000096700000, 0x0000000096800000|  0%| F|  |TS 46|AC  0|TAMS 0x0000000096700000, 0x0000000096700000|
| 340|0x0000000096800000, 0x0000000096800000, 0x0000000096900000|  0%| F|  |TS 46|AC  0|TAMS 0x0000000096800000, 0x0000000096800000|
| 341|0x0000000096900000, 0x0000000096900000, 0x0000000096a00000|  0%| F|  |TS 46|AC  0|TAMS 0x0000000096900000, 0x0000000096900000|
| 342|0x0000000096a00000, 0x0000000096a00000, 0x0000000096b00000|  0%| F|  |TS 46|AC  0|TAMS 0x0000000096a00000, 0x0000000096a00000|
| 343|0x0000000096b00000, 0x0000000096b00000, 0x0000000096c00000|  0%| F|  |TS 46|AC  0|TAMS 0x0000000096b00000, 0x0000000096b00000|
| 344|0x0000000096c00000, 0x0000000096c00000, 0x0000000096d00000|  0%| F|  |TS 46|AC  0|TAMS 0x0000000096c00000, 0x0000000096c00000|
| 345|0x0000000096d00000, 0x0000000096d00000, 0x0000000096e00000|  0%| F|  |TS 46|AC  0|TAMS 0x0000000096d00000, 0x0000000096d00000|
| 346|0x0000000096e00000, 0x0000000096e00000, 0x0000000096f00000|  0%| F|  |TS 46|AC  0|TAMS 0x0000000096e00000, 0x0000000096e00000|
| 347|0x0000000096f00000, 0x0000000096f00000, 0x0000000097000000|  0%| F|  |TS 46|AC  0|TAMS 0x0000000096f00000, 0x0000000096f00000|
| 348|0x0000000097000000, 0x0000000097000000, 0x0000000097100000|  0%| F|  |TS 46|AC  0|TAMS 0x0000000097000000, 0x0000000097000000|
| 349|0x0000000097100000, 0x0000000097100000, 0x0000000097200000|  0%| F|  |TS 46|AC  0|TAMS 0x0000000097100000, 0x0000000097100000|
| 350|0x0000000097200000, 0x0000000097200000, 0x0000000097300000|  0%| F|  |TS 46|AC  0|TAMS 0x0000000097200000, 0x0000000097200000|
| 351|0x0000000097300000, 0x0000000097300000, 0x0000000097400000|  0%| F|  |TS 46|AC  0|TAMS 0x0000000097300000, 0x0000000097300000|
| 352|0x0000000097400000, 0x0000000097400000, 0x0000000097500000|  0%| F|  |TS 46|AC  0|TAMS 0x0000000097400000, 0x0000000097400000|
| 353|0x0000000097500000, 0x0000000097500000, 0x0000000097600000|  0%| F|  |TS 46|AC  0|TAMS 0x0000000097500000, 0x0000000097500000|
| 354|0x0000000097600000, 0x0000000097600000, 0x0000000097700000|  0%| F|  |TS 46|AC  0|TAMS 0x0000000097600000, 0x0000000097600000|
| 355|0x0000000097700000, 0x0000000097700000, 0x0000000097800000|  0%| F|  |TS 46|AC  0|TAMS 0x0000000097700000, 0x0000000097700000|
| 356|0x0000000097800000, 0x0000000097800000, 0x0000000097900000|  0%| F|  |TS 46|AC  0|TAMS 0x0000000097800000, 0x0000000097800000|
| 357|0x0000000097900000, 0x0000000097900000, 0x0000000097a00000|  0%| F|  |TS 46|AC  0|TAMS 0x0000000097900000, 0x0000000097900000|
| 358|0x0000000097a00000, 0x0000000097a00000, 0x0000000097b00000|  0%| F|  |TS 46|AC  0|TAMS 0x0000000097a00000, 0x0000000097a00000|
| 359|0x0000000097b00000, 0x0000000097b00000, 0x0000000097c00000|  0%| F|  |TS 46|AC  0|TAMS 0x0000000097b00000, 0x0000000097b00000|
| 360|0x0000000097c00000, 0x0000000097c00000, 0x0000000097d00000|  0%| F|  |TS 46|AC  0|TAMS 0x0000000097c00000, 0x0000000097c00000|
| 361|0x0000000097d00000, 0x0000000097d00000, 0x0000000097e00000|  0%| F|  |TS 46|AC  0|TAMS 0x0000000097d00000, 0x0000000097d00000|
| 362|0x0000000097e00000, 0x0000000097e00000, 0x0000000097f00000|  0%| F|  |TS 46|AC  0|TAMS 0x0000000097e00000, 0x0000000097e00000|
| 363|0x0000000097f00000, 0x0000000097f00000, 0x0000000098000000|  0%| F|  |TS 46|AC  0|TAMS 0x0000000097f00000, 0x0000000097f00000|
| 364|0x0000000098000000, 0x0000000098000000, 0x0000000098100000|  0%| F|  |TS 46|AC  0|TAMS 0x0000000098000000, 0x0000000098000000|
| 365|0x0000000098100000, 0x0000000098100000, 0x0000000098200000|  0%| F|  |TS 46|AC  0|TAMS 0x0000000098100000, 0x0000000098100000|
| 366|0x0000000098200000, 0x0000000098200000, 0x0000000098300000|  0%| F|  |TS 46|AC  0|TAMS 0x0000000098200000, 0x0000000098200000|
| 367|0x0000000098300000, 0x0000000098300000, 0x0000000098400000|  0%| F|  |TS 46|AC  0|TAMS 0x0000000098300000, 0x0000000098300000|
| 368|0x0000000098400000, 0x0000000098400000, 0x0000000098500000|  0%| F|  |TS 46|AC  0|TAMS 0x0000000098400000, 0x0000000098400000|
| 369|0x0000000098500000, 0x0000000098500000, 0x0000000098600000|  0%| F|  |TS 46|AC  0|TAMS 0x0000000098500000, 0x0000000098500000|
| 370|0x0000000098600000, 0x0000000098600000, 0x0000000098700000|  0%| F|  |TS 46|AC  0|TAMS 0x0000000098600000, 0x0000000098600000|
| 371|0x0000000098700000, 0x0000000098700000, 0x0000000098800000|  0%| F|  |TS 46|AC  0|TAMS 0x0000000098700000, 0x0000000098700000|
| 372|0x0000000098800000, 0x0000000098800000, 0x0000000098900000|  0%| F|  |TS 46|AC  0|TAMS 0x0000000098800000, 0x0000000098800000|
| 373|0x0000000098900000, 0x0000000098900000, 0x0000000098a00000|  0%| F|  |TS 46|AC  0|TAMS 0x0000000098900000, 0x0000000098900000|
| 374|0x0000000098a00000, 0x0000000098a00000, 0x0000000098b00000|  0%| F|  |TS 46|AC  0|TAMS 0x0000000098a00000, 0x0000000098a00000|
| 375|0x0000000098b00000, 0x0000000098b00000, 0x0000000098c00000|  0%| F|  |TS 46|AC  0|TAMS 0x0000000098b00000, 0x0000000098b00000|
| 376|0x0000000098c00000, 0x0000000098c00000, 0x0000000098d00000|  0%| F|  |TS 46|AC  0|TAMS 0x0000000098c00000, 0x0000000098c00000|
| 377|0x0000000098d00000, 0x0000000098d00000, 0x0000000098e00000|  0%| F|  |TS 46|AC  0|TAMS 0x0000000098d00000, 0x0000000098d00000|
| 378|0x0000000098e00000, 0x0000000098e00000, 0x0000000098f00000|  0%| F|  |TS 46|AC  0|TAMS 0x0000000098e00000, 0x0000000098e00000|
| 379|0x0000000098f00000, 0x0000000098f00000, 0x0000000099000000|  0%| F|  |TS 46|AC  0|TAMS 0x0000000098f00000, 0x0000000098f00000|
| 380|0x0000000099000000, 0x0000000099000000, 0x0000000099100000|  0%| F|  |TS 46|AC  0|TAMS 0x0000000099000000, 0x0000000099000000|
| 381|0x0000000099100000, 0x0000000099100000, 0x0000000099200000|  0%| F|  |TS 46|AC  0|TAMS 0x0000000099100000, 0x0000000099100000|
| 382|0x0000000099200000, 0x0000000099200000, 0x0000000099300000|  0%| F|  |TS 46|AC  0|TAMS 0x0000000099200000, 0x0000000099200000|
| 383|0x0000000099300000, 0x0000000099300000, 0x0000000099400000|  0%| F|  |TS 46|AC  0|TAMS 0x0000000099300000, 0x0000000099300000|
| 384|0x0000000099400000, 0x0000000099400000, 0x0000000099500000|  0%| F|  |TS 46|AC  0|TAMS 0x0000000099400000, 0x0000000099400000|
| 385|0x0000000099500000, 0x0000000099500000, 0x0000000099600000|  0%| F|  |TS 46|AC  0|TAMS 0x0000000099500000, 0x0000000099500000|
| 386|0x0000000099600000, 0x0000000099600000, 0x0000000099700000|  0%| F|  |TS 46|AC  0|TAMS 0x0000000099600000, 0x0000000099600000|
| 387|0x0000000099700000, 0x0000000099700000, 0x0000000099800000|  0%| F|  |TS 46|AC  0|TAMS 0x0000000099700000, 0x0000000099700000|
| 388|0x0000000099800000, 0x0000000099800000, 0x0000000099900000|  0%| F|  |TS 46|AC  0|TAMS 0x0000000099800000, 0x0000000099800000|
| 389|0x0000000099900000, 0x0000000099900000, 0x0000000099a00000|  0%| F|  |TS 46|AC  0|TAMS 0x0000000099900000, 0x0000000099900000|
| 390|0x0000000099a00000, 0x0000000099a00000, 0x0000000099b00000|  0%| F|  |TS 46|AC  0|TAMS 0x0000000099a00000, 0x0000000099a00000|
| 391|0x0000000099b00000, 0x0000000099b00000, 0x0000000099c00000|  0%| F|  |TS 46|AC  0|TAMS 0x0000000099b00000, 0x0000000099b00000|
| 392|0x0000000099c00000, 0x0000000099c00000, 0x0000000099d00000|  0%| F|  |TS 46|AC  0|TAMS 0x0000000099c00000, 0x0000000099c00000|
| 393|0x0000000099d00000, 0x0000000099d00000, 0x0000000099e00000|  0%| F|  |TS 46|AC  0|TAMS 0x0000000099d00000, 0x0000000099d00000|
| 394|0x0000000099e00000, 0x0000000099e00000, 0x0000000099f00000|  0%| F|  |TS 46|AC  0|TAMS 0x0000000099e00000, 0x0000000099e00000|
| 395|0x0000000099f00000, 0x0000000099f00000, 0x000000009a000000|  0%| F|  |TS 46|AC  0|TAMS 0x0000000099f00000, 0x0000000099f00000|
| 396|0x000000009a000000, 0x000000009a000000, 0x000000009a100000|  0%| F|  |TS 46|AC  0|TAMS 0x000000009a000000, 0x000000009a000000|
| 397|0x000000009a100000, 0x000000009a100000, 0x000000009a200000|  0%| F|  |TS 46|AC  0|TAMS 0x000000009a100000, 0x000000009a100000|
| 398|0x000000009a200000, 0x000000009a25aea0, 0x000000009a300000| 35%| S|CS|TS 52|AC  0|TAMS 0x000000009a200000, 0x000000009a200000|
| 399|0x000000009a300000, 0x000000009a300000, 0x000000009a400000|  0%| F|  |TS 52|AC  0|TAMS 0x000000009a300000, 0x000000009a300000|
| 400|0x000000009a400000, 0x000000009a400000, 0x000000009a500000|  0%| F|  |TS 52|AC  0|TAMS 0x000000009a400000, 0x000000009a400000|
| 401|0x000000009a500000, 0x000000009a600000, 0x000000009a600000|100%| S|CS|TS 52|AC  0|TAMS 0x000000009a500000, 0x000000009a500000|
| 402|0x000000009a600000, 0x000000009a700000, 0x000000009a700000|100%| S|CS|TS 52|AC  0|TAMS 0x000000009a600000, 0x000000009a600000|
| 403|0x000000009a700000, 0x000000009a700000, 0x000000009a800000|  0%| F|  |TS 52|AC  0|TAMS 0x000000009a700000, 0x000000009a700000|
| 404|0x000000009a800000, 0x000000009a800000, 0x000000009a900000|  0%| F|  |TS 52|AC  0|TAMS 0x000000009a800000, 0x000000009a800000|
| 405|0x000000009a900000, 0x000000009a900000, 0x000000009aa00000|  0%| F|  |TS 52|AC  0|TAMS 0x000000009a900000, 0x000000009a900000|
| 406|0x000000009aa00000, 0x000000009aa00000, 0x000000009ab00000|  0%| F|  |TS 52|AC  0|TAMS 0x000000009aa00000, 0x000000009aa00000|
| 407|0x000000009ab00000, 0x000000009ab00000, 0x000000009ac00000|  0%| F|  |TS 52|AC  0|TAMS 0x000000009ab00000, 0x000000009ab00000|
| 408|0x000000009ac00000, 0x000000009ac00000, 0x000000009ad00000|  0%| F|  |TS 52|AC  0|TAMS 0x000000009ac00000, 0x000000009ac00000|
| 409|0x000000009ad00000, 0x000000009ad00000, 0x000000009ae00000|  0%| F|  |TS 52|AC  0|TAMS 0x000000009ad00000, 0x000000009ad00000|
| 410|0x000000009ae00000, 0x000000009ae00000, 0x000000009af00000|  0%| F|  |TS 52|AC  0|TAMS 0x000000009ae00000, 0x000000009ae00000|
| 411|0x000000009af00000, 0x000000009af00000, 0x000000009b000000|  0%| F|  |TS 52|AC  0|TAMS 0x000000009af00000, 0x000000009af00000|
| 412|0x000000009b000000, 0x000000009b000000, 0x000000009b100000|  0%| F|  |TS 52|AC  0|TAMS 0x000000009b000000, 0x000000009b000000|
| 413|0x000000009b100000, 0x000000009b100000, 0x000000009b200000|  0%| F|  |TS 52|AC  0|TAMS 0x000000009b100000, 0x000000009b100000|
| 414|0x000000009b200000, 0x000000009b200000, 0x000000009b300000|  0%| F|  |TS 52|AC  0|TAMS 0x000000009b200000, 0x000000009b200000|
| 415|0x000000009b300000, 0x000000009b300000, 0x000000009b400000|  0%| F|  |TS 52|AC  0|TAMS 0x000000009b300000, 0x000000009b300000|
| 416|0x000000009b400000, 0x000000009b400000, 0x000000009b500000|  0%| F|  |TS 52|AC  0|TAMS 0x000000009b400000, 0x000000009b400000|
| 417|0x000000009b500000, 0x000000009b500000, 0x000000009b600000|  0%| F|  |TS 52|AC  0|TAMS 0x000000009b500000, 0x000000009b500000|
| 418|0x000000009b600000, 0x000000009b600000, 0x000000009b700000|  0%| F|  |TS 52|AC  0|TAMS 0x000000009b600000, 0x000000009b600000|
| 419|0x000000009b700000, 0x000000009b700000, 0x000000009b800000|  0%| F|  |TS 52|AC  0|TAMS 0x000000009b700000, 0x000000009b700000|
| 420|0x000000009b800000, 0x000000009b800000, 0x000000009b900000|  0%| F|  |TS 52|AC  0|TAMS 0x000000009b800000, 0x000000009b800000|
| 421|0x000000009b900000, 0x000000009b900000, 0x000000009ba00000|  0%| F|  |TS 52|AC  0|TAMS 0x000000009b900000, 0x000000009b900000|

Card table byte_map: [0x000002184ac40000,0x000002184b040000] byte_map_base: 0x000002184a836000

Marking Bits (Prev, Next): (CMBitMap*) 0x0000021830222700, (CMBitMap*) 0x0000021830222738
 Prev Bits: [0x000002184b440000, 0x000002184d3f0000)
 Next Bits: [0x000002184d3f0000, 0x000002184f3a0000)

Polling page: 0x000002182df70000

CodeHeap 'non-profiled nmethods': size=120000Kb used=4772Kb max_used=4778Kb free=115227Kb
 bounds [0x0000021842fe0000, 0x0000021843490000, 0x000002184a510000]
CodeHeap 'profiled nmethods': size=120000Kb used=10781Kb max_used=10825Kb free=109218Kb
 bounds [0x000002183bab0000, 0x000002183c560000, 0x0000021842fe0000]
CodeHeap 'non-nmethods': size=5760Kb used=1148Kb max_used=1215Kb free=4611Kb
 bounds [0x000002183b510000, 0x000002183b780000, 0x000002183bab0000]
 total_blobs=8469 nmethods=5163 adapters=394
 compilation: enabled

Compilation events (10 events):
Event: 12170.255 Thread 0x000002185276d800 nmethod 6087 0x000002184326f710 code [0x000002184326f8a0, 0x000002184326f998]
Event: 12170.584 Thread 0x0000021852772800 nmethod 6090 0x000002183bb4ab90 code [0x000002183bb4ad80, 0x000002183bb4b298]
Event: 12184.070 Thread 0x0000021852772800 6091       3       java.util.Locale::getUnicodeLocaleType (54 bytes)
Event: 12186.327 Thread 0x0000021852772800 nmethod 6091 0x000002183bbaf610 code [0x000002183bbaf8c0, 0x000002183bbb0500]
Event: 12186.327 Thread 0x0000021852772800 6093       3       java.text.SimpleDateFormat::subFormat (1260 bytes)
Event: 12209.461 Thread 0x0000021852772800 nmethod 6093 0x000002183c551e90 code [0x000002183c5527c0, 0x000002183c559650]
Event: 12209.847 Thread 0x0000021852772800 6094       3       com.sun.org.apache.xerces.internal.impl.XMLEntityScanner::reset (43 bytes)
Event: 12220.843 Thread 0x0000021852772800 nmethod 6094 0x000002183bbaf010 code [0x000002183bbaf1e0, 0x000002183bbaf558]
Event: 12220.843 Thread 0x0000021852772800 6092       3       java.util.Locale::isUnicodeExtensionKey (21 bytes)
Event: 12222.373 Thread 0x0000021852772800 nmethod 6092 0x000002183bbadf90 code [0x000002183bbae200, 0x000002183bbaec90]

GC Heap History (10 events):
Event: 11651.138 GC heap after
{Heap after GC invocations=121 (full 0):
 garbage-first heap   total 432128K, used 46850K [0x0000000081400000, 0x0000000100000000)
  region size 1024K, 3 young (3072K), 3 survivors (3072K)
 Metaspace       used 33667K, capacity 35381K, committed 36300K, reserved 1081344K
  class space    used 3406K, capacity 4053K, committed 4300K, reserved 1048576K
}
Event: 12277.160 GC heap before
{Heap before GC invocations=121 (full 0):
 garbage-first heap   total 432128K, used 65282K [0x0000000081400000, 0x0000000100000000)
  region size 1024K, 21 young (21504K), 3 survivors (3072K)
 Metaspace       used 33724K, capacity 35566K, committed 36300K, reserved 1081344K
  class space    used 3416K, capacity 4093K, committed 4300K, reserved 1048576K
}
Event: 12296.563 GC heap after
{Heap after GC invocations=122 (full 0):
 garbage-first heap   total 432128K, used 47626K [0x0000000081400000, 0x0000000100000000)
  region size 1024K, 2 young (2048K), 2 survivors (2048K)
 Metaspace       used 33724K, capacity 35566K, committed 36300K, reserved 1081344K
  class space    used 3416K, capacity 4093K, committed 4300K, reserved 1048576K
}
Event: 12352.833 GC heap before
{Heap before GC invocations=122 (full 0):
 garbage-first heap   total 432128K, used 67082K [0x0000000081400000, 0x0000000100000000)
  region size 1024K, 21 young (21504K), 2 survivors (2048K)
 Metaspace       used 33724K, capacity 35566K, committed 36300K, reserved 1081344K
  class space    used 3416K, capacity 4093K, committed 4300K, reserved 1048576K
}
Event: 12353.609 GC heap after
{Heap after GC invocations=123 (full 0):
 garbage-first heap   total 432128K, used 48846K [0x0000000081400000, 0x0000000100000000)
  region size 1024K, 3 young (3072K), 3 survivors (3072K)
 Metaspace       used 33724K, capacity 35566K, committed 36300K, reserved 1081344K
  class space    used 3416K, capacity 4093K, committed 4300K, reserved 1048576K
}
Event: 12391.568 GC heap before
{Heap before GC invocations=123 (full 0):
 garbage-first heap   total 432128K, used 67278K [0x0000000081400000, 0x0000000100000000)
  region size 1024K, 21 young (21504K), 3 survivors (3072K)
 Metaspace       used 33724K, capacity 35566K, committed 36300K, reserved 1081344K
  class space    used 3416K, capacity 4093K, committed 4300K, reserved 1048576K
}
Event: 12398.690 GC heap after
{Heap after GC invocations=124 (full 0):
 garbage-first heap   total 432128K, used 49780K [0x0000000081400000, 0x0000000100000000)
  region size 1024K, 2 young (2048K), 2 survivors (2048K)
 Metaspace       used 33724K, capacity 35566K, committed 36300K, reserved 1081344K
  class space    used 3416K, capacity 4093K, committed 4300K, reserved 1048576K
}
Event: 12422.066 GC heap before
{Heap before GC invocations=124 (full 0):
 garbage-first heap   total 432128K, used 69236K [0x0000000081400000, 0x0000000100000000)
  region size 1024K, 21 young (21504K), 2 survivors (2048K)
 Metaspace       used 33724K, capacity 35566K, committed 36300K, reserved 1081344K
  class space    used 3416K, capacity 4093K, committed 4300K, reserved 1048576K
}
Event: 12429.880 GC heap after
{Heap after GC invocations=125 (full 0):
 garbage-first heap   total 432128K, used 50914K [0x0000000081400000, 0x0000000100000000)
  region size 1024K, 2 young (2048K), 2 survivors (2048K)
 Metaspace       used 33724K, capacity 35566K, committed 36300K, reserved 1081344K
  class space    used 3416K, capacity 4093K, committed 4300K, reserved 1048576K
}
Event: 12467.947 GC heap before
{Heap before GC invocations=125 (full 0):
 garbage-first heap   total 432128K, used 70370K [0x0000000081400000, 0x0000000100000000)
  region size 1024K, 21 young (21504K), 2 survivors (2048K)
 Metaspace       used 33724K, capacity 35566K, committed 36300K, reserved 1081344K
  class space    used 3416K, capacity 4093K, committed 4300K, reserved 1048576K
}

Deoptimization events (10 events):
Event: 78.143 Thread 0x0000021852e48000 Uncommon trap: reason=unstable_if action=reinterpret pc=0x000002184323c1b0 method=java.lang.String.equals(Ljava/lang/Object;)Z @ 27 c2
Event: 178.610 Thread 0x0000021852e48000 Uncommon trap: reason=class_check action=maybe_recompile pc=0x000002184326f010 method=jdk.internal.loader.URLClassPath.getLoader(I)Ljdk/internal/loader/URLClassPath$Loader; @ 94 c2
Event: 311.033 Thread 0x0000021852e48000 Uncommon trap: reason=unstable_if action=reinterpret pc=0x0000021843100838 method=java.lang.String.equals(Ljava/lang/Object;)Z @ 27 c2
Event: 4734.612 Thread 0x0000021852e48000 Uncommon trap: reason=class_check action=maybe_recompile pc=0x0000021843409428 method=jdk.internal.misc.Unsafe.allocateUninitializedArray(Ljava/lang/Class;I)Ljava/lang/Object; @ 48 c2
Event: 4734.612 Thread 0x0000021852e48000 Uncommon trap: reason=class_check action=maybe_recompile pc=0x0000021843409428 method=jdk.internal.misc.Unsafe.allocateUninitializedArray(Ljava/lang/Class;I)Ljava/lang/Object; @ 48 c2
Event: 4734.612 Thread 0x0000021852e48000 Uncommon trap: reason=class_check action=maybe_recompile pc=0x0000021843409428 method=jdk.internal.misc.Unsafe.allocateUninitializedArray(Ljava/lang/Class;I)Ljava/lang/Object; @ 48 c2
Event: 4734.612 Thread 0x0000021852e48000 Uncommon trap: reason=class_check action=maybe_recompile pc=0x0000021843409428 method=jdk.internal.misc.Unsafe.allocateUninitializedArray(Ljava/lang/Class;I)Ljava/lang/Object; @ 48 c2
Event: 8023.124 Thread 0x0000021852e48000 Uncommon trap: reason=unstable_if action=reinterpret pc=0x00000218430b475c method=java.lang.ref.SoftReference.get()Ljava/lang/Object; @ 6 c2
Event: 8023.206 Thread 0x0000021852e48000 Uncommon trap: reason=unstable_if action=reinterpret pc=0x0000021843240f10 method=java.lang.ref.SoftReference.get()Ljava/lang/Object; @ 6 c2
Event: 11048.843 Thread 0x0000021852e48000 Uncommon trap: reason=unstable_if action=reinterpret pc=0x00000218430e613c method=java.util.LinkedHashMap.afterNodeRemoval(Ljava/util/HashMap$Node;)V @ 47 c2

Classes redefined (0 events):
No events

Internal exceptions (10 events):
Event: 4816.649 Thread 0x0000021852e48000 Exception <a 'java/io/FileNotFoundException'{0x0000000086651710}> (0x0000000086651710) thrown at [t:/workspace/open/src/hotspot/share/prims/jni.cpp, line 611]
Event: 7049.038 Thread 0x0000021852e48000 Exception <a 'java/io/FileNotFoundException'{0x0000000087a099f0}> (0x0000000087a099f0) thrown at [t:/workspace/open/src/hotspot/share/prims/jni.cpp, line 611]
Event: 7092.186 Thread 0x0000021852e48000 Exception <a 'java/io/FileNotFoundException'{0x0000000088eb3848}> (0x0000000088eb3848) thrown at [t:/workspace/open/src/hotspot/share/prims/jni.cpp, line 611]
Event: 7127.333 Thread 0x0000021852e48000 Exception <a 'java/io/FileNotFoundException'{0x00000000890d3900}> (0x00000000890d3900) thrown at [t:/workspace/open/src/hotspot/share/prims/jni.cpp, line 611]
Event: 7225.693 Thread 0x0000021852e48000 Exception <a 'java/io/FileNotFoundException'{0x00000000884a5bf8}> (0x00000000884a5bf8) thrown at [t:/workspace/open/src/hotspot/share/prims/jni.cpp, line 611]
Event: 7458.878 Thread 0x0000021852e48000 Exception <a 'java/io/FileNotFoundException'{0x00000000888e1138}> (0x00000000888e1138) thrown at [t:/workspace/open/src/hotspot/share/prims/jni.cpp, line 611]
Event: 7930.784 Thread 0x0000021852e48000 Exception <a 'java/io/FileNotFoundException'{0x0000000089365a40}> (0x0000000089365a40) thrown at [t:/workspace/open/src/hotspot/share/prims/jni.cpp, line 611]
Event: 8023.206 Thread 0x0000021852e48000 Implicit null exception at 0x00000218432405ea to 0x0000021843240ef6
Event: 8476.001 Thread 0x0000021852e48000 Exception <a 'java/io/FileNotFoundException'{0x000000008748f3b8}> (0x000000008748f3b8) thrown at [t:/workspace/open/src/hotspot/share/prims/jni.cpp, line 611]
Event: 8695.002 Thread 0x0000021852e48000 Exception <a 'java/io/FileNotFoundException'{0x00000000886de7a8}> (0x00000000886de7a8) thrown at [t:/workspace/open/src/hotspot/share/prims/jni.cpp, line 611]

Events (10 events):
Event: 12398.690 Executing VM operation: G1IncCollectionPause done
Event: 12422.066 Executing VM operation: G1IncCollectionPause
Event: 12429.880 Executing VM operation: G1IncCollectionPause done
Event: 12432.465 loading class org/apache/tomcat/websocket/pojo/PojoEndpointBase
Event: 12432.465 loading class org/apache/tomcat/websocket/pojo/PojoEndpointBase done
Event: 12434.427 loading class org/apache/tomcat/websocket/pojo/PojoEndpointClient
Event: 12434.427 loading class org/apache/tomcat/websocket/pojo/PojoEndpointClient done
Event: 12434.890 loading class org/apache/tomcat/websocket/pojo/PojoEndpointServer
Event: 12434.890 loading class org/apache/tomcat/websocket/pojo/PojoEndpointServer done
Event: 12467.568 Executing VM operation: G1IncCollectionPause


Dynamic libraries:
0x00007ff678c30000 - 0x00007ff678c6e000 	C:\Program Files\Java\jdk-10.0.2\bin\javaw.exe
0x00007ffddf640000 - 0x00007ffddf821000 	C:\Windows\SYSTEM32\ntdll.dll
0x00007ffdde220000 - 0x00007ffdde2d2000 	C:\Windows\System32\KERNEL32.DLL
0x00007ffddbae0000 - 0x00007ffddbd53000 	C:\Windows\System32\KERNELBASE.dll
0x00007ffddcc60000 - 0x00007ffddcd01000 	C:\Windows\System32\ADVAPI32.dll
0x00007ffddee60000 - 0x00007ffddeefe000 	C:\Windows\System32\msvcrt.dll
0x00007ffddcad0000 - 0x00007ffddcb2b000 	C:\Windows\System32\sechost.dll
0x00007ffddcb30000 - 0x00007ffddcc54000 	C:\Windows\System32\RPCRT4.dll
0x00007ffdde590000 - 0x00007ffdde720000 	C:\Windows\System32\USER32.dll
0x00007ffddba70000 - 0x00007ffddba90000 	C:\Windows\System32\win32u.dll
0x00007ffddf540000 - 0x00007ffddf568000 	C:\Windows\System32\GDI32.dll
0x00007ffddc570000 - 0x00007ffddc702000 	C:\Windows\System32\gdi32full.dll
0x00007ffddc840000 - 0x00007ffddc8df000 	C:\Windows\System32\msvcp_win.dll
0x00007ffddc470000 - 0x00007ffddc56a000 	C:\Windows\System32\ucrtbase.dll
0x00007ffdcf1e0000 - 0x00007ffdcf1ea000 	C:\Windows\SYSTEM32\VERSION.dll
0x00007ffdc8320000 - 0x00007ffdc8589000 	C:\Windows\WinSxS\amd64_microsoft.windows.common-controls_6595b64144ccf1df_6.0.17134.523_none_fb409dd930672a56\COMCTL32.dll
0x00007ffdde720000 - 0x00007ffddea42000 	C:\Windows\System32\combase.dll
0x00007ffddc710000 - 0x00007ffddc78a000 	C:\Windows\System32\bcryptPrimitives.dll
0x00007ffddef00000 - 0x00007ffddef2d000 	C:\Windows\System32\IMM32.DLL
0x00007ffdcdda0000 - 0x00007ffdcde8f000 	C:\Program Files\Java\jdk-10.0.2\bin\msvcr120.dll
0x00007ffdcb7d0000 - 0x00007ffdcb876000 	C:\Program Files\Java\jdk-10.0.2\bin\msvcp120.dll
0x000000005c640000 - 0x000000005d0b0000 	C:\Program Files\Java\jdk-10.0.2\bin\server\jvm.dll
0x00007ffdde2e0000 - 0x00007ffdde2e8000 	C:\Windows\System32\PSAPI.DLL
0x00007ffdced50000 - 0x00007ffdced59000 	C:\Windows\SYSTEM32\WSOCK32.dll
0x00007ffdd7c40000 - 0x00007ffdd7c63000 	C:\Windows\SYSTEM32\WINMM.dll
0x00007ffddcd10000 - 0x00007ffddcd7c000 	C:\Windows\System32\WS2_32.dll
0x00007ffdd7c10000 - 0x00007ffdd7c3a000 	C:\Windows\SYSTEM32\winmmbase.dll
0x00007ffddba90000 - 0x00007ffddbad9000 	C:\Windows\System32\cfgmgr32.dll
0x00007ffdd7ce0000 - 0x00007ffdd7cef000 	C:\Program Files\Java\jdk-10.0.2\bin\verify.dll
0x00007ffdda390000 - 0x00007ffdda559000 	C:\Windows\SYSTEM32\DBGHELP.DLL
0x00007ffdce860000 - 0x00007ffdce889000 	C:\Windows\SYSTEM32\dbgcore.DLL
0x00007ffdd16e0000 - 0x00007ffdd1707000 	C:\Program Files\Java\jdk-10.0.2\bin\java.dll
0x00007ffdd16a0000 - 0x00007ffdd16b6000 	C:\Program Files\Java\jdk-10.0.2\bin\zip.dll
0x00007ffdd6d00000 - 0x00007ffdd6d0a000 	C:\Program Files\Java\jdk-10.0.2\bin\jimage.dll
0x00007ffddcd80000 - 0x00007ffdde1c0000 	C:\Windows\System32\SHELL32.dll
0x00007ffdde4e0000 - 0x00007ffdde589000 	C:\Windows\System32\shcore.dll
0x00007ffddbd60000 - 0x00007ffddc46d000 	C:\Windows\System32\windows.storage.dll
0x00007ffdde1c0000 - 0x00007ffdde211000 	C:\Windows\System32\shlwapi.dll
0x00007ffddb9b0000 - 0x00007ffddb9c1000 	C:\Windows\System32\kernel.appcore.dll
0x00007ffddb9d0000 - 0x00007ffddb9ef000 	C:\Windows\System32\profapi.dll
0x00007ffddb960000 - 0x00007ffddb9ac000 	C:\Windows\System32\powrprof.dll
0x00007ffddb950000 - 0x00007ffddb95a000 	C:\Windows\System32\FLTLIB.DLL
0x00007ffdd0690000 - 0x00007ffdd06aa000 	C:\Program Files\Java\jdk-10.0.2\bin\net.dll
0x00007ffdd21a0000 - 0x00007ffdd227d000 	C:\Windows\SYSTEM32\WINHTTP.dll
0x00007ffddb170000 - 0x00007ffddb1d6000 	C:\Windows\system32\mswsock.dll
0x00007ffdcded0000 - 0x00007ffdcdee1000 	C:\Program Files\Java\jdk-10.0.2\bin\nio.dll
0x00007ffddb320000 - 0x00007ffddb337000 	C:\Windows\SYSTEM32\CRYPTSP.dll
0x00007ffddad50000 - 0x00007ffddad83000 	C:\Windows\system32\rsaenh.dll
0x00007ffddb450000 - 0x00007ffddb475000 	C:\Windows\SYSTEM32\bcrypt.dll
0x00007ffddb880000 - 0x00007ffddb8a8000 	C:\Windows\SYSTEM32\USERENV.dll
0x00007ffddb340000 - 0x00007ffddb34b000 	C:\Windows\SYSTEM32\CRYPTBASE.dll
0x00007ffddaef0000 - 0x00007ffddaf28000 	C:\Windows\SYSTEM32\IPHLPAPI.DLL
0x00007ffddf530000 - 0x00007ffddf538000 	C:\Windows\System32\NSI.dll
0x00007ffdd22f0000 - 0x00007ffdd2306000 	C:\Windows\SYSTEM32\dhcpcsvc6.DLL
0x00007ffdd23e0000 - 0x00007ffdd23fa000 	C:\Windows\SYSTEM32\dhcpcsvc.DLL
0x00007ffdce340000 - 0x00007ffdce34a000 	C:\Users\admin\AppData\Local\Temp\jansi-1.17-3701257983216229675.dll
0x00007ffdce290000 - 0x00007ffdce29a000 	C:\Users\admin\AppData\Local\Temp\jansi-1.17-626016420954657143.dll
0x00007ffdd6d10000 - 0x00007ffdd6d19000 	C:\Program Files\Java\jdk-10.0.2\bin\management.dll
0x00007ffdd1640000 - 0x00007ffdd164a000 	C:\Program Files\Java\jdk-10.0.2\bin\management_ext.dll

dbghelp: loaded successfully - version: 4.0.5 - missing functions: none
symbol engine: initialized successfully - sym options: 0x614 - pdb path: .;C:\Program Files\Java\jdk-10.0.2\bin;C:\Windows\SYSTEM32;C:\Windows\WinSxS\amd64_microsoft.windows.common-controls_6595b64144ccf1df_6.0.17134.523_none_fb409dd930672a56;C:\Program Files\Java\jdk-10.0.2\bin\server;C:\Users\admin\AppData\Local\Temp

VM Arguments:
jvm_args: -Dmaven.home=EMBEDDED -Dclassworlds.conf=C:\Users\admin\eclipse-workspace\.metadata\.plugins\org.eclipse.m2e.launching\launches\m2conf3028948958514683090.tmp -Dmaven.multiModuleProjectDirectory=C:\Users\admin\eclipse-workspace\TicketManagementSystem -Dfile.encoding=Cp1252 
java_command: org.codehaus.plexus.classworlds.launcher.Launcher -B tomcat7:run
java_class_path (initial): C:\Users\admin\Desktop\eclipse\plugins\org.eclipse.m2e.maven.runtime_1.10.0.20181127-2120\jars\plexus-classworlds-2.5.2.jar
Launcher Type: SUN_STANDARD

Logging:
Log output configuration:
#0: stdout all=warning uptime,level,tags
#1: stderr all=off uptime,level,tags

Environment Variables:
JAVA_HOME=C:\Program Files\Java\jdk-9.0.1
PATH=C:\Program Files (x86)\Common Files\Oracle\Java\javapath;C:\Windows\system32;C:\Windows;C:\Windows\System32\Wbem;C:\Windows\System32\WindowsPowerShell\v1.0\;C:\Windows\System32\OpenSSH\;C:\TDM-GCC-64\bin;C:\Program Files\Java\jdk-10.0.2\bin;C:\Users\admin\AppData\Local\Microsoft\WindowsApps;
USERNAME=admin
OS=Windows_NT
PROCESSOR_IDENTIFIER=Intel64 Family 6 Model 142 Stepping 10, GenuineIntel



---------------  S Y S T E M  ---------------

OS: Windows 10 , 64 bit Build 17134 (10.0.17134.1)

CPU:total 8 (initial active 8) (4 cores per cpu, 2 threads per core) family 6 model 142 stepping 10, cmov, cx8, fxsr, mmx, sse, sse2, sse3, ssse3, sse4.1, sse4.2, popcnt, avx, avx2, aes, clmul, erms, 3dnowpref, lzcnt, ht, tsc, tscinvbit, bmi1, bmi2, adx, fma

Memory: 4k page, physical 8303440k(911004k free), swap 28574156k(45664k free)

vm_info: Java HotSpot(TM) 64-Bit Server VM (10.0.2+13) for windows-amd64 JRE (10.0.2+13), built on Jun 28 2018 01:57:56 by "mach5one" with MS VC++ 12.0 (VS2013)

END.
