#
# There is insufficient memory for the Java Runtime Environment to continue.
# Native memory allocation (mmap) failed to map 287309824 bytes for Failed to commit area from 0x0000000090e00000 to 0x00000000a2000000 of length 287309824.
# Possible reasons:
#   The system is out of physical RAM or swap space
#   The process is running with CompressedOops enabled, and the Java Heap may be blocking the growth of the native heap
# Possible solutions:
#   Reduce memory load on the system
#   Increase physical memory or swap space
#   Check if swap backing store is full
#   Decrease Java heap size (-Xmx/-Xms)
#   Decrease number of Java threads
#   Decrease Java thread stack sizes (-Xss)
#   Set larger code cache with -XX:ReservedCodeCacheSize=
#   JVM is running with Unscaled Compressed Oops mode in which the Java heap is
#     placed in the first 4GB address space. The Java Heap base address is the
#     maximum limit for the native heap growth. Please use -XX:HeapBaseMinAddress
#     to set the Java Heap base and to place the Java Heap above 4GB virtual address.
# This output file may be truncated or incomplete.
#
#  Out of Memory Error (t:/workspace/open/src/hotspot/os/windows/os_windows.cpp:3221), pid=7560, tid=9748
#
# JRE version: Java(TM) SE Runtime Environment (10.0.2+13) (build 10.0.2+13)
# Java VM: Java HotSpot(TM) 64-Bit Server VM (10.0.2+13, mixed mode, tiered, compressed oops, g1 gc, windows-amd64)
# No core dump will be written. Minidumps are not enabled by default on client versions of Windows
#

---------------  S U M M A R Y ------------

Command Line: -Dmaven.home=EMBEDDED -Dclassworlds.conf=C:\Users\admin\eclipse-workspace\.metadata\.plugins\org.eclipse.m2e.launching\launches\m2conf11394913761846130378.tmp -Dmaven.multiModuleProjectDirectory=C:\Users\admin\eclipse-workspace\TicketManagementSystem -Dfile.encoding=Cp1252 org.codehaus.plexus.classworlds.launcher.Launcher -B tomcat7:run

Host: Intel(R) Core(TM) i5-8250U CPU @ 1.60GHz, 8 cores, 7G,  Windows 10 , 64 bit Build 17134 (10.0.17134.1)
Time: Fri Jan 11 23:09:40 2019 India Standard Time elapsed time: 12765 seconds (0d 3h 32m 45s)

---------------  T H R E A D  ---------------

Current thread (0x000001f5feb30000):  VMThread "VM Thread" [stack: 0x000000682b200000,0x000000682b300000] [id=9748]

Stack: [0x000000682b200000,0x000000682b300000]
[error occurred during error reporting (printing stack bounds), id 0xe0000002]

Native frames: (J=compiled Java code, j=interpreted, Vv=VM code, C=native code)
V  [jvm.dll+0x5a01a9]
V  [jvm.dll+0x6bcf31]
V  [jvm.dll+0x6be126]
V  [jvm.dll+0x6be715]
V  [jvm.dll+0x6be6cb]
V  [jvm.dll+0x59f993]
V  [jvm.dll+0x59fda8]
C  [ntdll.dll+0x9f7dd]
C  [ntdll.dll+0xd856]
C  [ntdll.dll+0x9e70e]
C  0x000001f5ec1f0ead

VM_Operation (0x000000682c2fe5a0): G1IncCollectionPause, mode: safepoint, requested by thread 0x000001f5863c0800


---------------  P R O C E S S  ---------------

Threads class SMR info:
_java_thread_list=0x000001f5860ce400, length=14, elements={
0x000001f5e0e5f800, 0x000001f5feb35800, 0x000001f5feb43800, 0x000001f5feb4c800,
0x000001f5feb4e000, 0x000001f5ff484800, 0x000001f5ff485000, 0x000001f5ff489000,
0x000001f5ff48a000, 0x000001f5ff492800, 0x000001f5ff65c000, 0x000001f5ff661800,
0x000001f584c5e800, 0x000001f5863c0800
}

Java Threads: ( => current thread )
  0x000001f5e0e5f800 JavaThread "main" [_thread_blocked, id=14848, stack(0x0000006829d00000,0x0000006829e00000)]
  0x000001f5feb35800 JavaThread "Reference Handler" daemon [_thread_blocked, id=140, stack(0x000000682b300000,0x000000682b400000)]
  0x000001f5feb43800 JavaThread "Finalizer" daemon [_thread_blocked, id=9752, stack(0x000000682b400000,0x000000682b500000)]
  0x000001f5feb4c800 JavaThread "Signal Dispatcher" daemon [_thread_blocked, id=11920, stack(0x000000682b500000,0x000000682b600000)]
  0x000001f5feb4e000 JavaThread "Attach Listener" daemon [_thread_blocked, id=7348, stack(0x000000682b600000,0x000000682b700000)]
  0x000001f5ff484800 JavaThread "C2 CompilerThread0" daemon [_thread_blocked, id=6496, stack(0x000000682b700000,0x000000682b800000)]
  0x000001f5ff485000 JavaThread "C2 CompilerThread1" daemon [_thread_blocked, id=6428, stack(0x000000682b800000,0x000000682b900000)]
  0x000001f5ff489000 JavaThread "C2 CompilerThread2" daemon [_thread_blocked, id=8324, stack(0x000000682b900000,0x000000682ba00000)]
  0x000001f5ff48a000 JavaThread "C1 CompilerThread3" daemon [_thread_blocked, id=13160, stack(0x000000682ba00000,0x000000682bb00000)]
  0x000001f5ff492800 JavaThread "Sweeper thread" daemon [_thread_blocked, id=13968, stack(0x000000682bb00000,0x000000682bc00000)]
  0x000001f5ff65c000 JavaThread "Service Thread" daemon [_thread_blocked, id=16032, stack(0x000000682bc00000,0x000000682bd00000)]
  0x000001f5ff661800 JavaThread "Common-Cleaner" daemon [_thread_blocked, id=15968, stack(0x000000682bd00000,0x000000682be00000)]
  0x000001f584c5e800 JavaThread "Thread-2" daemon [_thread_in_native, id=7464, stack(0x000000682c100000,0x000000682c200000)]
  0x000001f5863c0800 JavaThread "ContainerBackgroundProcessor[StandardEngine[Tomcat]]" daemon [_thread_blocked, id=15400, stack(0x000000682c200000,0x000000682c300000)]

Other Threads:
=>0x000001f5feb30000 VMThread "VM Thread" [stack: 0x000000682b200000,0x000000682b300000] [id=9748]
  0x000001f5ff66a800 WatcherThread [stack: 0x000000682be00000,0x000000682bf00000] [id=16156]
  0x000001f5e0e79800 GCTaskThread "GC Thread#0" [stack: 0x0000006829e00000,0x0000006829f00000] [id=11300]
  0x000001f5e0e7c000 GCTaskThread "GC Thread#1" [stack: 0x0000006829f00000,0x000000682a000000] [id=12548]
  0x000001f5e0e7f800 GCTaskThread "GC Thread#2" [stack: 0x000000682a000000,0x000000682a100000] [id=10560]
  0x000001f5e0e88800 GCTaskThread "GC Thread#3" [stack: 0x000000682a100000,0x000000682a200000] [id=13064]
  0x000001f5e0e82000 GCTaskThread "GC Thread#4" [stack: 0x000000682a200000,0x000000682a300000] [id=7996]
  0x000001f5e0e82800 GCTaskThread "GC Thread#5" [stack: 0x000000682a300000,0x000000682a400000] [id=13684]
  0x000001f5e0e83800 GCTaskThread "GC Thread#6" [stack: 0x000000682a400000,0x000000682a500000] [id=904]
  0x000001f5e0e87800 GCTaskThread "GC Thread#7" [stack: 0x000000682a500000,0x000000682a600000] [id=11036]
  0x000001f5e0f03000 ConcurrentGCThread "G1 Main Marker" [stack: 0x000000682a600000,0x000000682a700000] [id=12508]
  0x000001f5e0e88000 ConcurrentGCThread "G1 Conc#0" [stack: 0x000000682a700000,0x000000682a800000] [id=8804]
  0x000001f5e0e84000 ConcurrentGCThread "G1 Conc#1" [stack: 0x000000682a800000,0x000000682a900000] [id=8612]
  0x000001f5fe99c800 ConcurrentGCThread "G1 Refine#0" [stack: 0x000000682a900000,0x000000682aa00000] [id=7436]
  0x000001f5fe99d000 ConcurrentGCThread "G1 Refine#1" [stack: 0x000000682aa00000,0x000000682ab00000] [id=12296]
  0x000001f5fe99d800 ConcurrentGCThread "G1 Refine#2" [stack: 0x000000682ab00000,0x000000682ac00000] [id=16140]
  0x000001f5fe9a0800 ConcurrentGCThread "G1 Refine#3" [stack: 0x000000682ac00000,0x000000682ad00000] [id=12860]
  0x000001f5fe9a2000 ConcurrentGCThread "G1 Refine#4" [stack: 0x000000682ad00000,0x000000682ae00000] [id=16016]
  0x000001f5fe9a9000 ConcurrentGCThread "G1 Refine#5" [stack: 0x000000682ae00000,0x000000682af00000] [id=15604]
  0x000001f5fe9b2800 ConcurrentGCThread "G1 Refine#6" [stack: 0x000000682af00000,0x000000682b000000] [id=3204]
  0x000001f5e0e84800 ConcurrentGCThread "G1 Refine#7" [stack: 0x000000682b000000,0x000000682b100000] [id=11900]
  0x000001f5fe9c3000 ConcurrentGCThread "G1 Young RemSet Sampling" [stack: 0x000000682b100000,0x000000682b200000] [id=15860]

Threads with active compile tasks:

VM state:at safepoint (normal execution)

VM Mutex/Monitor currently owned by a thread:  ([mutex/lock_event])
[0x000001f5e0e5e100] Threads_lock - owner thread: 0x000001f5feb30000
[0x000001f5e0e5e070] Heap_lock - owner thread: 0x000001f5863c0800

Heap address: 0x0000000081400000, size: 2028 MB, Compressed Oops mode: 32-bit
Narrow klass base: 0x0000000000000000, Narrow klass shift: 3
Compressed class space size: 1073741824 Address: 0x0000000100000000

Heap:
 garbage-first heap   total 536576K, used 38286K [0x0000000081400000, 0x0000000100000000)
  region size 1024K, 2 young (2048K), 2 survivors (2048K)
 Metaspace       used 33570K, capacity 35230K, committed 36096K, reserved 1081344K
  class space    used 3394K, capacity 4008K, committed 4224K, reserved 1048576K
Heap Regions: E=young(eden), S=young(survivor), O=old, HS=humongous(starts), HC=humongous(continues), CS=collection set, F=free, A=archive, TS=gc time stamp, AC=allocation context, TAMS=top-at-mark-start (previous, next)
|   0|0x0000000081400000, 0x0000000081500000, 0x0000000081500000|100%| O|  |TS  0|AC  0|TAMS 0x0000000081500000, 0x0000000081500000|
|   1|0x0000000081500000, 0x0000000081600000, 0x0000000081600000|100%| O|  |TS  0|AC  0|TAMS 0x0000000081600000, 0x0000000081600000|
|   2|0x0000000081600000, 0x0000000081700000, 0x0000000081700000|100%| O|  |TS  0|AC  0|TAMS 0x0000000081700000, 0x0000000081700000|
|   3|0x0000000081700000, 0x0000000081800000, 0x0000000081800000|100%| O|  |TS  0|AC  0|TAMS 0x0000000081800000, 0x0000000081800000|
|   4|0x0000000081800000, 0x0000000081900000, 0x0000000081900000|100%| O|  |TS  0|AC  0|TAMS 0x0000000081900000, 0x0000000081900000|
|   5|0x0000000081900000, 0x0000000081a00000, 0x0000000081a00000|100%| O|  |TS  0|AC  0|TAMS 0x0000000081a00000, 0x0000000081a00000|
|   6|0x0000000081a00000, 0x0000000081b00000, 0x0000000081b00000|100%| O|  |TS  0|AC  0|TAMS 0x0000000081b00000, 0x0000000081b00000|
|   7|0x0000000081b00000, 0x0000000081c00000, 0x0000000081c00000|100%| O|  |TS  0|AC  0|TAMS 0x0000000081c00000, 0x0000000081c00000|
|   8|0x0000000081c00000, 0x0000000081d00000, 0x0000000081d00000|100%| O|  |TS  0|AC  0|TAMS 0x0000000081d00000, 0x0000000081d00000|
|   9|0x0000000081d00000, 0x0000000081e00000, 0x0000000081e00000|100%| O|  |TS  0|AC  0|TAMS 0x0000000081e00000, 0x0000000081e00000|
|  10|0x0000000081e00000, 0x0000000081f00000, 0x0000000081f00000|100%| O|  |TS  0|AC  0|TAMS 0x0000000081f00000, 0x0000000081f00000|
|  11|0x0000000081f00000, 0x0000000082000000, 0x0000000082000000|100%| O|  |TS  0|AC  0|TAMS 0x0000000082000000, 0x0000000082000000|
|  12|0x0000000082000000, 0x0000000082100000, 0x0000000082100000|100%| O|  |TS  0|AC  0|TAMS 0x0000000082100000, 0x0000000082100000|
|  13|0x0000000082100000, 0x0000000082200000, 0x0000000082200000|100%| O|  |TS  0|AC  0|TAMS 0x0000000082200000, 0x0000000082200000|
|  14|0x0000000082200000, 0x0000000082300000, 0x0000000082300000|100%| O|  |TS  0|AC  0|TAMS 0x0000000082300000, 0x0000000082300000|
|  15|0x0000000082300000, 0x0000000082400000, 0x0000000082400000|100%| O|  |TS  0|AC  0|TAMS 0x0000000082400000, 0x0000000082400000|
|  16|0x0000000082400000, 0x0000000082500000, 0x0000000082500000|100%| O|  |TS  0|AC  0|TAMS 0x0000000082500000, 0x0000000082500000|
|  17|0x0000000082500000, 0x0000000082600000, 0x0000000082600000|100%| O|  |TS  0|AC  0|TAMS 0x0000000082600000, 0x0000000082600000|
|  18|0x0000000082600000, 0x0000000082700000, 0x0000000082700000|100%| O|  |TS  0|AC  0|TAMS 0x0000000082700000, 0x0000000082700000|
|  19|0x0000000082700000, 0x0000000082800000, 0x0000000082800000|100%| O|  |TS  0|AC  0|TAMS 0x0000000082800000, 0x0000000082800000|
|  20|0x0000000082800000, 0x0000000082900000, 0x0000000082900000|100%| O|  |TS 15|AC  0|TAMS 0x0000000082884600, 0x0000000082884600|
|  21|0x0000000082900000, 0x0000000082a00000, 0x0000000082a00000|100%| O|  |TS 16|AC  0|TAMS 0x0000000082900000, 0x0000000082900000|
|  22|0x0000000082a00000, 0x0000000082b00000, 0x0000000082b00000|100%| O|  |TS 16|AC  0|TAMS 0x0000000082a00000, 0x0000000082a00000|
|  23|0x0000000082b00000, 0x0000000082c00000, 0x0000000082c00000|100%| O|  |TS 19|AC  0|TAMS 0x0000000082b00000, 0x0000000082b00000|
|  24|0x0000000082c00000, 0x0000000082d00000, 0x0000000082d00000|100%| O|  |TS 19|AC  0|TAMS 0x0000000082c00000, 0x0000000082c00000|
|  25|0x0000000082d00000, 0x0000000082e00000, 0x0000000082e00000|100%| O|  |TS 21|AC  0|TAMS 0x0000000082d00000, 0x0000000082d00000|
|  26|0x0000000082e00000, 0x0000000082f00000, 0x0000000082f00000|100%| O|  |TS 21|AC  0|TAMS 0x0000000082e00000, 0x0000000082e00000|
|  27|0x0000000082f00000, 0x0000000083000000, 0x0000000083000000|100%| O|  |TS 21|AC  0|TAMS 0x0000000082f00000, 0x0000000082f00000|
|  28|0x0000000083000000, 0x0000000083100000, 0x0000000083100000|100%| O|  |TS 25|AC  0|TAMS 0x0000000083000000, 0x0000000083000000|
|  29|0x0000000083100000, 0x0000000083200000, 0x0000000083200000|100%| O|  |TS 27|AC  0|TAMS 0x0000000083100000, 0x0000000083100000|
|  30|0x0000000083200000, 0x0000000083300000, 0x0000000083300000|100%| O|  |TS 29|AC  0|TAMS 0x0000000083200000, 0x0000000083200000|
|  31|0x0000000083300000, 0x0000000083400000, 0x0000000083400000|100%| O|  |TS 33|AC  0|TAMS 0x0000000083300000, 0x0000000083300000|
|  32|0x0000000083400000, 0x0000000083500000, 0x0000000083500000|100%| O|  |TS 33|AC  0|TAMS 0x0000000083400000, 0x0000000083400000|
|  33|0x0000000083500000, 0x0000000083600000, 0x0000000083600000|100%| O|  |TS 35|AC  0|TAMS 0x0000000083500000, 0x0000000083500000|
|  34|0x0000000083600000, 0x0000000083700000, 0x0000000083700000|100%| O|  |TS 36|AC  0|TAMS 0x0000000083600000, 0x0000000083600000|
|  35|0x0000000083700000, 0x0000000083798c00, 0x0000000083800000| 59%| O|  |TS 36|AC  0|TAMS 0x0000000083700000, 0x0000000083700000|
|  36|0x0000000083800000, 0x0000000083800000, 0x0000000083900000|  0%| F|  |TS  0|AC  0|TAMS 0x0000000083800000, 0x0000000083800000|
|  37|0x0000000083900000, 0x0000000083900000, 0x0000000083a00000|  0%| F|  |TS  0|AC  0|TAMS 0x0000000083900000, 0x0000000083900000|
|  38|0x0000000083a00000, 0x0000000083a00000, 0x0000000083b00000|  0%| F|  |TS  0|AC  0|TAMS 0x0000000083a00000, 0x0000000083a00000|
|  39|0x0000000083b00000, 0x0000000083b00000, 0x0000000083c00000|  0%| F|  |TS  0|AC  0|TAMS 0x0000000083b00000, 0x0000000083b00000|
|  40|0x0000000083c00000, 0x0000000083c00000, 0x0000000083d00000|  0%| F|  |TS  0|AC  0|TAMS 0x0000000083c00000, 0x0000000083c00000|
|  41|0x0000000083d00000, 0x0000000083d00000, 0x0000000083e00000|  0%| F|  |TS  0|AC  0|TAMS 0x0000000083d00000, 0x0000000083d00000|
|  42|0x0000000083e00000, 0x0000000083e00000, 0x0000000083f00000|  0%| F|  |TS  0|AC  0|TAMS 0x0000000083e00000, 0x0000000083e00000|
|  43|0x0000000083f00000, 0x0000000083f00000, 0x0000000084000000|  0%| F|  |TS  0|AC  0|TAMS 0x0000000083f00000, 0x0000000083f00000|
|  44|0x0000000084000000, 0x0000000084000000, 0x0000000084100000|  0%| F|  |TS  0|AC  0|TAMS 0x0000000084000000, 0x0000000084000000|
|  45|0x0000000084100000, 0x0000000084100000, 0x0000000084200000|  0%| F|  |TS  0|AC  0|TAMS 0x0000000084100000, 0x0000000084100000|
|  46|0x0000000084200000, 0x0000000084200000, 0x0000000084300000|  0%| F|  |TS 14|AC  0|TAMS 0x0000000084200000, 0x0000000084200000|
|  47|0x0000000084300000, 0x0000000084300000, 0x0000000084400000|  0%| F|  |TS 13|AC  0|TAMS 0x0000000084300000, 0x0000000084300000|
|  48|0x0000000084400000, 0x0000000084400000, 0x0000000084500000|  0%| F|  |TS 15|AC  0|TAMS 0x0000000084400000, 0x0000000084400000|
|  49|0x0000000084500000, 0x0000000084500000, 0x0000000084600000|  0%| F|  |TS 14|AC  0|TAMS 0x0000000084500000, 0x0000000084500000|
|  50|0x0000000084600000, 0x0000000084600000, 0x0000000084700000|  0%| F|  |TS 14|AC  0|TAMS 0x0000000084600000, 0x0000000084600000|
|  51|0x0000000084700000, 0x0000000084700000, 0x0000000084800000|  0%| F|  |TS 14|AC  0|TAMS 0x0000000084700000, 0x0000000084700000|
|  52|0x0000000084800000, 0x0000000084800000, 0x0000000084900000|  0%| F|  |TS 15|AC  0|TAMS 0x0000000084800000, 0x0000000084800000|
|  53|0x0000000084900000, 0x0000000084900000, 0x0000000084a00000|  0%| F|  |TS 15|AC  0|TAMS 0x0000000084900000, 0x0000000084900000|
|  54|0x0000000084a00000, 0x0000000084a00000, 0x0000000084b00000|  0%| F|  |TS 15|AC  0|TAMS 0x0000000084a00000, 0x0000000084a00000|
|  55|0x0000000084b00000, 0x0000000084b00000, 0x0000000084c00000|  0%| F|  |TS 14|AC  0|TAMS 0x0000000084b00000, 0x0000000084b00000|
|  56|0x0000000084c00000, 0x0000000084c00000, 0x0000000084d00000|  0%| F|  |TS 14|AC  0|TAMS 0x0000000084c00000, 0x0000000084c00000|
|  57|0x0000000084d00000, 0x0000000084d00000, 0x0000000084e00000|  0%| F|  |TS 15|AC  0|TAMS 0x0000000084d00000, 0x0000000084d00000|
|  58|0x0000000084e00000, 0x0000000084e00000, 0x0000000084f00000|  0%| F|  |TS 14|AC  0|TAMS 0x0000000084e00000, 0x0000000084e00000|
|  59|0x0000000084f00000, 0x0000000084f00000, 0x0000000085000000|  0%| F|  |TS 14|AC  0|TAMS 0x0000000084f00000, 0x0000000084f00000|
|  60|0x0000000085000000, 0x0000000085000000, 0x0000000085100000|  0%| F|  |TS 14|AC  0|TAMS 0x0000000085000000, 0x0000000085000000|
|  61|0x0000000085100000, 0x0000000085100000, 0x0000000085200000|  0%| F|  |TS 14|AC  0|TAMS 0x0000000085100000, 0x0000000085100000|
|  62|0x0000000085200000, 0x0000000085200000, 0x0000000085300000|  0%| F|  |TS 14|AC  0|TAMS 0x0000000085200000, 0x0000000085200000|
|  63|0x0000000085300000, 0x0000000085300000, 0x0000000085400000|  0%| F|  |TS 14|AC  0|TAMS 0x0000000085300000, 0x0000000085300000|
|  64|0x0000000085400000, 0x0000000085400000, 0x0000000085500000|  0%| F|  |TS 14|AC  0|TAMS 0x0000000085400000, 0x0000000085400000|
|  65|0x0000000085500000, 0x0000000085500000, 0x0000000085600000|  0%| F|  |TS 14|AC  0|TAMS 0x0000000085500000, 0x0000000085500000|
|  66|0x0000000085600000, 0x0000000085600000, 0x0000000085700000|  0%| F|  |TS 14|AC  0|TAMS 0x0000000085600000, 0x0000000085600000|
|  67|0x0000000085700000, 0x0000000085700000, 0x0000000085800000|  0%| F|  |TS 14|AC  0|TAMS 0x0000000085700000, 0x0000000085700000|
|  68|0x0000000085800000, 0x0000000085800000, 0x0000000085900000|  0%| F|  |TS 14|AC  0|TAMS 0x0000000085800000, 0x0000000085800000|
|  69|0x0000000085900000, 0x0000000085900000, 0x0000000085a00000|  0%| F|  |TS 14|AC  0|TAMS 0x0000000085900000, 0x0000000085900000|
|  70|0x0000000085a00000, 0x0000000085a00000, 0x0000000085b00000|  0%| F|  |TS 14|AC  0|TAMS 0x0000000085a00000, 0x0000000085a00000|
|  71|0x0000000085b00000, 0x0000000085b00000, 0x0000000085c00000|  0%| F|  |TS 14|AC  0|TAMS 0x0000000085b00000, 0x0000000085b00000|
|  72|0x0000000085c00000, 0x0000000085c00000, 0x0000000085d00000|  0%| F|  |TS 14|AC  0|TAMS 0x0000000085c00000, 0x0000000085c00000|
|  73|0x0000000085d00000, 0x0000000085d00000, 0x0000000085e00000|  0%| F|  |TS 14|AC  0|TAMS 0x0000000085d00000, 0x0000000085d00000|
|  74|0x0000000085e00000, 0x0000000085e00000, 0x0000000085f00000|  0%| F|  |TS 21|AC  0|TAMS 0x0000000085e00000, 0x0000000085e00000|
|  75|0x0000000085f00000, 0x0000000085f00000, 0x0000000086000000|  0%| F|  |TS 21|AC  0|TAMS 0x0000000085f00000, 0x0000000085f00000|
|  76|0x0000000086000000, 0x0000000086000000, 0x0000000086100000|  0%| F|  |TS 21|AC  0|TAMS 0x0000000086000000, 0x0000000086000000|
|  77|0x0000000086100000, 0x0000000086100000, 0x0000000086200000|  0%| F|  |TS 21|AC  0|TAMS 0x0000000086100000, 0x0000000086100000|
|  78|0x0000000086200000, 0x0000000086200000, 0x0000000086300000|  0%| F|  |TS 20|AC  0|TAMS 0x0000000086200000, 0x0000000086200000|
|  79|0x0000000086300000, 0x0000000086300000, 0x0000000086400000|  0%| F|  |TS 20|AC  0|TAMS 0x0000000086300000, 0x0000000086300000|
|  80|0x0000000086400000, 0x0000000086400000, 0x0000000086500000|  0%| F|  |TS 20|AC  0|TAMS 0x0000000086400000, 0x0000000086400000|
|  81|0x0000000086500000, 0x0000000086500000, 0x0000000086600000|  0%| F|  |TS 20|AC  0|TAMS 0x0000000086500000, 0x0000000086500000|
|  82|0x0000000086600000, 0x0000000086600000, 0x0000000086700000|  0%| F|  |TS 20|AC  0|TAMS 0x0000000086600000, 0x0000000086600000|
|  83|0x0000000086700000, 0x0000000086700000, 0x0000000086800000|  0%| F|  |TS 20|AC  0|TAMS 0x0000000086700000, 0x0000000086700000|
|  84|0x0000000086800000, 0x0000000086800000, 0x0000000086900000|  0%| F|  |TS 20|AC  0|TAMS 0x0000000086800000, 0x0000000086800000|
|  85|0x0000000086900000, 0x0000000086900000, 0x0000000086a00000|  0%| F|  |TS 20|AC  0|TAMS 0x0000000086900000, 0x0000000086900000|
|  86|0x0000000086a00000, 0x0000000086a00000, 0x0000000086b00000|  0%| F|  |TS 20|AC  0|TAMS 0x0000000086a00000, 0x0000000086a00000|
|  87|0x0000000086b00000, 0x0000000086b00000, 0x0000000086c00000|  0%| F|  |TS 20|AC  0|TAMS 0x0000000086b00000, 0x0000000086b00000|
|  88|0x0000000086c00000, 0x0000000086c00000, 0x0000000086d00000|  0%| F|  |TS 20|AC  0|TAMS 0x0000000086c00000, 0x0000000086c00000|
|  89|0x0000000086d00000, 0x0000000086d00000, 0x0000000086e00000|  0%| F|  |TS 20|AC  0|TAMS 0x0000000086d00000, 0x0000000086d00000|
|  90|0x0000000086e00000, 0x0000000086e00000, 0x0000000086f00000|  0%| F|  |TS 20|AC  0|TAMS 0x0000000086e00000, 0x0000000086e00000|
|  91|0x0000000086f00000, 0x0000000086f00000, 0x0000000087000000|  0%| F|  |TS 20|AC  0|TAMS 0x0000000086f00000, 0x0000000086f00000|
|  92|0x0000000087000000, 0x0000000087000000, 0x0000000087100000|  0%| F|  |TS 20|AC  0|TAMS 0x0000000087000000, 0x0000000087000000|
|  93|0x0000000087100000, 0x0000000087100000, 0x0000000087200000|  0%| F|  |TS 20|AC  0|TAMS 0x0000000087100000, 0x0000000087100000|
|  94|0x0000000087200000, 0x0000000087200000, 0x0000000087300000|  0%| F|  |TS 20|AC  0|TAMS 0x0000000087200000, 0x0000000087200000|
|  95|0x0000000087300000, 0x0000000087300000, 0x0000000087400000|  0%| F|  |TS 20|AC  0|TAMS 0x0000000087300000, 0x0000000087300000|
|  96|0x0000000087400000, 0x0000000087400000, 0x0000000087500000|  0%| F|  |TS 20|AC  0|TAMS 0x0000000087400000, 0x0000000087400000|
|  97|0x0000000087500000, 0x0000000087500000, 0x0000000087600000|  0%| F|  |TS 20|AC  0|TAMS 0x0000000087500000, 0x0000000087500000|
|  98|0x0000000087600000, 0x0000000087600000, 0x0000000087700000|  0%| F|  |TS 20|AC  0|TAMS 0x0000000087600000, 0x0000000087600000|
|  99|0x0000000087700000, 0x0000000087700000, 0x0000000087800000|  0%| F|  |TS 20|AC  0|TAMS 0x0000000087700000, 0x0000000087700000|
| 100|0x0000000087800000, 0x0000000087800000, 0x0000000087900000|  0%| F|  |TS 20|AC  0|TAMS 0x0000000087800000, 0x0000000087800000|
| 101|0x0000000087900000, 0x0000000087900000, 0x0000000087a00000|  0%| F|  |TS 20|AC  0|TAMS 0x0000000087900000, 0x0000000087900000|
| 102|0x0000000087a00000, 0x0000000087a00000, 0x0000000087b00000|  0%| F|  |TS 20|AC  0|TAMS 0x0000000087a00000, 0x0000000087a00000|
| 103|0x0000000087b00000, 0x0000000087b00000, 0x0000000087c00000|  0%| F|  |TS 20|AC  0|TAMS 0x0000000087b00000, 0x0000000087b00000|
| 104|0x0000000087c00000, 0x0000000087c00000, 0x0000000087d00000|  0%| F|  |TS 20|AC  0|TAMS 0x0000000087c00000, 0x0000000087c00000|
| 105|0x0000000087d00000, 0x0000000087d00000, 0x0000000087e00000|  0%| F|  |TS 20|AC  0|TAMS 0x0000000087d00000, 0x0000000087d00000|
| 106|0x0000000087e00000, 0x0000000087e00000, 0x0000000087f00000|  0%| F|  |TS 20|AC  0|TAMS 0x0000000087e00000, 0x0000000087e00000|
| 107|0x0000000087f00000, 0x0000000087f00000, 0x0000000088000000|  0%| F|  |TS 20|AC  0|TAMS 0x0000000087f00000, 0x0000000087f00000|
| 108|0x0000000088000000, 0x0000000088000000, 0x0000000088100000|  0%| F|  |TS 20|AC  0|TAMS 0x0000000088000000, 0x0000000088000000|
| 109|0x0000000088100000, 0x0000000088100000, 0x0000000088200000|  0%| F|  |TS 20|AC  0|TAMS 0x0000000088100000, 0x0000000088100000|
| 110|0x0000000088200000, 0x0000000088200000, 0x0000000088300000|  0%| F|  |TS 20|AC  0|TAMS 0x0000000088200000, 0x0000000088200000|
| 111|0x0000000088300000, 0x0000000088300000, 0x0000000088400000|  0%| F|  |TS 20|AC  0|TAMS 0x0000000088300000, 0x0000000088300000|
| 112|0x0000000088400000, 0x0000000088400000, 0x0000000088500000|  0%| F|  |TS 20|AC  0|TAMS 0x0000000088400000, 0x0000000088400000|
| 113|0x0000000088500000, 0x0000000088500000, 0x0000000088600000|  0%| F|  |TS 20|AC  0|TAMS 0x0000000088500000, 0x0000000088500000|
| 114|0x0000000088600000, 0x0000000088600000, 0x0000000088700000|  0%| F|  |TS 20|AC  0|TAMS 0x0000000088600000, 0x0000000088600000|
| 115|0x0000000088700000, 0x0000000088700000, 0x0000000088800000|  0%| F|  |TS 20|AC  0|TAMS 0x0000000088700000, 0x0000000088700000|
| 116|0x0000000088800000, 0x0000000088800000, 0x0000000088900000|  0%| F|  |TS 20|AC  0|TAMS 0x0000000088800000, 0x0000000088800000|
| 117|0x0000000088900000, 0x0000000088900000, 0x0000000088a00000|  0%| F|  |TS 32|AC  0|TAMS 0x0000000088900000, 0x0000000088900000|
| 118|0x0000000088a00000, 0x0000000088a00000, 0x0000000088b00000|  0%| F|  |TS 32|AC  0|TAMS 0x0000000088a00000, 0x0000000088a00000|
| 119|0x0000000088b00000, 0x0000000088b00000, 0x0000000088c00000|  0%| F|  |TS 31|AC  0|TAMS 0x0000000088b00000, 0x0000000088b00000|
| 120|0x0000000088c00000, 0x0000000088c00000, 0x0000000088d00000|  0%| F|  |TS 31|AC  0|TAMS 0x0000000088c00000, 0x0000000088c00000|
| 121|0x0000000088d00000, 0x0000000088d00000, 0x0000000088e00000|  0%| F|  |TS 31|AC  0|TAMS 0x0000000088d00000, 0x0000000088d00000|
| 122|0x0000000088e00000, 0x0000000088e00000, 0x0000000088f00000|  0%| F|  |TS 31|AC  0|TAMS 0x0000000088e00000, 0x0000000088e00000|
| 123|0x0000000088f00000, 0x0000000088f00000, 0x0000000089000000|  0%| F|  |TS 31|AC  0|TAMS 0x0000000088f00000, 0x0000000088f00000|
| 124|0x0000000089000000, 0x0000000089000000, 0x0000000089100000|  0%| F|  |TS 31|AC  0|TAMS 0x0000000089000000, 0x0000000089000000|
| 125|0x0000000089100000, 0x0000000089100000, 0x0000000089200000|  0%| F|  |TS 31|AC  0|TAMS 0x0000000089100000, 0x0000000089100000|
| 126|0x0000000089200000, 0x0000000089200000, 0x0000000089300000|  0%| F|  |TS 31|AC  0|TAMS 0x0000000089200000, 0x0000000089200000|
| 127|0x0000000089300000, 0x0000000089300000, 0x0000000089400000|  0%| F|  |TS 31|AC  0|TAMS 0x0000000089300000, 0x0000000089300000|
| 128|0x0000000089400000, 0x0000000089400000, 0x0000000089500000|  0%| F|  |TS 31|AC  0|TAMS 0x0000000089400000, 0x0000000089400000|
| 129|0x0000000089500000, 0x0000000089500000, 0x0000000089600000|  0%| F|  |TS 31|AC  0|TAMS 0x0000000089500000, 0x0000000089500000|
| 130|0x0000000089600000, 0x0000000089600000, 0x0000000089700000|  0%| F|  |TS 31|AC  0|TAMS 0x0000000089600000, 0x0000000089600000|
| 131|0x0000000089700000, 0x0000000089700000, 0x0000000089800000|  0%| F|  |TS 31|AC  0|TAMS 0x0000000089700000, 0x0000000089700000|
| 132|0x0000000089800000, 0x0000000089800000, 0x0000000089900000|  0%| F|  |TS 31|AC  0|TAMS 0x0000000089800000, 0x0000000089800000|
| 133|0x0000000089900000, 0x0000000089900000, 0x0000000089a00000|  0%| F|  |TS 31|AC  0|TAMS 0x0000000089900000, 0x0000000089900000|
| 134|0x0000000089a00000, 0x0000000089a00000, 0x0000000089b00000|  0%| F|  |TS 31|AC  0|TAMS 0x0000000089a00000, 0x0000000089a00000|
| 135|0x0000000089b00000, 0x0000000089b00000, 0x0000000089c00000|  0%| F|  |TS 31|AC  0|TAMS 0x0000000089b00000, 0x0000000089b00000|
| 136|0x0000000089c00000, 0x0000000089c00000, 0x0000000089d00000|  0%| F|  |TS 31|AC  0|TAMS 0x0000000089c00000, 0x0000000089c00000|
| 137|0x0000000089d00000, 0x0000000089d00000, 0x0000000089e00000|  0%| F|  |TS 31|AC  0|TAMS 0x0000000089d00000, 0x0000000089d00000|
| 138|0x0000000089e00000, 0x0000000089e00000, 0x0000000089f00000|  0%| F|  |TS 31|AC  0|TAMS 0x0000000089e00000, 0x0000000089e00000|
| 139|0x0000000089f00000, 0x0000000089f00000, 0x000000008a000000|  0%| F|  |TS 31|AC  0|TAMS 0x0000000089f00000, 0x0000000089f00000|
| 140|0x000000008a000000, 0x000000008a000000, 0x000000008a100000|  0%| F|  |TS 31|AC  0|TAMS 0x000000008a000000, 0x000000008a000000|
| 141|0x000000008a100000, 0x000000008a100000, 0x000000008a200000|  0%| F|  |TS 31|AC  0|TAMS 0x000000008a100000, 0x000000008a100000|
| 142|0x000000008a200000, 0x000000008a200000, 0x000000008a300000|  0%| F|  |TS 31|AC  0|TAMS 0x000000008a200000, 0x000000008a200000|
| 143|0x000000008a300000, 0x000000008a300000, 0x000000008a400000|  0%| F|  |TS 31|AC  0|TAMS 0x000000008a300000, 0x000000008a300000|
| 144|0x000000008a400000, 0x000000008a400000, 0x000000008a500000|  0%| F|  |TS 31|AC  0|TAMS 0x000000008a400000, 0x000000008a400000|
| 145|0x000000008a500000, 0x000000008a500000, 0x000000008a600000|  0%| F|  |TS 31|AC  0|TAMS 0x000000008a500000, 0x000000008a500000|
| 146|0x000000008a600000, 0x000000008a600000, 0x000000008a700000|  0%| F|  |TS 31|AC  0|TAMS 0x000000008a600000, 0x000000008a600000|
| 147|0x000000008a700000, 0x000000008a700000, 0x000000008a800000|  0%| F|  |TS 31|AC  0|TAMS 0x000000008a700000, 0x000000008a700000|
| 148|0x000000008a800000, 0x000000008a800000, 0x000000008a900000|  0%| F|  |TS 31|AC  0|TAMS 0x000000008a800000, 0x000000008a800000|
| 149|0x000000008a900000, 0x000000008a900000, 0x000000008aa00000|  0%| F|  |TS 31|AC  0|TAMS 0x000000008a900000, 0x000000008a900000|
| 150|0x000000008aa00000, 0x000000008aa00000, 0x000000008ab00000|  0%| F|  |TS 31|AC  0|TAMS 0x000000008aa00000, 0x000000008aa00000|
| 151|0x000000008ab00000, 0x000000008ab00000, 0x000000008ac00000|  0%| F|  |TS 31|AC  0|TAMS 0x000000008ab00000, 0x000000008ab00000|
| 152|0x000000008ac00000, 0x000000008ac00000, 0x000000008ad00000|  0%| F|  |TS 31|AC  0|TAMS 0x000000008ac00000, 0x000000008ac00000|
| 153|0x000000008ad00000, 0x000000008ad00000, 0x000000008ae00000|  0%| F|  |TS 31|AC  0|TAMS 0x000000008ad00000, 0x000000008ad00000|
| 154|0x000000008ae00000, 0x000000008ae00000, 0x000000008af00000|  0%| F|  |TS 31|AC  0|TAMS 0x000000008ae00000, 0x000000008ae00000|
| 155|0x000000008af00000, 0x000000008af00000, 0x000000008b000000|  0%| F|  |TS 31|AC  0|TAMS 0x000000008af00000, 0x000000008af00000|
| 156|0x000000008b000000, 0x000000008b000000, 0x000000008b100000|  0%| F|  |TS 31|AC  0|TAMS 0x000000008b000000, 0x000000008b000000|
| 157|0x000000008b100000, 0x000000008b100000, 0x000000008b200000|  0%| F|  |TS 31|AC  0|TAMS 0x000000008b100000, 0x000000008b100000|
| 158|0x000000008b200000, 0x000000008b200000, 0x000000008b300000|  0%| F|  |TS 31|AC  0|TAMS 0x000000008b200000, 0x000000008b200000|
| 159|0x000000008b300000, 0x000000008b300000, 0x000000008b400000|  0%| F|  |TS 31|AC  0|TAMS 0x000000008b300000, 0x000000008b300000|
| 160|0x000000008b400000, 0x000000008b400000, 0x000000008b500000|  0%| F|  |TS 31|AC  0|TAMS 0x000000008b400000, 0x000000008b400000|
| 161|0x000000008b500000, 0x000000008b500000, 0x000000008b600000|  0%| F|  |TS 31|AC  0|TAMS 0x000000008b500000, 0x000000008b500000|
| 162|0x000000008b600000, 0x000000008b600000, 0x000000008b700000|  0%| F|  |TS 31|AC  0|TAMS 0x000000008b600000, 0x000000008b600000|
| 163|0x000000008b700000, 0x000000008b700000, 0x000000008b800000|  0%| F|  |TS 31|AC  0|TAMS 0x000000008b700000, 0x000000008b700000|
| 164|0x000000008b800000, 0x000000008b800000, 0x000000008b900000|  0%| F|  |TS 31|AC  0|TAMS 0x000000008b800000, 0x000000008b800000|
| 165|0x000000008b900000, 0x000000008b900000, 0x000000008ba00000|  0%| F|  |TS 31|AC  0|TAMS 0x000000008b900000, 0x000000008b900000|
| 166|0x000000008ba00000, 0x000000008ba00000, 0x000000008bb00000|  0%| F|  |TS 31|AC  0|TAMS 0x000000008ba00000, 0x000000008ba00000|
| 167|0x000000008bb00000, 0x000000008bb00000, 0x000000008bc00000|  0%| F|  |TS 31|AC  0|TAMS 0x000000008bb00000, 0x000000008bb00000|
| 168|0x000000008bc00000, 0x000000008bc00000, 0x000000008bd00000|  0%| F|  |TS 31|AC  0|TAMS 0x000000008bc00000, 0x000000008bc00000|
| 169|0x000000008bd00000, 0x000000008bd00000, 0x000000008be00000|  0%| F|  |TS 31|AC  0|TAMS 0x000000008bd00000, 0x000000008bd00000|
| 170|0x000000008be00000, 0x000000008be00000, 0x000000008bf00000|  0%| F|  |TS 31|AC  0|TAMS 0x000000008be00000, 0x000000008be00000|
| 171|0x000000008bf00000, 0x000000008bf00000, 0x000000008c000000|  0%| F|  |TS 31|AC  0|TAMS 0x000000008bf00000, 0x000000008bf00000|
| 172|0x000000008c000000, 0x000000008c000000, 0x000000008c100000|  0%| F|  |TS 31|AC  0|TAMS 0x000000008c000000, 0x000000008c000000|
| 173|0x000000008c100000, 0x000000008c100000, 0x000000008c200000|  0%| F|  |TS 31|AC  0|TAMS 0x000000008c100000, 0x000000008c100000|
| 174|0x000000008c200000, 0x000000008c200000, 0x000000008c300000|  0%| F|  |TS 31|AC  0|TAMS 0x000000008c200000, 0x000000008c200000|
| 175|0x000000008c300000, 0x000000008c300000, 0x000000008c400000|  0%| F|  |TS 31|AC  0|TAMS 0x000000008c300000, 0x000000008c300000|
| 176|0x000000008c400000, 0x000000008c400000, 0x000000008c500000|  0%| F|  |TS 31|AC  0|TAMS 0x000000008c400000, 0x000000008c400000|
| 177|0x000000008c500000, 0x000000008c500000, 0x000000008c600000|  0%| F|  |TS 31|AC  0|TAMS 0x000000008c500000, 0x000000008c500000|
| 178|0x000000008c600000, 0x000000008c600000, 0x000000008c700000|  0%| F|  |TS 31|AC  0|TAMS 0x000000008c600000, 0x000000008c600000|
| 179|0x000000008c700000, 0x000000008c700000, 0x000000008c800000|  0%| F|  |TS 31|AC  0|TAMS 0x000000008c700000, 0x000000008c700000|
| 180|0x000000008c800000, 0x000000008c800000, 0x000000008c900000|  0%| F|  |TS 31|AC  0|TAMS 0x000000008c800000, 0x000000008c800000|
| 181|0x000000008c900000, 0x000000008c900000, 0x000000008ca00000|  0%| F|  |TS 31|AC  0|TAMS 0x000000008c900000, 0x000000008c900000|
| 182|0x000000008ca00000, 0x000000008ca00000, 0x000000008cb00000|  0%| F|  |TS 31|AC  0|TAMS 0x000000008ca00000, 0x000000008ca00000|
| 183|0x000000008cb00000, 0x000000008cb00000, 0x000000008cc00000|  0%| F|  |TS 31|AC  0|TAMS 0x000000008cb00000, 0x000000008cb00000|
| 184|0x000000008cc00000, 0x000000008cc00000, 0x000000008cd00000|  0%| F|  |TS 31|AC  0|TAMS 0x000000008cc00000, 0x000000008cc00000|
| 185|0x000000008cd00000, 0x000000008cd00000, 0x000000008ce00000|  0%| F|  |TS 31|AC  0|TAMS 0x000000008cd00000, 0x000000008cd00000|
| 186|0x000000008ce00000, 0x000000008ce00000, 0x000000008cf00000|  0%| F|  |TS 31|AC  0|TAMS 0x000000008ce00000, 0x000000008ce00000|
| 187|0x000000008cf00000, 0x000000008cf00000, 0x000000008d000000|  0%| F|  |TS 31|AC  0|TAMS 0x000000008cf00000, 0x000000008cf00000|
| 188|0x000000008d000000, 0x000000008d000000, 0x000000008d100000|  0%| F|  |TS 31|AC  0|TAMS 0x000000008d000000, 0x000000008d000000|
| 189|0x000000008d100000, 0x000000008d100000, 0x000000008d200000|  0%| F|  |TS 31|AC  0|TAMS 0x000000008d100000, 0x000000008d100000|
| 190|0x000000008d200000, 0x000000008d200000, 0x000000008d300000|  0%| F|  |TS 31|AC  0|TAMS 0x000000008d200000, 0x000000008d200000|
| 191|0x000000008d300000, 0x000000008d300000, 0x000000008d400000|  0%| F|  |TS 31|AC  0|TAMS 0x000000008d300000, 0x000000008d300000|
| 192|0x000000008d400000, 0x000000008d400000, 0x000000008d500000|  0%| F|  |TS 31|AC  0|TAMS 0x000000008d400000, 0x000000008d400000|
| 193|0x000000008d500000, 0x000000008d500000, 0x000000008d600000|  0%| F|  |TS 31|AC  0|TAMS 0x000000008d500000, 0x000000008d500000|
| 194|0x000000008d600000, 0x000000008d600000, 0x000000008d700000|  0%| F|  |TS 31|AC  0|TAMS 0x000000008d600000, 0x000000008d600000|
| 195|0x000000008d700000, 0x000000008d700000, 0x000000008d800000|  0%| F|  |TS 31|AC  0|TAMS 0x000000008d700000, 0x000000008d700000|
| 196|0x000000008d800000, 0x000000008d800000, 0x000000008d900000|  0%| F|  |TS 31|AC  0|TAMS 0x000000008d800000, 0x000000008d800000|
| 197|0x000000008d900000, 0x000000008d900000, 0x000000008da00000|  0%| F|  |TS 31|AC  0|TAMS 0x000000008d900000, 0x000000008d900000|
| 198|0x000000008da00000, 0x000000008da00000, 0x000000008db00000|  0%| F|  |TS 31|AC  0|TAMS 0x000000008da00000, 0x000000008da00000|
| 199|0x000000008db00000, 0x000000008db00000, 0x000000008dc00000|  0%| F|  |TS 31|AC  0|TAMS 0x000000008db00000, 0x000000008db00000|
| 200|0x000000008dc00000, 0x000000008dc00000, 0x000000008dd00000|  0%| F|  |TS 31|AC  0|TAMS 0x000000008dc00000, 0x000000008dc00000|
| 201|0x000000008dd00000, 0x000000008dd00000, 0x000000008de00000|  0%| F|  |TS 31|AC  0|TAMS 0x000000008dd00000, 0x000000008dd00000|
| 202|0x000000008de00000, 0x000000008de00000, 0x000000008df00000|  0%| F|  |TS 31|AC  0|TAMS 0x000000008de00000, 0x000000008de00000|
| 203|0x000000008df00000, 0x000000008df00000, 0x000000008e000000|  0%| F|  |TS 31|AC  0|TAMS 0x000000008df00000, 0x000000008df00000|
| 204|0x000000008e000000, 0x000000008e000000, 0x000000008e100000|  0%| F|  |TS 31|AC  0|TAMS 0x000000008e000000, 0x000000008e000000|
| 205|0x000000008e100000, 0x000000008e100000, 0x000000008e200000|  0%| F|  |TS 31|AC  0|TAMS 0x000000008e100000, 0x000000008e100000|
| 206|0x000000008e200000, 0x000000008e200000, 0x000000008e300000|  0%| F|  |TS 31|AC  0|TAMS 0x000000008e200000, 0x000000008e200000|
| 207|0x000000008e300000, 0x000000008e300000, 0x000000008e400000|  0%| F|  |TS 31|AC  0|TAMS 0x000000008e300000, 0x000000008e300000|
| 208|0x000000008e400000, 0x000000008e400000, 0x000000008e500000|  0%| F|  |TS 31|AC  0|TAMS 0x000000008e400000, 0x000000008e400000|
| 209|0x000000008e500000, 0x000000008e500000, 0x000000008e600000|  0%| F|  |TS 31|AC  0|TAMS 0x000000008e500000, 0x000000008e500000|
| 210|0x000000008e600000, 0x000000008e600000, 0x000000008e700000|  0%| F|  |TS 31|AC  0|TAMS 0x000000008e600000, 0x000000008e600000|
| 211|0x000000008e700000, 0x000000008e700000, 0x000000008e800000|  0%| F|  |TS 31|AC  0|TAMS 0x000000008e700000, 0x000000008e700000|
| 212|0x000000008e800000, 0x000000008e800000, 0x000000008e900000|  0%| F|  |TS 31|AC  0|TAMS 0x000000008e800000, 0x000000008e800000|
| 213|0x000000008e900000, 0x000000008e900000, 0x000000008ea00000|  0%| F|  |TS 31|AC  0|TAMS 0x000000008e900000, 0x000000008e900000|
| 214|0x000000008ea00000, 0x000000008ea00000, 0x000000008eb00000|  0%| F|  |TS 31|AC  0|TAMS 0x000000008ea00000, 0x000000008ea00000|
| 215|0x000000008eb00000, 0x000000008eb00000, 0x000000008ec00000|  0%| F|  |TS 31|AC  0|TAMS 0x000000008eb00000, 0x000000008eb00000|
| 216|0x000000008ec00000, 0x000000008ec00000, 0x000000008ed00000|  0%| F|  |TS 31|AC  0|TAMS 0x000000008ec00000, 0x000000008ec00000|
| 217|0x000000008ed00000, 0x000000008ed00000, 0x000000008ee00000|  0%| F|  |TS 31|AC  0|TAMS 0x000000008ed00000, 0x000000008ed00000|
| 218|0x000000008ee00000, 0x000000008ee00000, 0x000000008ef00000|  0%| F|  |TS 31|AC  0|TAMS 0x000000008ee00000, 0x000000008ee00000|
| 219|0x000000008ef00000, 0x000000008ef00000, 0x000000008f000000|  0%| F|  |TS 31|AC  0|TAMS 0x000000008ef00000, 0x000000008ef00000|
| 220|0x000000008f000000, 0x000000008f000000, 0x000000008f100000|  0%| F|  |TS 31|AC  0|TAMS 0x000000008f000000, 0x000000008f000000|
| 221|0x000000008f100000, 0x000000008f100000, 0x000000008f200000|  0%| F|  |TS 31|AC  0|TAMS 0x000000008f100000, 0x000000008f100000|
| 222|0x000000008f200000, 0x000000008f200000, 0x000000008f300000|  0%| F|  |TS 31|AC  0|TAMS 0x000000008f200000, 0x000000008f200000|
| 223|0x000000008f300000, 0x000000008f300000, 0x000000008f400000|  0%| F|  |TS 31|AC  0|TAMS 0x000000008f300000, 0x000000008f300000|
| 224|0x000000008f400000, 0x000000008f400000, 0x000000008f500000|  0%| F|  |TS 31|AC  0|TAMS 0x000000008f400000, 0x000000008f400000|
| 225|0x000000008f500000, 0x000000008f500000, 0x000000008f600000|  0%| F|  |TS 31|AC  0|TAMS 0x000000008f500000, 0x000000008f500000|
| 226|0x000000008f600000, 0x000000008f600000, 0x000000008f700000|  0%| F|  |TS 31|AC  0|TAMS 0x000000008f600000, 0x000000008f600000|
| 227|0x000000008f700000, 0x000000008f700000, 0x000000008f800000|  0%| F|  |TS 31|AC  0|TAMS 0x000000008f700000, 0x000000008f700000|
| 228|0x000000008f800000, 0x000000008f800000, 0x000000008f900000|  0%| F|  |TS 31|AC  0|TAMS 0x000000008f800000, 0x000000008f800000|
| 229|0x000000008f900000, 0x000000008f900000, 0x000000008fa00000|  0%| F|  |TS 31|AC  0|TAMS 0x000000008f900000, 0x000000008f900000|
| 230|0x000000008fa00000, 0x000000008fa00000, 0x000000008fb00000|  0%| F|  |TS 31|AC  0|TAMS 0x000000008fa00000, 0x000000008fa00000|
| 231|0x000000008fb00000, 0x000000008fb00000, 0x000000008fc00000|  0%| F|  |TS 31|AC  0|TAMS 0x000000008fb00000, 0x000000008fb00000|
| 232|0x000000008fc00000, 0x000000008fc00000, 0x000000008fd00000|  0%| F|  |TS 31|AC  0|TAMS 0x000000008fc00000, 0x000000008fc00000|
| 233|0x000000008fd00000, 0x000000008fd00000, 0x000000008fe00000|  0%| F|  |TS 31|AC  0|TAMS 0x000000008fd00000, 0x000000008fd00000|
| 234|0x000000008fe00000, 0x000000008fe00000, 0x000000008ff00000|  0%| F|  |TS 31|AC  0|TAMS 0x000000008fe00000, 0x000000008fe00000|
| 235|0x000000008ff00000, 0x000000008ff00000, 0x0000000090000000|  0%| F|  |TS 31|AC  0|TAMS 0x000000008ff00000, 0x000000008ff00000|
| 236|0x0000000090000000, 0x0000000090000000, 0x0000000090100000|  0%| F|  |TS 36|AC  0|TAMS 0x0000000090000000, 0x0000000090000000|
| 237|0x0000000090100000, 0x0000000090100000, 0x0000000090200000|  0%| F|  |TS 36|AC  0|TAMS 0x0000000090100000, 0x0000000090100000|
| 238|0x0000000090200000, 0x00000000902cad08, 0x0000000090300000| 79%| S|CS|TS 36|AC  0|TAMS 0x0000000090200000, 0x0000000090200000|
| 239|0x0000000090300000, 0x0000000090400000, 0x0000000090400000|100%| S|CS|TS 36|AC  0|TAMS 0x0000000090300000, 0x0000000090300000|
| 240|0x0000000090400000, 0x0000000090400000, 0x0000000090500000|  0%| F|  |TS 36|AC  0|TAMS 0x0000000090400000, 0x0000000090400000|
| 241|0x0000000090500000, 0x0000000090500000, 0x0000000090600000|  0%| F|  |TS 36|AC  0|TAMS 0x0000000090500000, 0x0000000090500000|
| 242|0x0000000090600000, 0x0000000090600000, 0x0000000090700000|  0%| F|  |TS 36|AC  0|TAMS 0x0000000090600000, 0x0000000090600000|
| 243|0x0000000090700000, 0x0000000090700000, 0x0000000090800000|  0%| F|  |TS 36|AC  0|TAMS 0x0000000090700000, 0x0000000090700000|
| 244|0x0000000090800000, 0x0000000090800000, 0x0000000090900000|  0%| F|  |TS 36|AC  0|TAMS 0x0000000090800000, 0x0000000090800000|
| 245|0x0000000090900000, 0x0000000090900000, 0x0000000090a00000|  0%| F|  |TS 36|AC  0|TAMS 0x0000000090900000, 0x0000000090900000|
| 246|0x0000000090a00000, 0x0000000090a00000, 0x0000000090b00000|  0%| F|  |TS 36|AC  0|TAMS 0x0000000090a00000, 0x0000000090a00000|
| 247|0x0000000090b00000, 0x0000000090b00000, 0x0000000090c00000|  0%| F|  |TS 36|AC  0|TAMS 0x0000000090b00000, 0x0000000090b00000|
| 248|0x0000000090c00000, 0x0000000090c00000, 0x0000000090d00000|  0%| F|  |TS 36|AC  0|TAMS 0x0000000090c00000, 0x0000000090c00000|
| 249|0x0000000090d00000, 0x0000000090d00000, 0x0000000090e00000|  0%| F|  |TS 36|AC  0|TAMS 0x0000000090d00000, 0x0000000090d00000|

Card table byte_map: [0x000001f5fb920000,0x000001f5fbd20000] byte_map_base: 0x000001f5fb516000

Marking Bits (Prev, Next): (CMBitMap*) 0x000001f5e0f022a0, (CMBitMap*) 0x000001f5e0f022d8
 Prev Bits: [0x000001f5fc120000, 0x000001f5fe0d0000)
 Next Bits: [0x000001f580000000, 0x000001f581fb0000)

Polling page: 0x000001f5e0620000

CodeHeap 'non-profiled nmethods': size=120000Kb used=4550Kb max_used=4550Kb free=115449Kb
 bounds [0x000001f5f3cc0000, 0x000001f5f4140000, 0x000001f5fb1f0000]
CodeHeap 'profiled nmethods': size=120000Kb used=10259Kb max_used=10826Kb free=109740Kb
 bounds [0x000001f5ec790000, 0x000001f5ed250000, 0x000001f5f3cc0000]
CodeHeap 'non-nmethods': size=5760Kb used=1147Kb max_used=1214Kb free=4612Kb
 bounds [0x000001f5ec1f0000, 0x000001f5ec460000, 0x000001f5ec790000]
 total_blobs=8378 nmethods=5045 adapters=394
 compilation: enabled

Compilation events (10 events):
Event: 12317.869 Thread 0x000001f5ff489000 6046       4       com.sun.org.apache.xerces.internal.util.URI::isPathCharacter (24 bytes)
Event: 12318.626 Thread 0x000001f5ff48a000 6047       3       com.sun.org.apache.xerces.internal.utils.XMLSecurityPropertyManager::getValue (10 bytes)
Event: 12324.727 Thread 0x000001f5ff489000 nmethod 6046 0x000001f5f4132e90 code [0x000001f5f4133020, 0x000001f5f41330b8]
Event: 12326.168 Thread 0x000001f5ff48a000 nmethod 6047 0x000001f5eccf3690 code [0x000001f5eccf3840, 0x000001f5eccf39d8]
Event: 12438.834 Thread 0x000001f5ff48a000 6048       3       org.apache.catalina.deploy.ServletDef::<init> (92 bytes)
Event: 12447.432 Thread 0x000001f5ff48a000 nmethod 6048 0x000001f5ece90510 code [0x000001f5ece90740, 0x000001f5ece91158]
Event: 12447.432 Thread 0x000001f5ff48a000 6049       3       org.apache.catalina.deploy.ServletDef::setServletName (43 bytes)
Event: 12453.472 Thread 0x000001f5ff48a000 nmethod 6049 0x000001f5ece9e810 code [0x000001f5ece9ea20, 0x000001f5ece9efd0]
Event: 12454.005 Thread 0x000001f5ff48a000 6050       3       org.apache.tomcat.util.bcel.classfile.AnnotationEntry::getElementValuePairs (25 bytes)
Event: 12456.247 Thread 0x000001f5ff48a000 nmethod 6050 0x000001f5ecdeba10 code [0x000001f5ecdebbe0, 0x000001f5ecdec040]

GC Heap History (10 events):
Event: 12749.713 GC heap after
{Heap after GC invocations=105 (full 0):
 garbage-first heap   total 256000K, used 33572K [0x0000000081400000, 0x0000000100000000)
  region size 1024K, 2 young (2048K), 2 survivors (2048K)
 Metaspace       used 33570K, capacity 35230K, committed 36096K, reserved 1081344K
  class space    used 3394K, capacity 4008K, committed 4224K, reserved 1048576K
}
Event: 12751.567 GC heap before
{Heap before GC invocations=105 (full 0):
 garbage-first heap   total 256000K, used 43812K [0x0000000081400000, 0x0000000100000000)
  region size 1024K, 12 young (12288K), 2 survivors (2048K)
 Metaspace       used 33570K, capacity 35230K, committed 36096K, reserved 1081344K
  class space    used 3394K, capacity 4008K, committed 4224K, reserved 1048576K
}
Event: 12751.667 GC heap after
{Heap after GC invocations=106 (full 0):
 garbage-first heap   total 256000K, used 34763K [0x0000000081400000, 0x0000000100000000)
  region size 1024K, 2 young (2048K), 2 survivors (2048K)
 Metaspace       used 33570K, capacity 35230K, committed 36096K, reserved 1081344K
  class space    used 3394K, capacity 4008K, committed 4224K, reserved 1048576K
}
Event: 12757.071 GC heap before
{Heap before GC invocations=106 (full 0):
 garbage-first heap   total 256000K, used 45003K [0x0000000081400000, 0x0000000100000000)
  region size 1024K, 12 young (12288K), 2 survivors (2048K)
 Metaspace       used 33570K, capacity 35230K, committed 36096K, reserved 1081344K
  class space    used 3394K, capacity 4008K, committed 4224K, reserved 1048576K
}
Event: 12757.098 GC heap after
{Heap after GC invocations=107 (full 0):
 garbage-first heap   total 256000K, used 35798K [0x0000000081400000, 0x0000000100000000)
  region size 1024K, 2 young (2048K), 2 survivors (2048K)
 Metaspace       used 33570K, capacity 35230K, committed 36096K, reserved 1081344K
  class space    used 3394K, capacity 4008K, committed 4224K, reserved 1048576K
}
Event: 12759.841 GC heap before
{Heap before GC invocations=107 (full 0):
 garbage-first heap   total 256000K, used 46038K [0x0000000081400000, 0x0000000100000000)
  region size 1024K, 12 young (12288K), 2 survivors (2048K)
 Metaspace       used 33570K, capacity 35230K, committed 36096K, reserved 1081344K
  class space    used 3394K, capacity 4008K, committed 4224K, reserved 1048576K
}
Event: 12759.923 GC heap after
{Heap after GC invocations=108 (full 0):
 garbage-first heap   total 256000K, used 36619K [0x0000000081400000, 0x0000000100000000)
  region size 1024K, 2 young (2048K), 2 survivors (2048K)
 Metaspace       used 33570K, capacity 35230K, committed 36096K, reserved 1081344K
  class space    used 3394K, capacity 4008K, committed 4224K, reserved 1048576K
}
Event: 12761.735 GC heap before
{Heap before GC invocations=108 (full 0):
 garbage-first heap   total 256000K, used 46859K [0x0000000081400000, 0x0000000100000000)
  region size 1024K, 12 young (12288K), 2 survivors (2048K)
 Metaspace       used 33570K, capacity 35230K, committed 36096K, reserved 1081344K
  class space    used 3394K, capacity 4008K, committed 4224K, reserved 1048576K
}
Event: 12761.990 GC heap after
{Heap after GC invocations=109 (full 0):
 garbage-first heap   total 256000K, used 37383K [0x0000000081400000, 0x0000000100000000)
  region size 1024K, 2 young (2048K), 2 survivors (2048K)
 Metaspace       used 33570K, capacity 35230K, committed 36096K, reserved 1081344K
  class space    used 3394K, capacity 4008K, committed 4224K, reserved 1048576K
}
Event: 12764.262 GC heap before
{Heap before GC invocations=109 (full 0):
 garbage-first heap   total 256000K, used 47623K [0x0000000081400000, 0x0000000100000000)
  region size 1024K, 12 young (12288K), 2 survivors (2048K)
 Metaspace       used 33570K, capacity 35230K, committed 36096K, reserved 1081344K
  class space    used 3394K, capacity 4008K, committed 4224K, reserved 1048576K
}

Deoptimization events (10 events):
Event: 147.915 Thread 0x000001f5863c0800 Uncommon trap: reason=unstable_if action=reinterpret pc=0x000001f5f400e2a0 method=org.apache.tomcat.util.bcel.classfile.JavaClass.<init>(IILjava/lang/String;IIILorg/apache/tomcat/util/bcel/classfile/ConstantPool;[I[Lorg/apache/tomcat/util/bcel/classfile/F
Event: 147.939 Thread 0x000001f5863c0800 Uncommon trap: reason=unstable_if action=reinterpret pc=0x000001f5f3d181fc method=java.lang.String.equals(Ljava/lang/Object;)Z @ 27 c2
Event: 158.474 Thread 0x000001f5863c0800 Uncommon trap: reason=class_check action=maybe_recompile pc=0x000001f5f3f5ad10 method=jdk.internal.loader.URLClassPath.getLoader(I)Ljdk/internal/loader/URLClassPath$Loader; @ 94 c2
Event: 4710.687 Thread 0x000001f5863c0800 Uncommon trap: reason=class_check action=maybe_recompile pc=0x000001f5f40b95a8 method=jdk.internal.misc.Unsafe.allocateUninitializedArray(Ljava/lang/Class;I)Ljava/lang/Object; @ 48 c2
Event: 4710.687 Thread 0x000001f5863c0800 Uncommon trap: reason=class_check action=maybe_recompile pc=0x000001f5f40b95a8 method=jdk.internal.misc.Unsafe.allocateUninitializedArray(Ljava/lang/Class;I)Ljava/lang/Object; @ 48 c2
Event: 4710.687 Thread 0x000001f5863c0800 Uncommon trap: reason=class_check action=maybe_recompile pc=0x000001f5f40b95a8 method=jdk.internal.misc.Unsafe.allocateUninitializedArray(Ljava/lang/Class;I)Ljava/lang/Object; @ 48 c2
Event: 4710.687 Thread 0x000001f5863c0800 Uncommon trap: reason=class_check action=maybe_recompile pc=0x000001f5f40b95a8 method=jdk.internal.misc.Unsafe.allocateUninitializedArray(Ljava/lang/Class;I)Ljava/lang/Object; @ 48 c2
Event: 10882.478 Thread 0x000001f5863c0800 Uncommon trap: reason=unstable_if action=reinterpret pc=0x000001f5f3ccfa3c method=java.util.LinkedHashMap.afterNodeRemoval(Ljava/util/HashMap$Node;)V @ 47 c2
Event: 10930.487 Thread 0x000001f5863c0800 Uncommon trap: reason=unstable_if action=reinterpret pc=0x000001f5f3ed4c10 method=java.lang.ref.SoftReference.get()Ljava/lang/Object; @ 6 c2
Event: 10931.767 Thread 0x000001f5863c0800 Uncommon trap: reason=unstable_if action=reinterpret pc=0x000001f5f3d9525c method=java.lang.ref.SoftReference.get()Ljava/lang/Object; @ 6 c2

Classes redefined (0 events):
No events

Internal exceptions (10 events):
Event: 6986.768 Thread 0x000001f5863c0800 Exception <a 'java/io/FileNotFoundException'{0x00000000861df220}> (0x00000000861df220) thrown at [t:/workspace/open/src/hotspot/share/prims/jni.cpp, line 611]
Event: 7012.830 Thread 0x000001f5863c0800 Exception <a 'java/io/FileNotFoundException'{0x0000000087481f38}> (0x0000000087481f38) thrown at [t:/workspace/open/src/hotspot/share/prims/jni.cpp, line 611]
Event: 7105.218 Thread 0x000001f5863c0800 Exception <a 'java/io/FileNotFoundException'{0x00000000885a53b0}> (0x00000000885a53b0) thrown at [t:/workspace/open/src/hotspot/share/prims/jni.cpp, line 611]
Event: 7355.505 Thread 0x000001f5863c0800 Exception <a 'java/io/FileNotFoundException'{0x0000000089124d30}> (0x0000000089124d30) thrown at [t:/workspace/open/src/hotspot/share/prims/jni.cpp, line 611]
Event: 7816.900 Thread 0x000001f5863c0800 Exception <a 'java/io/FileNotFoundException'{0x0000000085f14e50}> (0x0000000085f14e50) thrown at [t:/workspace/open/src/hotspot/share/prims/jni.cpp, line 611]
Event: 7908.041 Thread 0x000001f5863c0800 Exception <a 'java/io/FileNotFoundException'{0x000000008748a1f0}> (0x000000008748a1f0) thrown at [t:/workspace/open/src/hotspot/share/prims/jni.cpp, line 611]
Event: 8363.290 Thread 0x000001f5863c0800 Exception <a 'java/io/FileNotFoundException'{0x00000000888ad1b0}> (0x00000000888ad1b0) thrown at [t:/workspace/open/src/hotspot/share/prims/jni.cpp, line 611]
Event: 8578.471 Thread 0x000001f5863c0800 Exception <a 'java/io/FileNotFoundException'{0x00000000854a1c40}> (0x00000000854a1c40) thrown at [t:/workspace/open/src/hotspot/share/prims/jni.cpp, line 611]
Event: 10901.203 Thread 0x000001f5863c0800 Exception <a 'java/lang/NoSuchMethodError'{0x00000000867228c8}: method resolution failed> (0x00000000867228c8) thrown at [t:/workspace/open/src/hotspot/share/prims/methodHandles.cpp, line 1226]
Event: 10930.487 Thread 0x000001f5863c0800 Implicit null exception at 0x000001f5f3ed42ea to 0x000001f5f3ed4bf6

Events (10 events):
Event: 12749.714 Executing VM operation: G1IncCollectionPause done
Event: 12751.567 Executing VM operation: G1IncCollectionPause
Event: 12751.668 Executing VM operation: G1IncCollectionPause done
Event: 12757.071 Executing VM operation: G1IncCollectionPause
Event: 12757.098 Executing VM operation: G1IncCollectionPause done
Event: 12759.731 Executing VM operation: G1IncCollectionPause
Event: 12759.923 Executing VM operation: G1IncCollectionPause done
Event: 12761.735 Executing VM operation: G1IncCollectionPause
Event: 12761.990 Executing VM operation: G1IncCollectionPause done
Event: 12764.261 Executing VM operation: G1IncCollectionPause


Dynamic libraries:
0x00007ff678c30000 - 0x00007ff678c6e000 	C:\Program Files\Java\jdk-10.0.2\bin\javaw.exe
0x00007ffddf640000 - 0x00007ffddf821000 	C:\Windows\SYSTEM32\ntdll.dll
0x00007ffdde220000 - 0x00007ffdde2d2000 	C:\Windows\System32\KERNEL32.DLL
0x00007ffddbae0000 - 0x00007ffddbd53000 	C:\Windows\System32\KERNELBASE.dll
0x00007ffddcc60000 - 0x00007ffddcd01000 	C:\Windows\System32\ADVAPI32.dll
0x00007ffddee60000 - 0x00007ffddeefe000 	C:\Windows\System32\msvcrt.dll
0x00007ffddcad0000 - 0x00007ffddcb2b000 	C:\Windows\System32\sechost.dll
0x00007ffddcb30000 - 0x00007ffddcc54000 	C:\Windows\System32\RPCRT4.dll
0x00007ffdde590000 - 0x00007ffdde720000 	C:\Windows\System32\USER32.dll
0x00007ffddba70000 - 0x00007ffddba90000 	C:\Windows\System32\win32u.dll
0x00007ffddf540000 - 0x00007ffddf568000 	C:\Windows\System32\GDI32.dll
0x00007ffddc570000 - 0x00007ffddc702000 	C:\Windows\System32\gdi32full.dll
0x00007ffddc840000 - 0x00007ffddc8df000 	C:\Windows\System32\msvcp_win.dll
0x00007ffddc470000 - 0x00007ffddc56a000 	C:\Windows\System32\ucrtbase.dll
0x00007ffdc8320000 - 0x00007ffdc8589000 	C:\Windows\WinSxS\amd64_microsoft.windows.common-controls_6595b64144ccf1df_6.0.17134.523_none_fb409dd930672a56\COMCTL32.dll
0x00007ffdcf1e0000 - 0x00007ffdcf1ea000 	C:\Windows\SYSTEM32\VERSION.dll
0x00007ffdde720000 - 0x00007ffddea42000 	C:\Windows\System32\combase.dll
0x00007ffddc710000 - 0x00007ffddc78a000 	C:\Windows\System32\bcryptPrimitives.dll
0x00007ffddef00000 - 0x00007ffddef2d000 	C:\Windows\System32\IMM32.DLL
0x00007ffdcdda0000 - 0x00007ffdcde8f000 	C:\Program Files\Java\jdk-10.0.2\bin\msvcr120.dll
0x00007ffdcb7d0000 - 0x00007ffdcb876000 	C:\Program Files\Java\jdk-10.0.2\bin\msvcp120.dll
0x000000005c640000 - 0x000000005d0b0000 	C:\Program Files\Java\jdk-10.0.2\bin\server\jvm.dll
0x00007ffdde2e0000 - 0x00007ffdde2e8000 	C:\Windows\System32\PSAPI.DLL
0x00007ffdced50000 - 0x00007ffdced59000 	C:\Windows\SYSTEM32\WSOCK32.dll
0x00007ffdd7c40000 - 0x00007ffdd7c63000 	C:\Windows\SYSTEM32\WINMM.dll
0x00007ffddcd10000 - 0x00007ffddcd7c000 	C:\Windows\System32\WS2_32.dll
0x00007ffdd7c10000 - 0x00007ffdd7c3a000 	C:\Windows\SYSTEM32\winmmbase.dll
0x00007ffddba90000 - 0x00007ffddbad9000 	C:\Windows\System32\cfgmgr32.dll
0x00007ffdd7ce0000 - 0x00007ffdd7cef000 	C:\Program Files\Java\jdk-10.0.2\bin\verify.dll
0x00007ffdda390000 - 0x00007ffdda559000 	C:\Windows\SYSTEM32\DBGHELP.DLL
0x00007ffdce860000 - 0x00007ffdce889000 	C:\Windows\SYSTEM32\dbgcore.DLL
0x00007ffdd16e0000 - 0x00007ffdd1707000 	C:\Program Files\Java\jdk-10.0.2\bin\java.dll
0x00007ffdd16a0000 - 0x00007ffdd16b6000 	C:\Program Files\Java\jdk-10.0.2\bin\zip.dll
0x00007ffdd6d00000 - 0x00007ffdd6d0a000 	C:\Program Files\Java\jdk-10.0.2\bin\jimage.dll
0x00007ffddcd80000 - 0x00007ffdde1c0000 	C:\Windows\System32\SHELL32.dll
0x00007ffdde4e0000 - 0x00007ffdde589000 	C:\Windows\System32\shcore.dll
0x00007ffddbd60000 - 0x00007ffddc46d000 	C:\Windows\System32\windows.storage.dll
0x00007ffdde1c0000 - 0x00007ffdde211000 	C:\Windows\System32\shlwapi.dll
0x00007ffddb9b0000 - 0x00007ffddb9c1000 	C:\Windows\System32\kernel.appcore.dll
0x00007ffddb9d0000 - 0x00007ffddb9ef000 	C:\Windows\System32\profapi.dll
0x00007ffddb960000 - 0x00007ffddb9ac000 	C:\Windows\System32\powrprof.dll
0x00007ffddb950000 - 0x00007ffddb95a000 	C:\Windows\System32\FLTLIB.DLL
0x00007ffdd0690000 - 0x00007ffdd06aa000 	C:\Program Files\Java\jdk-10.0.2\bin\net.dll
0x00007ffdd21a0000 - 0x00007ffdd227d000 	C:\Windows\SYSTEM32\WINHTTP.dll
0x00007ffddb170000 - 0x00007ffddb1d6000 	C:\Windows\system32\mswsock.dll
0x00007ffdcded0000 - 0x00007ffdcdee1000 	C:\Program Files\Java\jdk-10.0.2\bin\nio.dll
0x00007ffddb320000 - 0x00007ffddb337000 	C:\Windows\SYSTEM32\CRYPTSP.dll
0x00007ffddad50000 - 0x00007ffddad83000 	C:\Windows\system32\rsaenh.dll
0x00007ffddb450000 - 0x00007ffddb475000 	C:\Windows\SYSTEM32\bcrypt.dll
0x00007ffddb880000 - 0x00007ffddb8a8000 	C:\Windows\SYSTEM32\USERENV.dll
0x00007ffddb340000 - 0x00007ffddb34b000 	C:\Windows\SYSTEM32\CRYPTBASE.dll
0x00007ffddaef0000 - 0x00007ffddaf28000 	C:\Windows\SYSTEM32\IPHLPAPI.DLL
0x00007ffddf530000 - 0x00007ffddf538000 	C:\Windows\System32\NSI.dll
0x00007ffdd22f0000 - 0x00007ffdd2306000 	C:\Windows\SYSTEM32\dhcpcsvc6.DLL
0x00007ffdd23e0000 - 0x00007ffdd23fa000 	C:\Windows\SYSTEM32\dhcpcsvc.DLL
0x00007ffdd1810000 - 0x00007ffdd181a000 	C:\Users\admin\AppData\Local\Temp\jansi-1.17-17017003999921125803.dll
0x00007ffdd1800000 - 0x00007ffdd180a000 	C:\Users\admin\AppData\Local\Temp\jansi-1.17-3390646051575495045.dll
0x00007ffdd6d10000 - 0x00007ffdd6d19000 	C:\Program Files\Java\jdk-10.0.2\bin\management.dll
0x00007ffdd1640000 - 0x00007ffdd164a000 	C:\Program Files\Java\jdk-10.0.2\bin\management_ext.dll

dbghelp: loaded successfully - version: 4.0.5 - missing functions: none
symbol engine: initialized successfully - sym options: 0x614 - pdb path: .;C:\Program Files\Java\jdk-10.0.2\bin;C:\Windows\SYSTEM32;C:\Windows\WinSxS\amd64_microsoft.windows.common-controls_6595b64144ccf1df_6.0.17134.523_none_fb409dd930672a56;C:\Program Files\Java\jdk-10.0.2\bin\server;C:\Users\admin\AppData\Local\Temp

VM Arguments:
jvm_args: -Dmaven.home=EMBEDDED -Dclassworlds.conf=C:\Users\admin\eclipse-workspace\.metadata\.plugins\org.eclipse.m2e.launching\launches\m2conf11394913761846130378.tmp -Dmaven.multiModuleProjectDirectory=C:\Users\admin\eclipse-workspace\TicketManagementSystem -Dfile.encoding=Cp1252 
java_command: org.codehaus.plexus.classworlds.launcher.Launcher -B tomcat7:run
java_class_path (initial): C:\Users\admin\Desktop\eclipse\plugins\org.eclipse.m2e.maven.runtime_1.10.0.20181127-2120\jars\plexus-classworlds-2.5.2.jar
Launcher Type: SUN_STANDARD

Logging:
Log output configuration:
#0: stdout all=warning uptime,level,tags
#1: stderr all=off uptime,level,tags

Environment Variables:
JAVA_HOME=C:\Program Files\Java\jdk-9.0.1
PATH=C:\Program Files (x86)\Common Files\Oracle\Java\javapath;C:\Windows\system32;C:\Windows;C:\Windows\System32\Wbem;C:\Windows\System32\WindowsPowerShell\v1.0\;C:\Windows\System32\OpenSSH\;C:\TDM-GCC-64\bin;C:\Program Files\Java\jdk-10.0.2\bin;C:\Users\admin\AppData\Local\Microsoft\WindowsApps;
USERNAME=admin
OS=Windows_NT
PROCESSOR_IDENTIFIER=Intel64 Family 6 Model 142 Stepping 10, GenuineIntel



---------------  S Y S T E M  ---------------

OS: Windows 10 , 64 bit Build 17134 (10.0.17134.1)

CPU:total 8 (initial active 8) (4 cores per cpu, 2 threads per core) family 6 model 142 stepping 10, cmov, cx8, fxsr, mmx, sse, sse2, sse3, ssse3, sse4.1, sse4.2, popcnt, avx, avx2, aes, clmul, erms, 3dnowpref, lzcnt, ht, tsc, tscinvbit, bmi1, bmi2, adx, fma

Memory: 4k page, physical 8303440k(640188k free), swap 28574156k(46276k free)

vm_info: Java HotSpot(TM) 64-Bit Server VM (10.0.2+13) for windows-amd64 JRE (10.0.2+13), built on Jun 28 2018 01:57:56 by "mach5one" with MS VC++ 12.0 (VS2013)

END.
